mode: set
github.com/w-k-s/McMicroservices/kitchen-service/internal/server/health_handler.go:18.58,19.15 1 0
github.com/w-k-s/McMicroservices/kitchen-service/internal/server/health_handler.go:22.2,22.42 1 0
github.com/w-k-s/McMicroservices/kitchen-service/internal/server/health_handler.go:19.15,21.3 1 0
github.com/w-k-s/McMicroservices/kitchen-service/internal/server/health_handler.go:25.50,27.16 2 0
github.com/w-k-s/McMicroservices/kitchen-service/internal/server/health_handler.go:30.2,30.16 1 0
github.com/w-k-s/McMicroservices/kitchen-service/internal/server/health_handler.go:27.16,29.3 1 0
github.com/w-k-s/McMicroservices/kitchen-service/internal/server/health_handler.go:33.78,39.2 3 0
github.com/w-k-s/McMicroservices/kitchen-service/internal/server/health_handler.go:41.54,47.47 2 0
github.com/w-k-s/McMicroservices/kitchen-service/internal/server/health_handler.go:52.2,52.11 1 0
github.com/w-k-s/McMicroservices/kitchen-service/internal/server/health_handler.go:47.47,50.3 2 0
github.com/w-k-s/McMicroservices/kitchen-service/internal/server/health_handler.go:62.33,63.13 1 1
github.com/w-k-s/McMicroservices/kitchen-service/internal/server/health_handler.go:66.2,66.15 1 1
github.com/w-k-s/McMicroservices/kitchen-service/internal/server/health_handler.go:63.13,65.3 1 1
github.com/w-k-s/McMicroservices/kitchen-service/internal/server/health_handler.go:69.47,70.11 1 1
github.com/w-k-s/McMicroservices/kitchen-service/internal/server/health_handler.go:71.10,72.14 1 1
github.com/w-k-s/McMicroservices/kitchen-service/internal/server/health_handler.go:73.12,74.34 1 1
github.com/w-k-s/McMicroservices/kitchen-service/internal/server/health_handler.go:75.10,76.50 1 0
github.com/w-k-s/McMicroservices/kitchen-service/internal/server/health_handler.go:80.48,82.48 2 0
github.com/w-k-s/McMicroservices/kitchen-service/internal/server/health_handler.go:85.2,85.13 1 0
github.com/w-k-s/McMicroservices/kitchen-service/internal/server/health_handler.go:93.2,93.12 1 0
github.com/w-k-s/McMicroservices/kitchen-service/internal/server/health_handler.go:82.48,84.3 1 0
github.com/w-k-s/McMicroservices/kitchen-service/internal/server/health_handler.go:86.12,87.10 1 0
github.com/w-k-s/McMicroservices/kitchen-service/internal/server/health_handler.go:88.14,89.12 1 0
github.com/w-k-s/McMicroservices/kitchen-service/internal/server/health_handler.go:90.10,91.47 1 0
github.com/w-k-s/McMicroservices/kitchen-service/internal/server/health_handler.go:96.32,97.11 1 1
github.com/w-k-s/McMicroservices/kitchen-service/internal/server/health_handler.go:98.10,99.23 1 1
github.com/w-k-s/McMicroservices/kitchen-service/internal/server/health_handler.go:100.10,101.40 1 1
github.com/w-k-s/McMicroservices/kitchen-service/internal/server/health_handler.go:107.51,109.32 2 1
github.com/w-k-s/McMicroservices/kitchen-service/internal/server/health_handler.go:112.2,112.16 1 1
github.com/w-k-s/McMicroservices/kitchen-service/internal/server/health_handler.go:109.32,111.3 1 1
github.com/w-k-s/McMicroservices/kitchen-service/internal/server/stock_handler.go:27.88,39.2 4 0
github.com/w-k-s/McMicroservices/kitchen-service/internal/server/stock_handler.go:41.37,43.42 2 0
github.com/w-k-s/McMicroservices/kitchen-service/internal/server/stock_handler.go:46.2,47.12 2 0
github.com/w-k-s/McMicroservices/kitchen-service/internal/server/stock_handler.go:43.42,45.3 1 0
github.com/w-k-s/McMicroservices/kitchen-service/internal/server/stock_handler.go:50.74,57.64 2 0
github.com/w-k-s/McMicroservices/kitchen-service/internal/server/stock_handler.go:62.2,62.42 1 0
github.com/w-k-s/McMicroservices/kitchen-service/internal/server/stock_handler.go:57.64,60.3 2 0
github.com/w-k-s/McMicroservices/kitchen-service/internal/server/stock_handler.go:65.73,70.84 2 0
github.com/w-k-s/McMicroservices/kitchen-service/internal/server/stock_handler.go:78.2,80.42 3 0
github.com/w-k-s/McMicroservices/kitchen-service/internal/server/stock_handler.go:90.2,90.12 1 0
github.com/w-k-s/McMicroservices/kitchen-service/internal/server/stock_handler.go:70.84,73.3 2 0
github.com/w-k-s/McMicroservices/kitchen-service/internal/server/stock_handler.go:80.42,82.40 2 0
github.com/w-k-s/McMicroservices/kitchen-service/internal/server/stock_handler.go:82.40,83.39 1 0
github.com/w-k-s/McMicroservices/kitchen-service/internal/server/stock_handler.go:83.39,85.5 1 0
github.com/w-k-s/McMicroservices/kitchen-service/internal/server/stock_handler.go:90.12,91.7 1 0
github.com/w-k-s/McMicroservices/kitchen-service/internal/server/stock_handler.go:91.7,92.11 1 0
github.com/w-k-s/McMicroservices/kitchen-service/internal/server/stock_handler.go:93.22,94.11 1 0
github.com/w-k-s/McMicroservices/kitchen-service/internal/server/stock_handler.go:95.37,97.13 2 0
github.com/w-k-s/McMicroservices/kitchen-service/internal/server/stock_handler.go:103.77,113.64 5 0
github.com/w-k-s/McMicroservices/kitchen-service/internal/server/stock_handler.go:118.2,118.99 1 0
github.com/w-k-s/McMicroservices/kitchen-service/internal/server/stock_handler.go:123.2,124.8 2 0
github.com/w-k-s/McMicroservices/kitchen-service/internal/server/stock_handler.go:113.64,116.3 2 0
github.com/w-k-s/McMicroservices/kitchen-service/internal/server/stock_handler.go:118.99,121.3 2 0
github.com/w-k-s/McMicroservices/kitchen-service/pkg/persistence/dao.go:25.50,26.15 1 0
github.com/w-k-s/McMicroservices/kitchen-service/pkg/persistence/dao.go:29.2,29.62 1 0
github.com/w-k-s/McMicroservices/kitchen-service/pkg/persistence/dao.go:26.15,28.3 1 0
github.com/w-k-s/McMicroservices/kitchen-service/pkg/persistence/dao.go:29.62,31.3 1 0
github.com/w-k-s/McMicroservices/kitchen-service/pkg/persistence/dao.go:34.33,35.15 1 0
github.com/w-k-s/McMicroservices/kitchen-service/pkg/persistence/dao.go:38.2,38.60 1 0
github.com/w-k-s/McMicroservices/kitchen-service/pkg/persistence/dao.go:41.2,41.12 1 0
github.com/w-k-s/McMicroservices/kitchen-service/pkg/persistence/dao.go:35.15,37.3 1 0
github.com/w-k-s/McMicroservices/kitchen-service/pkg/persistence/dao.go:38.60,40.3 1 0
github.com/w-k-s/McMicroservices/kitchen-service/pkg/services/order_service.go:19.57,21.39 2 0
github.com/w-k-s/McMicroservices/kitchen-service/pkg/services/order_service.go:24.2,24.41 1 0
github.com/w-k-s/McMicroservices/kitchen-service/pkg/services/order_service.go:21.39,23.3 1 0
github.com/w-k-s/McMicroservices/kitchen-service/pkg/services/order_service.go:42.66,43.21 1 0
github.com/w-k-s/McMicroservices/kitchen-service/pkg/services/order_service.go:47.2,49.8 1 0
github.com/w-k-s/McMicroservices/kitchen-service/pkg/services/order_service.go:43.21,45.3 1 0
github.com/w-k-s/McMicroservices/kitchen-service/pkg/services/order_service.go:52.58,57.54 2 0
github.com/w-k-s/McMicroservices/kitchen-service/pkg/services/order_service.go:60.2,60.12 1 0
github.com/w-k-s/McMicroservices/kitchen-service/pkg/services/order_service.go:57.54,59.3 1 0
github.com/w-k-s/McMicroservices/kitchen-service/pkg/services/order_service.go:66.100,75.16 4 0
github.com/w-k-s/McMicroservices/kitchen-service/pkg/services/order_service.go:79.2,87.39 3 0
github.com/w-k-s/McMicroservices/kitchen-service/pkg/services/order_service.go:94.2,95.16 2 0
github.com/w-k-s/McMicroservices/kitchen-service/pkg/services/order_service.go:100.2,100.37 1 0
github.com/w-k-s/McMicroservices/kitchen-service/pkg/services/order_service.go:106.2,109.64 3 0
github.com/w-k-s/McMicroservices/kitchen-service/pkg/services/order_service.go:75.16,77.3 1 0
github.com/w-k-s/McMicroservices/kitchen-service/pkg/services/order_service.go:87.39,88.57 1 0
github.com/w-k-s/McMicroservices/kitchen-service/pkg/services/order_service.go:91.3,91.30 1 0
github.com/w-k-s/McMicroservices/kitchen-service/pkg/services/order_service.go:88.57,90.4 1 0
github.com/w-k-s/McMicroservices/kitchen-service/pkg/services/order_service.go:95.16,98.3 2 0
github.com/w-k-s/McMicroservices/kitchen-service/pkg/services/order_service.go:100.37,103.3 2 0
github.com/w-k-s/McMicroservices/kitchen-service/test/await.go:27.49,31.2 1 0
github.com/w-k-s/McMicroservices/kitchen-service/test/await.go:33.60,36.2 2 0
github.com/w-k-s/McMicroservices/kitchen-service/test/await.go:38.60,41.2 2 0
github.com/w-k-s/McMicroservices/kitchen-service/test/await.go:43.24,48.12 4 0
github.com/w-k-s/McMicroservices/kitchen-service/test/await.go:53.2,53.12 1 0
github.com/w-k-s/McMicroservices/kitchen-service/test/await.go:68.2,68.11 1 0
github.com/w-k-s/McMicroservices/kitchen-service/test/await.go:48.12,51.3 2 0
github.com/w-k-s/McMicroservices/kitchen-service/test/await.go:53.12,54.7 1 0
github.com/w-k-s/McMicroservices/kitchen-service/test/await.go:54.7,55.11 1 0
github.com/w-k-s/McMicroservices/kitchen-service/test/await.go:56.19,58.11 2 0
github.com/w-k-s/McMicroservices/kitchen-service/test/await.go:59.20,60.22 1 0
github.com/w-k-s/McMicroservices/kitchen-service/test/await.go:60.22,63.6 2 0
github.com/w-k-s/McMicroservices/kitchen-service/internal/config/config_db.go:15.48,25.2 1 0
github.com/w-k-s/McMicroservices/kitchen-service/internal/config/config_db.go:27.37,29.2 1 0
github.com/w-k-s/McMicroservices/kitchen-service/internal/config/config_db.go:31.37,33.2 1 0
github.com/w-k-s/McMicroservices/kitchen-service/internal/config/config_db.go:35.33,37.2 1 0
github.com/w-k-s/McMicroservices/kitchen-service/internal/config/config_db.go:39.30,41.2 1 0
github.com/w-k-s/McMicroservices/kitchen-service/internal/config/config_db.go:43.33,45.2 1 0
github.com/w-k-s/McMicroservices/kitchen-service/internal/config/config_db.go:47.35,49.2 1 0
github.com/w-k-s/McMicroservices/kitchen-service/internal/config/config_db.go:51.36,53.2 1 0
github.com/w-k-s/McMicroservices/kitchen-service/internal/config/config_db.go:55.39,57.2 1 0
github.com/w-k-s/McMicroservices/kitchen-service/internal/config/config_db.go:59.47,60.30 1 0
github.com/w-k-s/McMicroservices/kitchen-service/internal/config/config_db.go:63.2,63.23 1 0
github.com/w-k-s/McMicroservices/kitchen-service/internal/config/config_db.go:60.30,62.3 1 0
github.com/w-k-s/McMicroservices/kitchen-service/internal/config/config_db.go:66.45,75.2 1 0
github.com/w-k-s/McMicroservices/kitchen-service/internal/config/config_db.go:87.44,92.2 1 0
github.com/w-k-s/McMicroservices/kitchen-service/internal/config/config_db.go:94.73,97.2 2 0
github.com/w-k-s/McMicroservices/kitchen-service/internal/config/config_db.go:99.73,102.2 2 0
github.com/w-k-s/McMicroservices/kitchen-service/internal/config/config_db.go:104.65,107.2 2 0
github.com/w-k-s/McMicroservices/kitchen-service/internal/config/config_db.go:109.62,112.2 2 0
github.com/w-k-s/McMicroservices/kitchen-service/internal/config/config_db.go:114.65,117.2 2 0
github.com/w-k-s/McMicroservices/kitchen-service/internal/config/config_db.go:119.71,122.2 2 0
github.com/w-k-s/McMicroservices/kitchen-service/internal/config/config_db.go:124.87,127.2 2 0
github.com/w-k-s/McMicroservices/kitchen-service/internal/config/config_db.go:129.44,131.2 1 0
github.com/w-k-s/McMicroservices/kitchen-service/pkg/kitchen/stock.go:21.63,28.77 2 0
github.com/w-k-s/McMicroservices/kitchen-service/pkg/kitchen/stock.go:32.2,35.8 1 0
github.com/w-k-s/McMicroservices/kitchen-service/pkg/kitchen/stock.go:28.77,30.3 1 0
github.com/w-k-s/McMicroservices/kitchen-service/pkg/kitchen/stock.go:38.48,39.16 1 0
github.com/w-k-s/McMicroservices/kitchen-service/pkg/kitchen/stock.go:42.2,42.13 1 0
github.com/w-k-s/McMicroservices/kitchen-service/pkg/kitchen/stock.go:39.16,41.3 1 0
github.com/w-k-s/McMicroservices/kitchen-service/pkg/kitchen/stock.go:45.70,47.2 1 0
github.com/w-k-s/McMicroservices/kitchen-service/pkg/kitchen/stock.go:49.34,51.2 1 0
github.com/w-k-s/McMicroservices/kitchen-service/pkg/kitchen/stock.go:53.33,55.2 1 0
github.com/w-k-s/McMicroservices/kitchen-service/pkg/kitchen/stock.go:57.36,59.2 1 0
github.com/w-k-s/McMicroservices/kitchen-service/pkg/kitchen/stock.go:63.37,63.55 1 0
github.com/w-k-s/McMicroservices/kitchen-service/pkg/kitchen/stock.go:64.37,64.68 1 0
github.com/w-k-s/McMicroservices/kitchen-service/pkg/kitchen/stock.go:65.37,65.75 1 0
github.com/w-k-s/McMicroservices/kitchen-service/pkg/services/stock_service.go:41.66,42.21 1 0
github.com/w-k-s/McMicroservices/kitchen-service/pkg/services/stock_service.go:46.2,48.8 1 0
github.com/w-k-s/McMicroservices/kitchen-service/pkg/services/stock_service.go:42.21,44.3 1 0
github.com/w-k-s/McMicroservices/kitchen-service/pkg/services/stock_service.go:51.58,56.54 2 0
github.com/w-k-s/McMicroservices/kitchen-service/pkg/services/stock_service.go:59.2,59.12 1 0
github.com/w-k-s/McMicroservices/kitchen-service/pkg/services/stock_service.go:56.54,58.3 1 0
github.com/w-k-s/McMicroservices/kitchen-service/pkg/services/stock_service.go:62.80,70.16 3 0
github.com/w-k-s/McMicroservices/kitchen-service/pkg/services/stock_service.go:74.2,77.16 3 0
github.com/w-k-s/McMicroservices/kitchen-service/pkg/services/stock_service.go:81.2,81.37 1 0
github.com/w-k-s/McMicroservices/kitchen-service/pkg/services/stock_service.go:85.2,87.29 3 0
github.com/w-k-s/McMicroservices/kitchen-service/pkg/services/stock_service.go:91.2,91.34 1 0
github.com/w-k-s/McMicroservices/kitchen-service/pkg/services/stock_service.go:70.16,72.3 1 0
github.com/w-k-s/McMicroservices/kitchen-service/pkg/services/stock_service.go:77.16,79.3 1 0
github.com/w-k-s/McMicroservices/kitchen-service/pkg/services/stock_service.go:81.37,83.3 1 0
github.com/w-k-s/McMicroservices/kitchen-service/pkg/services/stock_service.go:87.29,89.3 1 0
github.com/w-k-s/McMicroservices/kitchen-service/pkg/services/stock_service.go:94.89,101.16 3 0
github.com/w-k-s/McMicroservices/kitchen-service/pkg/services/stock_service.go:105.2,108.40 3 0
github.com/w-k-s/McMicroservices/kitchen-service/pkg/services/stock_service.go:116.2,117.16 2 0
github.com/w-k-s/McMicroservices/kitchen-service/pkg/services/stock_service.go:121.2,121.37 1 0
github.com/w-k-s/McMicroservices/kitchen-service/pkg/services/stock_service.go:125.2,125.12 1 0
github.com/w-k-s/McMicroservices/kitchen-service/pkg/services/stock_service.go:101.16,103.3 1 0
github.com/w-k-s/McMicroservices/kitchen-service/pkg/services/stock_service.go:108.40,110.87 2 0
github.com/w-k-s/McMicroservices/kitchen-service/pkg/services/stock_service.go:113.3,113.41 1 0
github.com/w-k-s/McMicroservices/kitchen-service/pkg/services/stock_service.go:110.87,112.4 1 0
github.com/w-k-s/McMicroservices/kitchen-service/pkg/services/stock_service.go:117.16,119.3 1 0
github.com/w-k-s/McMicroservices/kitchen-service/pkg/services/stock_service.go:121.37,123.3 1 0
github.com/w-k-s/McMicroservices/kitchen-service/internal/persistence/migrations.go:16.61,20.35 3 0
github.com/w-k-s/McMicroservices/kitchen-service/internal/persistence/migrations.go:24.2,33.17 2 0
github.com/w-k-s/McMicroservices/kitchen-service/internal/persistence/migrations.go:37.2,37.108 1 0
github.com/w-k-s/McMicroservices/kitchen-service/internal/persistence/migrations.go:41.2,41.69 1 0
github.com/w-k-s/McMicroservices/kitchen-service/internal/persistence/migrations.go:45.2,45.12 1 0
github.com/w-k-s/McMicroservices/kitchen-service/internal/persistence/migrations.go:20.35,22.3 1 0
github.com/w-k-s/McMicroservices/kitchen-service/internal/persistence/migrations.go:33.17,35.3 1 0
github.com/w-k-s/McMicroservices/kitchen-service/internal/persistence/migrations.go:37.108,39.3 1 0
github.com/w-k-s/McMicroservices/kitchen-service/internal/persistence/migrations.go:41.69,43.3 1 0
github.com/w-k-s/McMicroservices/kitchen-service/internal/persistence/migrations.go:48.61,49.54 1 0
github.com/w-k-s/McMicroservices/kitchen-service/internal/persistence/migrations.go:52.2,52.34 1 0
github.com/w-k-s/McMicroservices/kitchen-service/internal/persistence/migrations.go:49.54,51.3 1 0
github.com/w-k-s/McMicroservices/kitchen-service/internal/server/application.go:25.52,29.2 1 0
github.com/w-k-s/McMicroservices/kitchen-service/internal/server/application.go:31.77,34.2 2 0
github.com/w-k-s/McMicroservices/kitchen-service/internal/server/application.go:36.62,37.30 1 0
github.com/w-k-s/McMicroservices/kitchen-service/internal/server/application.go:40.2,40.26 1 0
github.com/w-k-s/McMicroservices/kitchen-service/internal/server/application.go:37.30,39.3 1 0
github.com/w-k-s/McMicroservices/kitchen-service/internal/server/application.go:43.77,46.2 2 0
github.com/w-k-s/McMicroservices/kitchen-service/internal/server/application.go:48.62,49.30 1 0
github.com/w-k-s/McMicroservices/kitchen-service/internal/server/application.go:52.2,52.26 1 0
github.com/w-k-s/McMicroservices/kitchen-service/internal/server/application.go:49.30,51.3 1 0
github.com/w-k-s/McMicroservices/kitchen-service/internal/server/application.go:55.44,57.2 1 0
github.com/w-k-s/McMicroservices/kitchen-service/internal/server/application.go:72.38,74.2 1 0
github.com/w-k-s/McMicroservices/kitchen-service/internal/server/application.go:76.42,77.21 1 0
github.com/w-k-s/McMicroservices/kitchen-service/internal/server/application.go:81.2,97.17 8 0
github.com/w-k-s/McMicroservices/kitchen-service/internal/server/application.go:77.21,79.3 1 0
github.com/w-k-s/McMicroservices/kitchen-service/internal/server/application.go:100.37,101.16 1 0
github.com/w-k-s/McMicroservices/kitchen-service/internal/server/application.go:104.2,104.12 1 0
github.com/w-k-s/McMicroservices/kitchen-service/internal/server/application.go:101.16,103.3 1 0
github.com/w-k-s/McMicroservices/kitchen-service/internal/server/application.go:107.34,116.12 2 0
github.com/w-k-s/McMicroservices/kitchen-service/internal/server/application.go:123.2,131.45 6 0
github.com/w-k-s/McMicroservices/kitchen-service/internal/server/application.go:116.12,117.49 1 0
github.com/w-k-s/McMicroservices/kitchen-service/internal/server/application.go:117.49,119.4 1 0
github.com/w-k-s/McMicroservices/kitchen-service/internal/server/application.go:131.45,133.3 1 0
github.com/w-k-s/McMicroservices/kitchen-service/internal/server/application.go:136.38,138.2 1 0
github.com/w-k-s/McMicroservices/kitchen-service/internal/server/application.go:140.25,141.15 1 0
github.com/w-k-s/McMicroservices/kitchen-service/internal/server/application.go:146.2,146.52 1 0
github.com/w-k-s/McMicroservices/kitchen-service/internal/server/application.go:149.2,149.52 1 0
github.com/w-k-s/McMicroservices/kitchen-service/internal/server/application.go:152.2,152.41 1 0
github.com/w-k-s/McMicroservices/kitchen-service/internal/server/application.go:141.15,142.31 1 0
github.com/w-k-s/McMicroservices/kitchen-service/internal/server/application.go:142.31,144.4 1 0
github.com/w-k-s/McMicroservices/kitchen-service/internal/server/application.go:146.52,148.3 1 0
github.com/w-k-s/McMicroservices/kitchen-service/internal/server/application.go:149.52,151.3 1 0
github.com/w-k-s/McMicroservices/kitchen-service/internal/server/application.go:152.41,154.3 1 0
github.com/w-k-s/McMicroservices/kitchen-service/internal/server/application.go:157.42,162.2 2 0
github.com/w-k-s/McMicroservices/kitchen-service/internal/server/application.go:164.41,175.2 5 0
github.com/w-k-s/McMicroservices/kitchen-service/internal/server/application.go:177.41,185.2 3 0
github.com/w-k-s/McMicroservices/kitchen-service/internal/server/handler.go:16.83,20.42 4 0
github.com/w-k-s/McMicroservices/kitchen-service/internal/server/handler.go:20.42,22.3 1 0
github.com/w-k-s/McMicroservices/kitchen-service/internal/server/handler.go:25.107,28.42 3 0
github.com/w-k-s/McMicroservices/kitchen-service/internal/server/handler.go:32.2,32.13 1 0
github.com/w-k-s/McMicroservices/kitchen-service/internal/server/handler.go:28.42,31.3 2 0
github.com/w-k-s/McMicroservices/kitchen-service/internal/server/handler.go:35.89,45.40 7 0
github.com/w-k-s/McMicroservices/kitchen-service/internal/server/handler.go:56.2,64.35 1 0
github.com/w-k-s/McMicroservices/kitchen-service/internal/server/handler.go:45.40,51.46 5 0
github.com/w-k-s/McMicroservices/kitchen-service/internal/server/handler.go:51.46,53.4 1 0
github.com/w-k-s/McMicroservices/kitchen-service/internal/server/handler.go:64.35,66.3 1 0
github.com/w-k-s/McMicroservices/kitchen-service/internal/server/handler.go:69.63,70.16 1 0
github.com/w-k-s/McMicroservices/kitchen-service/internal/server/handler.go:73.2,73.15 1 0
github.com/w-k-s/McMicroservices/kitchen-service/internal/server/handler.go:70.16,72.3 1 0
github.com/w-k-s/McMicroservices/kitchen-service/internal/config/config.go:25.106,44.21 3 0
github.com/w-k-s/McMicroservices/kitchen-service/internal/config/config.go:48.2,48.20 1 0
github.com/w-k-s/McMicroservices/kitchen-service/internal/config/config.go:44.21,46.3 1 0
github.com/w-k-s/McMicroservices/kitchen-service/internal/config/config.go:51.39,53.2 1 0
github.com/w-k-s/McMicroservices/kitchen-service/internal/config/config.go:55.37,57.2 1 0
github.com/w-k-s/McMicroservices/kitchen-service/internal/config/config.go:59.39,61.2 1 0
github.com/w-k-s/McMicroservices/kitchen-service/internal/config/config.go:63.46,98.61 3 0
github.com/w-k-s/McMicroservices/kitchen-service/internal/config/config.go:102.2,105.15 1 0
github.com/w-k-s/McMicroservices/kitchen-service/internal/config/config.go:109.2,132.3 1 0
github.com/w-k-s/McMicroservices/kitchen-service/internal/config/config.go:98.61,100.3 1 0
github.com/w-k-s/McMicroservices/kitchen-service/internal/config/config.go:105.15,107.3 1 0
github.com/w-k-s/McMicroservices/kitchen-service/internal/config/config.go:135.47,137.2 1 0
github.com/w-k-s/McMicroservices/kitchen-service/internal/config/config.go:139.37,141.2 1 0
github.com/w-k-s/McMicroservices/kitchen-service/internal/config/config.go:143.46,145.2 1 0
github.com/w-k-s/McMicroservices/kitchen-service/internal/config/config.go:147.40,149.2 1 0
github.com/w-k-s/McMicroservices/kitchen-service/internal/config/config.go:151.40,153.2 1 0
github.com/w-k-s/McMicroservices/kitchen-service/internal/config/config.go:155.31,157.16 2 0
github.com/w-k-s/McMicroservices/kitchen-service/internal/config/config.go:160.2,160.16 1 0
github.com/w-k-s/McMicroservices/kitchen-service/internal/config/config.go:157.16,159.3 1 0
github.com/w-k-s/McMicroservices/kitchen-service/internal/config/config.go:165.73,168.16 3 0
github.com/w-k-s/McMicroservices/kitchen-service/internal/config/config.go:171.2,171.24 1 0
github.com/w-k-s/McMicroservices/kitchen-service/internal/config/config.go:168.16,170.3 1 0
github.com/w-k-s/McMicroservices/kitchen-service/internal/config/config.go:174.96,175.30 1 0
github.com/w-k-s/McMicroservices/kitchen-service/internal/config/config.go:179.2,179.50 1 0
github.com/w-k-s/McMicroservices/kitchen-service/internal/config/config.go:183.2,183.48 1 0
github.com/w-k-s/McMicroservices/kitchen-service/internal/config/config.go:194.2,194.72 1 0
github.com/w-k-s/McMicroservices/kitchen-service/internal/config/config.go:175.30,177.3 1 0
github.com/w-k-s/McMicroservices/kitchen-service/internal/config/config.go:179.50,181.3 1 0
github.com/w-k-s/McMicroservices/kitchen-service/internal/config/config.go:183.48,188.91 2 0
github.com/w-k-s/McMicroservices/kitchen-service/internal/config/config.go:191.3,191.39 1 0
github.com/w-k-s/McMicroservices/kitchen-service/internal/config/config.go:188.91,190.4 1 0
github.com/w-k-s/McMicroservices/kitchen-service/internal/config/config.go:197.46,198.16 1 0
github.com/w-k-s/McMicroservices/kitchen-service/internal/config/config.go:201.2,201.15 1 0
github.com/w-k-s/McMicroservices/kitchen-service/internal/config/config.go:198.16,200.3 1 0
github.com/w-k-s/McMicroservices/kitchen-service/internal/config/config.go:204.31,207.61 3 0
github.com/w-k-s/McMicroservices/kitchen-service/internal/config/config.go:211.2,211.88 1 0
github.com/w-k-s/McMicroservices/kitchen-service/internal/config/config.go:214.2,225.12 4 0
github.com/w-k-s/McMicroservices/kitchen-service/internal/config/config.go:207.61,209.3 1 0
github.com/w-k-s/McMicroservices/kitchen-service/internal/config/config.go:211.88,213.3 1 0
github.com/w-k-s/McMicroservices/kitchen-service/internal/config/config.go:233.69,234.23 1 0
github.com/w-k-s/McMicroservices/kitchen-service/internal/config/config.go:237.2,237.33 1 0
github.com/w-k-s/McMicroservices/kitchen-service/internal/config/config.go:234.23,236.3 1 0
github.com/w-k-s/McMicroservices/kitchen-service/internal/config/config.go:237.33,238.23 1 0
github.com/w-k-s/McMicroservices/kitchen-service/internal/config/config.go:238.23,240.4 1 0
github.com/w-k-s/McMicroservices/kitchen-service/internal/config/config_broker.go:18.52,20.2 1 0
github.com/w-k-s/McMicroservices/kitchen-service/internal/config/config_broker.go:22.50,23.31 1 0
github.com/w-k-s/McMicroservices/kitchen-service/internal/config/config_broker.go:26.2,26.28 1 0
github.com/w-k-s/McMicroservices/kitchen-service/internal/config/config_broker.go:23.31,25.3 1 0
github.com/w-k-s/McMicroservices/kitchen-service/internal/config/config_broker.go:29.56,31.2 1 0
github.com/w-k-s/McMicroservices/kitchen-service/internal/config/config_broker.go:33.56,35.2 1 0
github.com/w-k-s/McMicroservices/kitchen-service/internal/config/config_broker.go:41.16,48.2 1 0
github.com/w-k-s/McMicroservices/kitchen-service/internal/config/config_broker.go:62.66,63.42 1 0
github.com/w-k-s/McMicroservices/kitchen-service/internal/config/config_broker.go:64.24,65.18 1 0
github.com/w-k-s/McMicroservices/kitchen-service/internal/config/config_broker.go:66.22,67.16 1 0
github.com/w-k-s/McMicroservices/kitchen-service/internal/config/config_broker.go:68.10,69.90 1 0
github.com/w-k-s/McMicroservices/kitchen-service/internal/config/config_broker.go:73.87,79.21 2 0
github.com/w-k-s/McMicroservices/kitchen-service/internal/config/config_broker.go:83.2,86.7 1 0
github.com/w-k-s/McMicroservices/kitchen-service/internal/config/config_broker.go:79.21,81.3 1 0
github.com/w-k-s/McMicroservices/kitchen-service/internal/config/config_broker.go:89.43,91.2 1 0
github.com/w-k-s/McMicroservices/kitchen-service/internal/config/config_broker.go:93.60,95.2 1 0
github.com/w-k-s/McMicroservices/kitchen-service/internal/config/config_broker.go:100.41,102.2 1 0
github.com/w-k-s/McMicroservices/kitchen-service/pkg/kitchen/errors.go:37.34,40.39 3 0
github.com/w-k-s/McMicroservices/kitchen-service/pkg/kitchen/errors.go:43.2,43.13 1 0
github.com/w-k-s/McMicroservices/kitchen-service/pkg/kitchen/errors.go:40.39,42.3 1 0
github.com/w-k-s/McMicroservices/kitchen-service/pkg/kitchen/errors.go:46.33,47.11 1 0
github.com/w-k-s/McMicroservices/kitchen-service/pkg/kitchen/errors.go:48.27,49.14 1 0
github.com/w-k-s/McMicroservices/kitchen-service/pkg/kitchen/errors.go:50.24,51.14 1 0
github.com/w-k-s/McMicroservices/kitchen-service/pkg/kitchen/errors.go:52.28,53.31 1 0
github.com/w-k-s/McMicroservices/kitchen-service/pkg/kitchen/errors.go:55.31,56.14 1 0
github.com/w-k-s/McMicroservices/kitchen-service/pkg/kitchen/errors.go:57.24,58.14 1 0
github.com/w-k-s/McMicroservices/kitchen-service/pkg/kitchen/errors.go:59.22,60.14 1 0
github.com/w-k-s/McMicroservices/kitchen-service/pkg/kitchen/errors.go:61.18,62.14 1 0
github.com/w-k-s/McMicroservices/kitchen-service/pkg/kitchen/errors.go:63.10,64.40 1 0
github.com/w-k-s/McMicroservices/kitchen-service/pkg/kitchen/errors.go:82.41,84.2 1 0
github.com/w-k-s/McMicroservices/kitchen-service/pkg/kitchen/errors.go:86.38,88.2 1 0
github.com/w-k-s/McMicroservices/kitchen-service/pkg/kitchen/errors.go:90.39,92.2 1 0
github.com/w-k-s/McMicroservices/kitchen-service/pkg/kitchen/errors.go:94.51,96.2 1 0
github.com/w-k-s/McMicroservices/kitchen-service/pkg/kitchen/errors.go:98.40,100.2 1 0
github.com/w-k-s/McMicroservices/kitchen-service/pkg/kitchen/errors.go:102.66,109.2 1 0
github.com/w-k-s/McMicroservices/kitchen-service/pkg/kitchen/errors.go:111.102,118.2 1 0
github.com/w-k-s/McMicroservices/kitchen-service/pkg/kitchen/errors.go:120.77,121.22 1 0
github.com/w-k-s/McMicroservices/kitchen-service/pkg/kitchen/errors.go:125.2,126.47 2 0
github.com/w-k-s/McMicroservices/kitchen-service/pkg/kitchen/errors.go:130.2,131.40 2 0
github.com/w-k-s/McMicroservices/kitchen-service/pkg/kitchen/errors.go:134.2,137.14 2 0
github.com/w-k-s/McMicroservices/kitchen-service/pkg/kitchen/errors.go:121.22,123.3 1 0
github.com/w-k-s/McMicroservices/kitchen-service/pkg/kitchen/errors.go:126.47,128.3 1 0
github.com/w-k-s/McMicroservices/kitchen-service/pkg/kitchen/errors.go:131.40,133.3 1 0
github.com/w-k-s/McMicroservices/kitchen-service/internal/persistence/dao.go:18.55,24.88 2 0
github.com/w-k-s/McMicroservices/kitchen-service/internal/persistence/dao.go:28.2,32.43 4 0
github.com/w-k-s/McMicroservices/kitchen-service/internal/persistence/dao.go:35.2,35.16 1 0
github.com/w-k-s/McMicroservices/kitchen-service/internal/persistence/dao.go:24.88,26.3 1 0
github.com/w-k-s/McMicroservices/kitchen-service/internal/persistence/dao.go:32.43,34.3 1 0
github.com/w-k-s/McMicroservices/kitchen-service/internal/persistence/dao.go:38.50,43.46 2 0
github.com/w-k-s/McMicroservices/kitchen-service/internal/persistence/dao.go:46.2,46.11 1 0
github.com/w-k-s/McMicroservices/kitchen-service/internal/persistence/dao.go:43.46,45.3 1 0
github.com/w-k-s/McMicroservices/kitchen-service/internal/persistence/dao.go:49.48,55.42 2 0
github.com/w-k-s/McMicroservices/kitchen-service/internal/persistence/dao.go:58.2,58.16 1 0
github.com/w-k-s/McMicroservices/kitchen-service/internal/persistence/dao.go:55.42,57.3 1 0
github.com/w-k-s/McMicroservices/kitchen-service/internal/persistence/dao.go:61.41,67.42 2 0
github.com/w-k-s/McMicroservices/kitchen-service/internal/persistence/dao.go:70.2,70.11 1 0
github.com/w-k-s/McMicroservices/kitchen-service/internal/persistence/dao.go:67.42,69.3 1 0
github.com/w-k-s/McMicroservices/kitchen-service/internal/persistence/dao.go:73.40,74.44 1 0
github.com/w-k-s/McMicroservices/kitchen-service/internal/persistence/dao.go:83.2,94.63 4 0
github.com/w-k-s/McMicroservices/kitchen-service/internal/persistence/dao.go:97.2,97.12 1 0
github.com/w-k-s/McMicroservices/kitchen-service/internal/persistence/dao.go:74.44,76.17 2 0
github.com/w-k-s/McMicroservices/kitchen-service/internal/persistence/dao.go:80.3,80.13 1 0
github.com/w-k-s/McMicroservices/kitchen-service/internal/persistence/dao.go:76.17,79.4 2 0
github.com/w-k-s/McMicroservices/kitchen-service/internal/persistence/dao.go:94.63,96.3 1 0
github.com/w-k-s/McMicroservices/kitchen-service/internal/persistence/stock_dao.go:17.50,18.17 1 0
github.com/w-k-s/McMicroservices/kitchen-service/internal/persistence/stock_dao.go:21.2,21.41 1 0
github.com/w-k-s/McMicroservices/kitchen-service/internal/persistence/stock_dao.go:18.17,20.3 1 0
github.com/w-k-s/McMicroservices/kitchen-service/internal/persistence/stock_dao.go:24.91,27.29 2 0
github.com/w-k-s/McMicroservices/kitchen-service/internal/persistence/stock_dao.go:54.2,54.12 1 0
github.com/w-k-s/McMicroservices/kitchen-service/internal/persistence/stock_dao.go:27.29,49.17 2 0
github.com/w-k-s/McMicroservices/kitchen-service/internal/persistence/stock_dao.go:49.17,51.4 1 0
github.com/w-k-s/McMicroservices/kitchen-service/internal/persistence/stock_dao.go:57.91,64.29 2 0
github.com/w-k-s/McMicroservices/kitchen-service/internal/persistence/stock_dao.go:89.2,89.12 1 0
github.com/w-k-s/McMicroservices/kitchen-service/internal/persistence/stock_dao.go:64.29,79.17 2 0
github.com/w-k-s/McMicroservices/kitchen-service/internal/persistence/stock_dao.go:82.3,82.57 1 0
github.com/w-k-s/McMicroservices/kitchen-service/internal/persistence/stock_dao.go:85.3,85.24 1 0
github.com/w-k-s/McMicroservices/kitchen-service/internal/persistence/stock_dao.go:79.17,81.4 1 0
github.com/w-k-s/McMicroservices/kitchen-service/internal/persistence/stock_dao.go:82.57,84.4 1 0
github.com/w-k-s/McMicroservices/kitchen-service/internal/persistence/stock_dao.go:85.24,87.4 1 0
github.com/w-k-s/McMicroservices/kitchen-service/internal/persistence/stock_dao.go:92.82,106.16 3 0
github.com/w-k-s/McMicroservices/kitchen-service/internal/persistence/stock_dao.go:110.2,113.18 3 0
github.com/w-k-s/McMicroservices/kitchen-service/internal/persistence/stock_dao.go:133.2,133.19 1 0
github.com/w-k-s/McMicroservices/kitchen-service/internal/persistence/stock_dao.go:106.16,109.3 2 0
github.com/w-k-s/McMicroservices/kitchen-service/internal/persistence/stock_dao.go:113.18,119.49 2 0
github.com/w-k-s/McMicroservices/kitchen-service/internal/persistence/stock_dao.go:124.3,125.58 2 0
github.com/w-k-s/McMicroservices/kitchen-service/internal/persistence/stock_dao.go:130.3,130.30 1 0
github.com/w-k-s/McMicroservices/kitchen-service/internal/persistence/stock_dao.go:119.49,121.12 2 0
github.com/w-k-s/McMicroservices/kitchen-service/internal/persistence/stock_dao.go:125.58,127.12 2 0
github.com/w-k-s/McMicroservices/kitchen-service/cmd/server/main.go:19.13,30.2 5 1
github.com/w-k-s/McMicroservices/kitchen-service/cmd/server/main.go:32.13,43.2 5 0
github.com/w-k-s/McMicroservices/kitchen-service/internal/server/order_handler.go:37.16,49.2 4 0
github.com/w-k-s/McMicroservices/kitchen-service/internal/server/order_handler.go:51.38,56.2 1 0
github.com/w-k-s/McMicroservices/kitchen-service/internal/server/order_handler.go:58.69,64.79 3 0
github.com/w-k-s/McMicroservices/kitchen-service/internal/server/order_handler.go:72.2,74.42 3 0
github.com/w-k-s/McMicroservices/kitchen-service/internal/server/order_handler.go:85.2,85.12 1 0
github.com/w-k-s/McMicroservices/kitchen-service/internal/server/order_handler.go:64.79,67.3 2 0
github.com/w-k-s/McMicroservices/kitchen-service/internal/server/order_handler.go:74.42,77.40 3 0
github.com/w-k-s/McMicroservices/kitchen-service/internal/server/order_handler.go:77.40,78.39 1 0
github.com/w-k-s/McMicroservices/kitchen-service/internal/server/order_handler.go:78.39,80.5 1 0
github.com/w-k-s/McMicroservices/kitchen-service/internal/server/order_handler.go:85.12,86.7 1 0
github.com/w-k-s/McMicroservices/kitchen-service/internal/server/order_handler.go:86.7,87.11 1 0
github.com/w-k-s/McMicroservices/kitchen-service/internal/server/order_handler.go:88.22,89.11 1 0
github.com/w-k-s/McMicroservices/kitchen-service/internal/server/order_handler.go:90.37,92.13 2 0
github.com/w-k-s/McMicroservices/kitchen-service/internal/server/order_handler.go:98.97,108.53 5 0
github.com/w-k-s/McMicroservices/kitchen-service/internal/server/order_handler.go:114.2,114.86 1 0
github.com/w-k-s/McMicroservices/kitchen-service/internal/server/order_handler.go:117.2,117.69 1 0
github.com/w-k-s/McMicroservices/kitchen-service/internal/server/order_handler.go:108.53,112.3 2 0
github.com/w-k-s/McMicroservices/kitchen-service/internal/server/order_handler.go:114.86,116.3 1 0
github.com/w-k-s/McMicroservices/kitchen-service/internal/server/order_handler.go:120.67,130.75 3 0
github.com/w-k-s/McMicroservices/kitchen-service/internal/server/order_handler.go:134.2,134.120 1 0
github.com/w-k-s/McMicroservices/kitchen-service/internal/server/order_handler.go:130.75,133.3 2 0
github.com/w-k-s/McMicroservices/kitchen-service/internal/config/config_server.go:16.60,24.2 1 0
github.com/w-k-s/McMicroservices/kitchen-service/internal/config/config_server.go:26.34,28.2 1 0
github.com/w-k-s/McMicroservices/kitchen-service/internal/config/config_server.go:30.44,31.27 1 0
github.com/w-k-s/McMicroservices/kitchen-service/internal/config/config_server.go:34.2,34.25 1 0
github.com/w-k-s/McMicroservices/kitchen-service/internal/config/config_server.go:31.27,33.3 1 0
github.com/w-k-s/McMicroservices/kitchen-service/internal/config/config_server.go:37.51,38.24 1 0
github.com/w-k-s/McMicroservices/kitchen-service/internal/config/config_server.go:41.2,41.22 1 0
github.com/w-k-s/McMicroservices/kitchen-service/internal/config/config_server.go:38.24,40.3 1 0
github.com/w-k-s/McMicroservices/kitchen-service/internal/config/config_server.go:44.52,45.25 1 0
github.com/w-k-s/McMicroservices/kitchen-service/internal/config/config_server.go:48.2,48.23 1 0
github.com/w-k-s/McMicroservices/kitchen-service/internal/config/config_server.go:45.25,47.3 1 0
github.com/w-k-s/McMicroservices/kitchen-service/internal/config/config_server.go:51.59,52.32 1 0
github.com/w-k-s/McMicroservices/kitchen-service/internal/config/config_server.go:55.2,55.30 1 0
github.com/w-k-s/McMicroservices/kitchen-service/internal/config/config_server.go:52.32,54.3 1 0
github.com/w-k-s/McMicroservices/kitchen-service/internal/config/config_server.go:58.46,60.2 1 0
github.com/w-k-s/McMicroservices/kitchen-service/internal/config/config_server.go:70.52,77.2 1 0
github.com/w-k-s/McMicroservices/kitchen-service/internal/config/config_server.go:79.70,82.2 2 0
github.com/w-k-s/McMicroservices/kitchen-service/internal/config/config_server.go:84.90,87.2 2 0
github.com/w-k-s/McMicroservices/kitchen-service/internal/config/config_server.go:89.91,92.2 2 0
github.com/w-k-s/McMicroservices/kitchen-service/internal/config/config_server.go:94.90,97.2 2 0
github.com/w-k-s/McMicroservices/kitchen-service/internal/config/config_server.go:99.110,102.2 2 0
github.com/w-k-s/McMicroservices/kitchen-service/internal/config/config_server.go:104.52,106.2 1 0
github.com/w-k-s/McMicroservices/kitchen-service/internal/config/configsource_s3.go:24.86,30.2 1 0
github.com/w-k-s/McMicroservices/kitchen-service/internal/config/configsource_s3.go:37.47,40.42 3 0
github.com/w-k-s/McMicroservices/kitchen-service/internal/config/configsource_s3.go:43.2,46.8 1 0
github.com/w-k-s/McMicroservices/kitchen-service/internal/config/configsource_s3.go:40.42,42.3 1 0
github.com/w-k-s/McMicroservices/kitchen-service/internal/config/configsource_s3.go:49.32,51.2 1 0
github.com/w-k-s/McMicroservices/kitchen-service/internal/config/configsource_s3.go:53.74,58.72 2 0
github.com/w-k-s/McMicroservices/kitchen-service/internal/config/configsource_s3.go:69.2,69.16 1 0
github.com/w-k-s/McMicroservices/kitchen-service/internal/config/configsource_s3.go:73.2,78.62 4 0
github.com/w-k-s/McMicroservices/kitchen-service/internal/config/configsource_s3.go:82.2,83.16 2 0
github.com/w-k-s/McMicroservices/kitchen-service/internal/config/configsource_s3.go:88.2,89.54 2 0
github.com/w-k-s/McMicroservices/kitchen-service/internal/config/configsource_s3.go:93.2,96.17 1 0
github.com/w-k-s/McMicroservices/kitchen-service/internal/config/configsource_s3.go:104.2,105.16 2 0
github.com/w-k-s/McMicroservices/kitchen-service/internal/config/configsource_s3.go:108.2,108.24 1 0
github.com/w-k-s/McMicroservices/kitchen-service/internal/config/configsource_s3.go:58.72,60.3 1 0
github.com/w-k-s/McMicroservices/kitchen-service/internal/config/configsource_s3.go:60.8,67.3 1 0
github.com/w-k-s/McMicroservices/kitchen-service/internal/config/configsource_s3.go:69.16,71.3 1 0
github.com/w-k-s/McMicroservices/kitchen-service/internal/config/configsource_s3.go:78.62,80.3 1 0
github.com/w-k-s/McMicroservices/kitchen-service/internal/config/configsource_s3.go:83.16,85.3 1 0
github.com/w-k-s/McMicroservices/kitchen-service/internal/config/configsource_s3.go:89.54,91.3 1 0
github.com/w-k-s/McMicroservices/kitchen-service/internal/config/configsource_s3.go:96.17,98.43 2 0
github.com/w-k-s/McMicroservices/kitchen-service/internal/config/configsource_s3.go:101.3,101.95 1 0
github.com/w-k-s/McMicroservices/kitchen-service/internal/config/configsource_s3.go:98.43,100.4 1 0
github.com/w-k-s/McMicroservices/kitchen-service/internal/config/configsource_s3.go:105.16,107.3 1 0
github.com/w-k-s/McMicroservices/kitchen-service/internal/messages/broker.go:14.74,18.2 3 0
github.com/w-k-s/McMicroservices/kitchen-service/internal/messages/broker.go:20.78,25.2 4 0
github.com/w-k-s/McMicroservices/kitchen-service/internal/messages/broker.go:27.65,28.16 1 0
github.com/w-k-s/McMicroservices/kitchen-service/internal/messages/broker.go:31.2,31.10 1 0
github.com/w-k-s/McMicroservices/kitchen-service/internal/messages/broker.go:28.16,30.3 1 0
github.com/w-k-s/McMicroservices/kitchen-service/internal/messages/broker.go:34.73,35.16 1 0
github.com/w-k-s/McMicroservices/kitchen-service/internal/messages/broker.go:38.2,38.10 1 0
github.com/w-k-s/McMicroservices/kitchen-service/internal/messages/broker.go:35.16,37.3 1 0
github.com/w-k-s/McMicroservices/kitchen-service/internal/messages/broker.go:41.62,42.25 1 0
github.com/w-k-s/McMicroservices/kitchen-service/internal/messages/broker.go:43.20,44.29 1 0
github.com/w-k-s/McMicroservices/kitchen-service/internal/messages/broker.go:45.18,46.29 1 0
github.com/w-k-s/McMicroservices/kitchen-service/internal/messages/broker.go:47.10,48.97 1 0
github.com/w-k-s/McMicroservices/kitchen-service/internal/config/config_broker.go:18.52,20.2 1 0
github.com/w-k-s/McMicroservices/kitchen-service/internal/config/config_broker.go:22.50,23.31 1 0
github.com/w-k-s/McMicroservices/kitchen-service/internal/config/config_broker.go:26.2,26.28 1 0
github.com/w-k-s/McMicroservices/kitchen-service/internal/config/config_broker.go:23.31,25.3 1 0
github.com/w-k-s/McMicroservices/kitchen-service/internal/config/config_broker.go:29.56,31.2 1 0
github.com/w-k-s/McMicroservices/kitchen-service/internal/config/config_broker.go:33.56,35.2 1 0
github.com/w-k-s/McMicroservices/kitchen-service/internal/config/config_broker.go:41.16,48.2 1 0
github.com/w-k-s/McMicroservices/kitchen-service/internal/config/config_broker.go:62.66,63.42 1 0
github.com/w-k-s/McMicroservices/kitchen-service/internal/config/config_broker.go:64.24,65.18 1 0
github.com/w-k-s/McMicroservices/kitchen-service/internal/config/config_broker.go:66.22,67.16 1 0
github.com/w-k-s/McMicroservices/kitchen-service/internal/config/config_broker.go:68.10,69.90 1 0
github.com/w-k-s/McMicroservices/kitchen-service/internal/config/config_broker.go:73.87,79.21 2 0
github.com/w-k-s/McMicroservices/kitchen-service/internal/config/config_broker.go:83.2,86.7 1 0
github.com/w-k-s/McMicroservices/kitchen-service/internal/config/config_broker.go:79.21,81.3 1 0
github.com/w-k-s/McMicroservices/kitchen-service/internal/config/config_broker.go:89.43,91.2 1 0
github.com/w-k-s/McMicroservices/kitchen-service/internal/config/config_broker.go:93.60,95.2 1 0
github.com/w-k-s/McMicroservices/kitchen-service/internal/config/config_broker.go:100.41,102.2 1 0
github.com/w-k-s/McMicroservices/kitchen-service/internal/config/config_db.go:15.48,25.2 1 0
github.com/w-k-s/McMicroservices/kitchen-service/internal/config/config_db.go:27.37,29.2 1 0
github.com/w-k-s/McMicroservices/kitchen-service/internal/config/config_db.go:31.37,33.2 1 0
github.com/w-k-s/McMicroservices/kitchen-service/internal/config/config_db.go:35.33,37.2 1 0
github.com/w-k-s/McMicroservices/kitchen-service/internal/config/config_db.go:39.30,41.2 1 0
github.com/w-k-s/McMicroservices/kitchen-service/internal/config/config_db.go:43.33,45.2 1 0
github.com/w-k-s/McMicroservices/kitchen-service/internal/config/config_db.go:47.35,49.2 1 0
github.com/w-k-s/McMicroservices/kitchen-service/internal/config/config_db.go:51.36,53.2 1 0
github.com/w-k-s/McMicroservices/kitchen-service/internal/config/config_db.go:55.39,57.2 1 0
github.com/w-k-s/McMicroservices/kitchen-service/internal/config/config_db.go:59.47,60.30 1 0
github.com/w-k-s/McMicroservices/kitchen-service/internal/config/config_db.go:63.2,63.23 1 0
github.com/w-k-s/McMicroservices/kitchen-service/internal/config/config_db.go:60.30,62.3 1 0
github.com/w-k-s/McMicroservices/kitchen-service/internal/config/config_db.go:66.45,75.2 1 0
github.com/w-k-s/McMicroservices/kitchen-service/internal/config/config_db.go:87.44,92.2 1 0
github.com/w-k-s/McMicroservices/kitchen-service/internal/config/config_db.go:94.73,97.2 2 0
github.com/w-k-s/McMicroservices/kitchen-service/internal/config/config_db.go:99.73,102.2 2 0
github.com/w-k-s/McMicroservices/kitchen-service/internal/config/config_db.go:104.65,107.2 2 0
github.com/w-k-s/McMicroservices/kitchen-service/internal/config/config_db.go:109.62,112.2 2 0
github.com/w-k-s/McMicroservices/kitchen-service/internal/config/config_db.go:114.65,117.2 2 0
github.com/w-k-s/McMicroservices/kitchen-service/internal/config/config_db.go:119.71,122.2 2 0
github.com/w-k-s/McMicroservices/kitchen-service/internal/config/config_db.go:124.87,127.2 2 0
github.com/w-k-s/McMicroservices/kitchen-service/internal/config/config_db.go:129.44,131.2 1 0
github.com/w-k-s/McMicroservices/kitchen-service/internal/config/config_server.go:16.60,24.2 1 0
github.com/w-k-s/McMicroservices/kitchen-service/internal/config/config_server.go:26.34,28.2 1 0
github.com/w-k-s/McMicroservices/kitchen-service/internal/config/config_server.go:30.44,31.27 1 0
github.com/w-k-s/McMicroservices/kitchen-service/internal/config/config_server.go:34.2,34.25 1 0
github.com/w-k-s/McMicroservices/kitchen-service/internal/config/config_server.go:31.27,33.3 1 0
github.com/w-k-s/McMicroservices/kitchen-service/internal/config/config_server.go:37.51,38.24 1 0
github.com/w-k-s/McMicroservices/kitchen-service/internal/config/config_server.go:41.2,41.22 1 0
github.com/w-k-s/McMicroservices/kitchen-service/internal/config/config_server.go:38.24,40.3 1 0
github.com/w-k-s/McMicroservices/kitchen-service/internal/config/config_server.go:44.52,45.25 1 0
github.com/w-k-s/McMicroservices/kitchen-service/internal/config/config_server.go:48.2,48.23 1 0
github.com/w-k-s/McMicroservices/kitchen-service/internal/config/config_server.go:45.25,47.3 1 0
github.com/w-k-s/McMicroservices/kitchen-service/internal/config/config_server.go:51.59,52.32 1 0
github.com/w-k-s/McMicroservices/kitchen-service/internal/config/config_server.go:55.2,55.30 1 0
github.com/w-k-s/McMicroservices/kitchen-service/internal/config/config_server.go:52.32,54.3 1 0
github.com/w-k-s/McMicroservices/kitchen-service/internal/config/config_server.go:58.46,60.2 1 0
github.com/w-k-s/McMicroservices/kitchen-service/internal/config/config_server.go:70.52,77.2 1 0
github.com/w-k-s/McMicroservices/kitchen-service/internal/config/config_server.go:79.70,82.2 2 0
github.com/w-k-s/McMicroservices/kitchen-service/internal/config/config_server.go:84.90,87.2 2 0
github.com/w-k-s/McMicroservices/kitchen-service/internal/config/config_server.go:89.91,92.2 2 0
github.com/w-k-s/McMicroservices/kitchen-service/internal/config/config_server.go:94.90,97.2 2 0
github.com/w-k-s/McMicroservices/kitchen-service/internal/config/config_server.go:99.110,102.2 2 0
github.com/w-k-s/McMicroservices/kitchen-service/internal/config/config_server.go:104.52,106.2 1 0
github.com/w-k-s/McMicroservices/kitchen-service/pkg/persistence/dao.go:25.50,26.15 1 0
github.com/w-k-s/McMicroservices/kitchen-service/pkg/persistence/dao.go:29.2,29.62 1 0
github.com/w-k-s/McMicroservices/kitchen-service/pkg/persistence/dao.go:26.15,28.3 1 0
github.com/w-k-s/McMicroservices/kitchen-service/pkg/persistence/dao.go:29.62,31.3 1 0
github.com/w-k-s/McMicroservices/kitchen-service/pkg/persistence/dao.go:34.33,35.15 1 0
github.com/w-k-s/McMicroservices/kitchen-service/pkg/persistence/dao.go:38.2,38.60 1 0
github.com/w-k-s/McMicroservices/kitchen-service/pkg/persistence/dao.go:41.2,41.12 1 0
github.com/w-k-s/McMicroservices/kitchen-service/pkg/persistence/dao.go:35.15,37.3 1 0
github.com/w-k-s/McMicroservices/kitchen-service/pkg/persistence/dao.go:38.60,40.3 1 0
github.com/w-k-s/McMicroservices/kitchen-service/cmd/server/main.go:19.13,30.2 5 1
github.com/w-k-s/McMicroservices/kitchen-service/cmd/server/main.go:32.13,43.2 5 0
github.com/w-k-s/McMicroservices/kitchen-service/pkg/kitchen/stock.go:21.63,28.77 2 1
github.com/w-k-s/McMicroservices/kitchen-service/pkg/kitchen/stock.go:32.2,35.8 1 1
github.com/w-k-s/McMicroservices/kitchen-service/pkg/kitchen/stock.go:28.77,30.3 1 1
github.com/w-k-s/McMicroservices/kitchen-service/pkg/kitchen/stock.go:38.48,39.16 1 0
github.com/w-k-s/McMicroservices/kitchen-service/pkg/kitchen/stock.go:42.2,42.13 1 0
github.com/w-k-s/McMicroservices/kitchen-service/pkg/kitchen/stock.go:39.16,41.3 1 0
github.com/w-k-s/McMicroservices/kitchen-service/pkg/kitchen/stock.go:45.70,47.2 1 0
github.com/w-k-s/McMicroservices/kitchen-service/pkg/kitchen/stock.go:49.34,51.2 1 1
github.com/w-k-s/McMicroservices/kitchen-service/pkg/kitchen/stock.go:53.33,55.2 1 1
github.com/w-k-s/McMicroservices/kitchen-service/pkg/kitchen/stock.go:57.36,59.2 1 0
github.com/w-k-s/McMicroservices/kitchen-service/pkg/kitchen/stock.go:63.37,63.55 1 0
github.com/w-k-s/McMicroservices/kitchen-service/pkg/kitchen/stock.go:64.37,64.68 1 0
github.com/w-k-s/McMicroservices/kitchen-service/pkg/kitchen/stock.go:65.37,65.75 1 0
github.com/w-k-s/McMicroservices/kitchen-service/internal/persistence/stock_dao.go:17.50,18.17 1 0
github.com/w-k-s/McMicroservices/kitchen-service/internal/persistence/stock_dao.go:21.2,21.41 1 0
github.com/w-k-s/McMicroservices/kitchen-service/internal/persistence/stock_dao.go:18.17,20.3 1 0
github.com/w-k-s/McMicroservices/kitchen-service/internal/persistence/stock_dao.go:24.91,27.29 2 0
github.com/w-k-s/McMicroservices/kitchen-service/internal/persistence/stock_dao.go:54.2,54.12 1 0
github.com/w-k-s/McMicroservices/kitchen-service/internal/persistence/stock_dao.go:27.29,49.17 2 0
github.com/w-k-s/McMicroservices/kitchen-service/internal/persistence/stock_dao.go:49.17,51.4 1 0
github.com/w-k-s/McMicroservices/kitchen-service/internal/persistence/stock_dao.go:57.91,64.29 2 0
github.com/w-k-s/McMicroservices/kitchen-service/internal/persistence/stock_dao.go:89.2,89.12 1 0
github.com/w-k-s/McMicroservices/kitchen-service/internal/persistence/stock_dao.go:64.29,79.17 2 0
github.com/w-k-s/McMicroservices/kitchen-service/internal/persistence/stock_dao.go:82.3,82.57 1 0
github.com/w-k-s/McMicroservices/kitchen-service/internal/persistence/stock_dao.go:85.3,85.24 1 0
github.com/w-k-s/McMicroservices/kitchen-service/internal/persistence/stock_dao.go:79.17,81.4 1 0
github.com/w-k-s/McMicroservices/kitchen-service/internal/persistence/stock_dao.go:82.57,84.4 1 0
github.com/w-k-s/McMicroservices/kitchen-service/internal/persistence/stock_dao.go:85.24,87.4 1 0
github.com/w-k-s/McMicroservices/kitchen-service/internal/persistence/stock_dao.go:92.82,106.16 3 0
github.com/w-k-s/McMicroservices/kitchen-service/internal/persistence/stock_dao.go:110.2,113.18 3 0
github.com/w-k-s/McMicroservices/kitchen-service/internal/persistence/stock_dao.go:133.2,133.19 1 0
github.com/w-k-s/McMicroservices/kitchen-service/internal/persistence/stock_dao.go:106.16,109.3 2 0
github.com/w-k-s/McMicroservices/kitchen-service/internal/persistence/stock_dao.go:113.18,119.49 2 0
github.com/w-k-s/McMicroservices/kitchen-service/internal/persistence/stock_dao.go:124.3,125.58 2 0
github.com/w-k-s/McMicroservices/kitchen-service/internal/persistence/stock_dao.go:130.3,130.30 1 0
github.com/w-k-s/McMicroservices/kitchen-service/internal/persistence/stock_dao.go:119.49,121.12 2 0
github.com/w-k-s/McMicroservices/kitchen-service/internal/persistence/stock_dao.go:125.58,127.12 2 0
github.com/w-k-s/McMicroservices/kitchen-service/internal/server/application.go:25.52,29.2 1 0
github.com/w-k-s/McMicroservices/kitchen-service/internal/server/application.go:31.77,34.2 2 0
github.com/w-k-s/McMicroservices/kitchen-service/internal/server/application.go:36.62,37.30 1 0
github.com/w-k-s/McMicroservices/kitchen-service/internal/server/application.go:40.2,40.26 1 0
github.com/w-k-s/McMicroservices/kitchen-service/internal/server/application.go:37.30,39.3 1 0
github.com/w-k-s/McMicroservices/kitchen-service/internal/server/application.go:43.77,46.2 2 0
github.com/w-k-s/McMicroservices/kitchen-service/internal/server/application.go:48.62,49.30 1 0
github.com/w-k-s/McMicroservices/kitchen-service/internal/server/application.go:52.2,52.26 1 0
github.com/w-k-s/McMicroservices/kitchen-service/internal/server/application.go:49.30,51.3 1 0
github.com/w-k-s/McMicroservices/kitchen-service/internal/server/application.go:55.44,57.2 1 0
github.com/w-k-s/McMicroservices/kitchen-service/internal/server/application.go:72.38,74.2 1 0
github.com/w-k-s/McMicroservices/kitchen-service/internal/server/application.go:76.42,77.21 1 0
github.com/w-k-s/McMicroservices/kitchen-service/internal/server/application.go:81.2,97.17 8 0
github.com/w-k-s/McMicroservices/kitchen-service/internal/server/application.go:77.21,79.3 1 0
github.com/w-k-s/McMicroservices/kitchen-service/internal/server/application.go:100.37,101.16 1 0
github.com/w-k-s/McMicroservices/kitchen-service/internal/server/application.go:104.2,104.12 1 0
github.com/w-k-s/McMicroservices/kitchen-service/internal/server/application.go:101.16,103.3 1 0
github.com/w-k-s/McMicroservices/kitchen-service/internal/server/application.go:107.34,116.12 2 0
github.com/w-k-s/McMicroservices/kitchen-service/internal/server/application.go:123.2,131.45 6 0
github.com/w-k-s/McMicroservices/kitchen-service/internal/server/application.go:116.12,117.49 1 0
github.com/w-k-s/McMicroservices/kitchen-service/internal/server/application.go:117.49,119.4 1 0
github.com/w-k-s/McMicroservices/kitchen-service/internal/server/application.go:131.45,133.3 1 0
github.com/w-k-s/McMicroservices/kitchen-service/internal/server/application.go:136.38,138.2 1 0
github.com/w-k-s/McMicroservices/kitchen-service/internal/server/application.go:140.25,141.15 1 0
github.com/w-k-s/McMicroservices/kitchen-service/internal/server/application.go:146.2,146.52 1 0
github.com/w-k-s/McMicroservices/kitchen-service/internal/server/application.go:149.2,149.52 1 0
github.com/w-k-s/McMicroservices/kitchen-service/internal/server/application.go:152.2,152.41 1 0
github.com/w-k-s/McMicroservices/kitchen-service/internal/server/application.go:141.15,142.31 1 0
github.com/w-k-s/McMicroservices/kitchen-service/internal/server/application.go:142.31,144.4 1 0
github.com/w-k-s/McMicroservices/kitchen-service/internal/server/application.go:146.52,148.3 1 0
github.com/w-k-s/McMicroservices/kitchen-service/internal/server/application.go:149.52,151.3 1 0
github.com/w-k-s/McMicroservices/kitchen-service/internal/server/application.go:152.41,154.3 1 0
github.com/w-k-s/McMicroservices/kitchen-service/internal/server/application.go:157.42,162.2 2 0
github.com/w-k-s/McMicroservices/kitchen-service/internal/server/application.go:164.41,175.2 5 0
github.com/w-k-s/McMicroservices/kitchen-service/internal/server/application.go:177.41,185.2 3 0
github.com/w-k-s/McMicroservices/kitchen-service/internal/config/config.go:25.106,44.21 3 0
github.com/w-k-s/McMicroservices/kitchen-service/internal/config/config.go:48.2,48.20 1 0
github.com/w-k-s/McMicroservices/kitchen-service/internal/config/config.go:44.21,46.3 1 0
github.com/w-k-s/McMicroservices/kitchen-service/internal/config/config.go:51.39,53.2 1 0
github.com/w-k-s/McMicroservices/kitchen-service/internal/config/config.go:55.37,57.2 1 0
github.com/w-k-s/McMicroservices/kitchen-service/internal/config/config.go:59.39,61.2 1 0
github.com/w-k-s/McMicroservices/kitchen-service/internal/config/config.go:63.46,98.61 3 0
github.com/w-k-s/McMicroservices/kitchen-service/internal/config/config.go:102.2,105.15 1 0
github.com/w-k-s/McMicroservices/kitchen-service/internal/config/config.go:109.2,132.3 1 0
github.com/w-k-s/McMicroservices/kitchen-service/internal/config/config.go:98.61,100.3 1 0
github.com/w-k-s/McMicroservices/kitchen-service/internal/config/config.go:105.15,107.3 1 0
github.com/w-k-s/McMicroservices/kitchen-service/internal/config/config.go:135.47,137.2 1 0
github.com/w-k-s/McMicroservices/kitchen-service/internal/config/config.go:139.37,141.2 1 0
github.com/w-k-s/McMicroservices/kitchen-service/internal/config/config.go:143.46,145.2 1 0
github.com/w-k-s/McMicroservices/kitchen-service/internal/config/config.go:147.40,149.2 1 0
github.com/w-k-s/McMicroservices/kitchen-service/internal/config/config.go:151.40,153.2 1 0
github.com/w-k-s/McMicroservices/kitchen-service/internal/config/config.go:155.31,157.16 2 0
github.com/w-k-s/McMicroservices/kitchen-service/internal/config/config.go:160.2,160.16 1 0
github.com/w-k-s/McMicroservices/kitchen-service/internal/config/config.go:157.16,159.3 1 0
github.com/w-k-s/McMicroservices/kitchen-service/internal/config/config.go:165.73,168.16 3 0
github.com/w-k-s/McMicroservices/kitchen-service/internal/config/config.go:171.2,171.24 1 0
github.com/w-k-s/McMicroservices/kitchen-service/internal/config/config.go:168.16,170.3 1 0
github.com/w-k-s/McMicroservices/kitchen-service/internal/config/config.go:174.96,175.30 1 0
github.com/w-k-s/McMicroservices/kitchen-service/internal/config/config.go:179.2,179.50 1 0
github.com/w-k-s/McMicroservices/kitchen-service/internal/config/config.go:183.2,183.48 1 0
github.com/w-k-s/McMicroservices/kitchen-service/internal/config/config.go:194.2,194.72 1 0
github.com/w-k-s/McMicroservices/kitchen-service/internal/config/config.go:175.30,177.3 1 0
github.com/w-k-s/McMicroservices/kitchen-service/internal/config/config.go:179.50,181.3 1 0
github.com/w-k-s/McMicroservices/kitchen-service/internal/config/config.go:183.48,188.91 2 0
github.com/w-k-s/McMicroservices/kitchen-service/internal/config/config.go:191.3,191.39 1 0
github.com/w-k-s/McMicroservices/kitchen-service/internal/config/config.go:188.91,190.4 1 0
github.com/w-k-s/McMicroservices/kitchen-service/internal/config/config.go:197.46,198.16 1 0
github.com/w-k-s/McMicroservices/kitchen-service/internal/config/config.go:201.2,201.15 1 0
github.com/w-k-s/McMicroservices/kitchen-service/internal/config/config.go:198.16,200.3 1 0
github.com/w-k-s/McMicroservices/kitchen-service/internal/config/config.go:204.31,207.61 3 0
github.com/w-k-s/McMicroservices/kitchen-service/internal/config/config.go:211.2,211.88 1 0
github.com/w-k-s/McMicroservices/kitchen-service/internal/config/config.go:214.2,225.12 4 0
github.com/w-k-s/McMicroservices/kitchen-service/internal/config/config.go:207.61,209.3 1 0
github.com/w-k-s/McMicroservices/kitchen-service/internal/config/config.go:211.88,213.3 1 0
github.com/w-k-s/McMicroservices/kitchen-service/internal/config/config.go:233.69,234.23 1 0
github.com/w-k-s/McMicroservices/kitchen-service/internal/config/config.go:237.2,237.33 1 0
github.com/w-k-s/McMicroservices/kitchen-service/internal/config/config.go:234.23,236.3 1 0
github.com/w-k-s/McMicroservices/kitchen-service/internal/config/config.go:237.33,238.23 1 0
github.com/w-k-s/McMicroservices/kitchen-service/internal/config/config.go:238.23,240.4 1 0
github.com/w-k-s/McMicroservices/kitchen-service/internal/server/handler.go:16.83,20.42 4 0
github.com/w-k-s/McMicroservices/kitchen-service/internal/server/handler.go:20.42,22.3 1 0
github.com/w-k-s/McMicroservices/kitchen-service/internal/server/handler.go:25.107,28.42 3 0
github.com/w-k-s/McMicroservices/kitchen-service/internal/server/handler.go:32.2,32.13 1 0
github.com/w-k-s/McMicroservices/kitchen-service/internal/server/handler.go:28.42,31.3 2 0
github.com/w-k-s/McMicroservices/kitchen-service/internal/server/handler.go:35.89,45.40 7 0
github.com/w-k-s/McMicroservices/kitchen-service/internal/server/handler.go:56.2,64.35 1 0
github.com/w-k-s/McMicroservices/kitchen-service/internal/server/handler.go:45.40,51.46 5 0
github.com/w-k-s/McMicroservices/kitchen-service/internal/server/handler.go:51.46,53.4 1 0
github.com/w-k-s/McMicroservices/kitchen-service/internal/server/handler.go:64.35,66.3 1 0
github.com/w-k-s/McMicroservices/kitchen-service/internal/server/handler.go:69.63,70.16 1 0
github.com/w-k-s/McMicroservices/kitchen-service/internal/server/handler.go:73.2,73.15 1 0
github.com/w-k-s/McMicroservices/kitchen-service/internal/server/handler.go:70.16,72.3 1 0
github.com/w-k-s/McMicroservices/kitchen-service/internal/server/health_handler.go:18.58,19.15 1 0
github.com/w-k-s/McMicroservices/kitchen-service/internal/server/health_handler.go:22.2,22.42 1 0
github.com/w-k-s/McMicroservices/kitchen-service/internal/server/health_handler.go:19.15,21.3 1 0
github.com/w-k-s/McMicroservices/kitchen-service/internal/server/health_handler.go:25.50,27.16 2 0
github.com/w-k-s/McMicroservices/kitchen-service/internal/server/health_handler.go:30.2,30.16 1 0
github.com/w-k-s/McMicroservices/kitchen-service/internal/server/health_handler.go:27.16,29.3 1 0
github.com/w-k-s/McMicroservices/kitchen-service/internal/server/health_handler.go:33.78,39.2 3 0
github.com/w-k-s/McMicroservices/kitchen-service/internal/server/health_handler.go:41.54,47.47 2 0
github.com/w-k-s/McMicroservices/kitchen-service/internal/server/health_handler.go:52.2,52.11 1 0
github.com/w-k-s/McMicroservices/kitchen-service/internal/server/health_handler.go:47.47,50.3 2 0
github.com/w-k-s/McMicroservices/kitchen-service/internal/server/health_handler.go:62.33,63.13 1 0
github.com/w-k-s/McMicroservices/kitchen-service/internal/server/health_handler.go:66.2,66.15 1 0
github.com/w-k-s/McMicroservices/kitchen-service/internal/server/health_handler.go:63.13,65.3 1 0
github.com/w-k-s/McMicroservices/kitchen-service/internal/server/health_handler.go:69.47,70.11 1 0
github.com/w-k-s/McMicroservices/kitchen-service/internal/server/health_handler.go:71.10,72.14 1 0
github.com/w-k-s/McMicroservices/kitchen-service/internal/server/health_handler.go:73.12,74.34 1 0
github.com/w-k-s/McMicroservices/kitchen-service/internal/server/health_handler.go:75.10,76.50 1 0
github.com/w-k-s/McMicroservices/kitchen-service/internal/server/health_handler.go:80.48,82.48 2 0
github.com/w-k-s/McMicroservices/kitchen-service/internal/server/health_handler.go:85.2,85.13 1 0
github.com/w-k-s/McMicroservices/kitchen-service/internal/server/health_handler.go:93.2,93.12 1 0
github.com/w-k-s/McMicroservices/kitchen-service/internal/server/health_handler.go:82.48,84.3 1 0
github.com/w-k-s/McMicroservices/kitchen-service/internal/server/health_handler.go:86.12,87.10 1 0
github.com/w-k-s/McMicroservices/kitchen-service/internal/server/health_handler.go:88.14,89.12 1 0
github.com/w-k-s/McMicroservices/kitchen-service/internal/server/health_handler.go:90.10,91.47 1 0
github.com/w-k-s/McMicroservices/kitchen-service/internal/server/health_handler.go:96.32,97.11 1 0
github.com/w-k-s/McMicroservices/kitchen-service/internal/server/health_handler.go:98.10,99.23 1 0
github.com/w-k-s/McMicroservices/kitchen-service/internal/server/health_handler.go:100.10,101.40 1 0
github.com/w-k-s/McMicroservices/kitchen-service/internal/server/health_handler.go:107.51,109.32 2 0
github.com/w-k-s/McMicroservices/kitchen-service/internal/server/health_handler.go:112.2,112.16 1 0
github.com/w-k-s/McMicroservices/kitchen-service/internal/server/health_handler.go:109.32,111.3 1 0
github.com/w-k-s/McMicroservices/kitchen-service/internal/server/order_handler.go:37.16,49.2 4 0
github.com/w-k-s/McMicroservices/kitchen-service/internal/server/order_handler.go:51.38,56.2 1 0
github.com/w-k-s/McMicroservices/kitchen-service/internal/server/order_handler.go:58.69,64.79 3 0
github.com/w-k-s/McMicroservices/kitchen-service/internal/server/order_handler.go:72.2,74.42 3 0
github.com/w-k-s/McMicroservices/kitchen-service/internal/server/order_handler.go:85.2,85.12 1 0
github.com/w-k-s/McMicroservices/kitchen-service/internal/server/order_handler.go:64.79,67.3 2 0
github.com/w-k-s/McMicroservices/kitchen-service/internal/server/order_handler.go:74.42,77.40 3 0
github.com/w-k-s/McMicroservices/kitchen-service/internal/server/order_handler.go:77.40,78.39 1 0
github.com/w-k-s/McMicroservices/kitchen-service/internal/server/order_handler.go:78.39,80.5 1 0
github.com/w-k-s/McMicroservices/kitchen-service/internal/server/order_handler.go:85.12,86.7 1 0
github.com/w-k-s/McMicroservices/kitchen-service/internal/server/order_handler.go:86.7,87.11 1 0
github.com/w-k-s/McMicroservices/kitchen-service/internal/server/order_handler.go:88.22,89.11 1 0
github.com/w-k-s/McMicroservices/kitchen-service/internal/server/order_handler.go:90.37,92.13 2 0
github.com/w-k-s/McMicroservices/kitchen-service/internal/server/order_handler.go:98.97,108.53 5 0
github.com/w-k-s/McMicroservices/kitchen-service/internal/server/order_handler.go:114.2,114.86 1 0
github.com/w-k-s/McMicroservices/kitchen-service/internal/server/order_handler.go:117.2,117.69 1 0
github.com/w-k-s/McMicroservices/kitchen-service/internal/server/order_handler.go:108.53,112.3 2 0
github.com/w-k-s/McMicroservices/kitchen-service/internal/server/order_handler.go:114.86,116.3 1 0
github.com/w-k-s/McMicroservices/kitchen-service/internal/server/order_handler.go:120.67,130.75 3 0
github.com/w-k-s/McMicroservices/kitchen-service/internal/server/order_handler.go:134.2,134.120 1 0
github.com/w-k-s/McMicroservices/kitchen-service/internal/server/order_handler.go:130.75,133.3 2 0
github.com/w-k-s/McMicroservices/kitchen-service/test/await.go:27.49,31.2 1 0
github.com/w-k-s/McMicroservices/kitchen-service/test/await.go:33.60,36.2 2 0
github.com/w-k-s/McMicroservices/kitchen-service/test/await.go:38.60,41.2 2 0
github.com/w-k-s/McMicroservices/kitchen-service/test/await.go:43.24,48.12 4 0
github.com/w-k-s/McMicroservices/kitchen-service/test/await.go:53.2,53.12 1 0
github.com/w-k-s/McMicroservices/kitchen-service/test/await.go:68.2,68.11 1 0
github.com/w-k-s/McMicroservices/kitchen-service/test/await.go:48.12,51.3 2 0
github.com/w-k-s/McMicroservices/kitchen-service/test/await.go:53.12,54.7 1 0
github.com/w-k-s/McMicroservices/kitchen-service/test/await.go:54.7,55.11 1 0
github.com/w-k-s/McMicroservices/kitchen-service/test/await.go:56.19,58.11 2 0
github.com/w-k-s/McMicroservices/kitchen-service/test/await.go:59.20,60.22 1 0
github.com/w-k-s/McMicroservices/kitchen-service/test/await.go:60.22,63.6 2 0
github.com/w-k-s/McMicroservices/kitchen-service/pkg/kitchen/errors.go:37.34,40.39 3 0
github.com/w-k-s/McMicroservices/kitchen-service/pkg/kitchen/errors.go:43.2,43.13 1 0
github.com/w-k-s/McMicroservices/kitchen-service/pkg/kitchen/errors.go:40.39,42.3 1 0
github.com/w-k-s/McMicroservices/kitchen-service/pkg/kitchen/errors.go:46.33,47.11 1 1
github.com/w-k-s/McMicroservices/kitchen-service/pkg/kitchen/errors.go:48.27,49.14 1 1
github.com/w-k-s/McMicroservices/kitchen-service/pkg/kitchen/errors.go:50.24,51.14 1 1
github.com/w-k-s/McMicroservices/kitchen-service/pkg/kitchen/errors.go:52.28,53.31 1 1
github.com/w-k-s/McMicroservices/kitchen-service/pkg/kitchen/errors.go:55.31,56.14 1 1
github.com/w-k-s/McMicroservices/kitchen-service/pkg/kitchen/errors.go:57.24,58.14 1 1
github.com/w-k-s/McMicroservices/kitchen-service/pkg/kitchen/errors.go:59.22,60.14 1 1
github.com/w-k-s/McMicroservices/kitchen-service/pkg/kitchen/errors.go:61.18,62.14 1 1
github.com/w-k-s/McMicroservices/kitchen-service/pkg/kitchen/errors.go:63.10,64.40 1 1
github.com/w-k-s/McMicroservices/kitchen-service/pkg/kitchen/errors.go:82.41,84.2 1 1
github.com/w-k-s/McMicroservices/kitchen-service/pkg/kitchen/errors.go:86.38,88.2 1 0
github.com/w-k-s/McMicroservices/kitchen-service/pkg/kitchen/errors.go:90.39,92.2 1 1
github.com/w-k-s/McMicroservices/kitchen-service/pkg/kitchen/errors.go:94.51,96.2 1 0
github.com/w-k-s/McMicroservices/kitchen-service/pkg/kitchen/errors.go:98.40,100.2 1 0
github.com/w-k-s/McMicroservices/kitchen-service/pkg/kitchen/errors.go:102.66,109.2 1 0
github.com/w-k-s/McMicroservices/kitchen-service/pkg/kitchen/errors.go:111.102,118.2 1 1
github.com/w-k-s/McMicroservices/kitchen-service/pkg/kitchen/errors.go:120.77,121.22 1 1
github.com/w-k-s/McMicroservices/kitchen-service/pkg/kitchen/errors.go:125.2,126.47 2 1
github.com/w-k-s/McMicroservices/kitchen-service/pkg/kitchen/errors.go:130.2,131.40 2 1
github.com/w-k-s/McMicroservices/kitchen-service/pkg/kitchen/errors.go:134.2,137.14 2 1
github.com/w-k-s/McMicroservices/kitchen-service/pkg/kitchen/errors.go:121.22,123.3 1 1
github.com/w-k-s/McMicroservices/kitchen-service/pkg/kitchen/errors.go:126.47,128.3 1 1
github.com/w-k-s/McMicroservices/kitchen-service/pkg/kitchen/errors.go:131.40,133.3 1 1
github.com/w-k-s/McMicroservices/kitchen-service/internal/config/configsource_s3.go:24.86,30.2 1 0
github.com/w-k-s/McMicroservices/kitchen-service/internal/config/configsource_s3.go:37.47,40.42 3 0
github.com/w-k-s/McMicroservices/kitchen-service/internal/config/configsource_s3.go:43.2,46.8 1 0
github.com/w-k-s/McMicroservices/kitchen-service/internal/config/configsource_s3.go:40.42,42.3 1 0
github.com/w-k-s/McMicroservices/kitchen-service/internal/config/configsource_s3.go:49.32,51.2 1 0
github.com/w-k-s/McMicroservices/kitchen-service/internal/config/configsource_s3.go:53.74,58.72 2 0
github.com/w-k-s/McMicroservices/kitchen-service/internal/config/configsource_s3.go:69.2,69.16 1 0
github.com/w-k-s/McMicroservices/kitchen-service/internal/config/configsource_s3.go:73.2,78.62 4 0
github.com/w-k-s/McMicroservices/kitchen-service/internal/config/configsource_s3.go:82.2,83.16 2 0
github.com/w-k-s/McMicroservices/kitchen-service/internal/config/configsource_s3.go:88.2,89.54 2 0
github.com/w-k-s/McMicroservices/kitchen-service/internal/config/configsource_s3.go:93.2,96.17 1 0
github.com/w-k-s/McMicroservices/kitchen-service/internal/config/configsource_s3.go:104.2,105.16 2 0
github.com/w-k-s/McMicroservices/kitchen-service/internal/config/configsource_s3.go:108.2,108.24 1 0
github.com/w-k-s/McMicroservices/kitchen-service/internal/config/configsource_s3.go:58.72,60.3 1 0
github.com/w-k-s/McMicroservices/kitchen-service/internal/config/configsource_s3.go:60.8,67.3 1 0
github.com/w-k-s/McMicroservices/kitchen-service/internal/config/configsource_s3.go:69.16,71.3 1 0
github.com/w-k-s/McMicroservices/kitchen-service/internal/config/configsource_s3.go:78.62,80.3 1 0
github.com/w-k-s/McMicroservices/kitchen-service/internal/config/configsource_s3.go:83.16,85.3 1 0
github.com/w-k-s/McMicroservices/kitchen-service/internal/config/configsource_s3.go:89.54,91.3 1 0
github.com/w-k-s/McMicroservices/kitchen-service/internal/config/configsource_s3.go:96.17,98.43 2 0
github.com/w-k-s/McMicroservices/kitchen-service/internal/config/configsource_s3.go:101.3,101.95 1 0
github.com/w-k-s/McMicroservices/kitchen-service/internal/config/configsource_s3.go:98.43,100.4 1 0
github.com/w-k-s/McMicroservices/kitchen-service/internal/config/configsource_s3.go:105.16,107.3 1 0
github.com/w-k-s/McMicroservices/kitchen-service/internal/messages/broker.go:14.74,18.2 3 0
github.com/w-k-s/McMicroservices/kitchen-service/internal/messages/broker.go:20.78,25.2 4 0
github.com/w-k-s/McMicroservices/kitchen-service/internal/messages/broker.go:27.65,28.16 1 0
github.com/w-k-s/McMicroservices/kitchen-service/internal/messages/broker.go:31.2,31.10 1 0
github.com/w-k-s/McMicroservices/kitchen-service/internal/messages/broker.go:28.16,30.3 1 0
github.com/w-k-s/McMicroservices/kitchen-service/internal/messages/broker.go:34.73,35.16 1 0
github.com/w-k-s/McMicroservices/kitchen-service/internal/messages/broker.go:38.2,38.10 1 0
github.com/w-k-s/McMicroservices/kitchen-service/internal/messages/broker.go:35.16,37.3 1 0
github.com/w-k-s/McMicroservices/kitchen-service/internal/messages/broker.go:41.62,42.25 1 0
github.com/w-k-s/McMicroservices/kitchen-service/internal/messages/broker.go:43.20,44.29 1 0
github.com/w-k-s/McMicroservices/kitchen-service/internal/messages/broker.go:45.18,46.29 1 0
github.com/w-k-s/McMicroservices/kitchen-service/internal/messages/broker.go:47.10,48.97 1 0
github.com/w-k-s/McMicroservices/kitchen-service/internal/persistence/dao.go:18.55,24.88 2 0
github.com/w-k-s/McMicroservices/kitchen-service/internal/persistence/dao.go:28.2,32.43 4 0
github.com/w-k-s/McMicroservices/kitchen-service/internal/persistence/dao.go:35.2,35.16 1 0
github.com/w-k-s/McMicroservices/kitchen-service/internal/persistence/dao.go:24.88,26.3 1 0
github.com/w-k-s/McMicroservices/kitchen-service/internal/persistence/dao.go:32.43,34.3 1 0
github.com/w-k-s/McMicroservices/kitchen-service/internal/persistence/dao.go:38.50,43.46 2 0
github.com/w-k-s/McMicroservices/kitchen-service/internal/persistence/dao.go:46.2,46.11 1 0
github.com/w-k-s/McMicroservices/kitchen-service/internal/persistence/dao.go:43.46,45.3 1 0
github.com/w-k-s/McMicroservices/kitchen-service/internal/persistence/dao.go:49.48,55.42 2 0
github.com/w-k-s/McMicroservices/kitchen-service/internal/persistence/dao.go:58.2,58.16 1 0
github.com/w-k-s/McMicroservices/kitchen-service/internal/persistence/dao.go:55.42,57.3 1 0
github.com/w-k-s/McMicroservices/kitchen-service/internal/persistence/dao.go:61.41,67.42 2 0
github.com/w-k-s/McMicroservices/kitchen-service/internal/persistence/dao.go:70.2,70.11 1 0
github.com/w-k-s/McMicroservices/kitchen-service/internal/persistence/dao.go:67.42,69.3 1 0
github.com/w-k-s/McMicroservices/kitchen-service/internal/persistence/dao.go:73.40,74.44 1 0
github.com/w-k-s/McMicroservices/kitchen-service/internal/persistence/dao.go:83.2,94.63 4 0
github.com/w-k-s/McMicroservices/kitchen-service/internal/persistence/dao.go:97.2,97.12 1 0
github.com/w-k-s/McMicroservices/kitchen-service/internal/persistence/dao.go:74.44,76.17 2 0
github.com/w-k-s/McMicroservices/kitchen-service/internal/persistence/dao.go:80.3,80.13 1 0
github.com/w-k-s/McMicroservices/kitchen-service/internal/persistence/dao.go:76.17,79.4 2 0
github.com/w-k-s/McMicroservices/kitchen-service/internal/persistence/dao.go:94.63,96.3 1 0
github.com/w-k-s/McMicroservices/kitchen-service/internal/persistence/migrations.go:16.61,20.35 3 0
github.com/w-k-s/McMicroservices/kitchen-service/internal/persistence/migrations.go:24.2,33.17 2 0
github.com/w-k-s/McMicroservices/kitchen-service/internal/persistence/migrations.go:37.2,37.108 1 0
github.com/w-k-s/McMicroservices/kitchen-service/internal/persistence/migrations.go:41.2,41.69 1 0
github.com/w-k-s/McMicroservices/kitchen-service/internal/persistence/migrations.go:45.2,45.12 1 0
github.com/w-k-s/McMicroservices/kitchen-service/internal/persistence/migrations.go:20.35,22.3 1 0
github.com/w-k-s/McMicroservices/kitchen-service/internal/persistence/migrations.go:33.17,35.3 1 0
github.com/w-k-s/McMicroservices/kitchen-service/internal/persistence/migrations.go:37.108,39.3 1 0
github.com/w-k-s/McMicroservices/kitchen-service/internal/persistence/migrations.go:41.69,43.3 1 0
github.com/w-k-s/McMicroservices/kitchen-service/internal/persistence/migrations.go:48.61,49.54 1 0
github.com/w-k-s/McMicroservices/kitchen-service/internal/persistence/migrations.go:52.2,52.34 1 0
github.com/w-k-s/McMicroservices/kitchen-service/internal/persistence/migrations.go:49.54,51.3 1 0
github.com/w-k-s/McMicroservices/kitchen-service/pkg/services/order_service.go:19.57,21.39 2 0
github.com/w-k-s/McMicroservices/kitchen-service/pkg/services/order_service.go:24.2,24.41 1 0
github.com/w-k-s/McMicroservices/kitchen-service/pkg/services/order_service.go:21.39,23.3 1 0
github.com/w-k-s/McMicroservices/kitchen-service/pkg/services/order_service.go:42.66,43.21 1 0
github.com/w-k-s/McMicroservices/kitchen-service/pkg/services/order_service.go:47.2,49.8 1 0
github.com/w-k-s/McMicroservices/kitchen-service/pkg/services/order_service.go:43.21,45.3 1 0
github.com/w-k-s/McMicroservices/kitchen-service/pkg/services/order_service.go:52.58,57.54 2 0
github.com/w-k-s/McMicroservices/kitchen-service/pkg/services/order_service.go:60.2,60.12 1 0
github.com/w-k-s/McMicroservices/kitchen-service/pkg/services/order_service.go:57.54,59.3 1 0
github.com/w-k-s/McMicroservices/kitchen-service/pkg/services/order_service.go:66.100,75.16 4 0
github.com/w-k-s/McMicroservices/kitchen-service/pkg/services/order_service.go:79.2,87.39 3 0
github.com/w-k-s/McMicroservices/kitchen-service/pkg/services/order_service.go:94.2,95.16 2 0
github.com/w-k-s/McMicroservices/kitchen-service/pkg/services/order_service.go:100.2,100.37 1 0
github.com/w-k-s/McMicroservices/kitchen-service/pkg/services/order_service.go:106.2,109.64 3 0
github.com/w-k-s/McMicroservices/kitchen-service/pkg/services/order_service.go:75.16,77.3 1 0
github.com/w-k-s/McMicroservices/kitchen-service/pkg/services/order_service.go:87.39,88.57 1 0
github.com/w-k-s/McMicroservices/kitchen-service/pkg/services/order_service.go:91.3,91.30 1 0
github.com/w-k-s/McMicroservices/kitchen-service/pkg/services/order_service.go:88.57,90.4 1 0
github.com/w-k-s/McMicroservices/kitchen-service/pkg/services/order_service.go:95.16,98.3 2 0
github.com/w-k-s/McMicroservices/kitchen-service/pkg/services/order_service.go:100.37,103.3 2 0
github.com/w-k-s/McMicroservices/kitchen-service/pkg/services/stock_service.go:41.66,42.21 1 0
github.com/w-k-s/McMicroservices/kitchen-service/pkg/services/stock_service.go:46.2,48.8 1 0
github.com/w-k-s/McMicroservices/kitchen-service/pkg/services/stock_service.go:42.21,44.3 1 0
github.com/w-k-s/McMicroservices/kitchen-service/pkg/services/stock_service.go:51.58,56.54 2 0
github.com/w-k-s/McMicroservices/kitchen-service/pkg/services/stock_service.go:59.2,59.12 1 0
github.com/w-k-s/McMicroservices/kitchen-service/pkg/services/stock_service.go:56.54,58.3 1 0
github.com/w-k-s/McMicroservices/kitchen-service/pkg/services/stock_service.go:62.80,70.16 3 0
github.com/w-k-s/McMicroservices/kitchen-service/pkg/services/stock_service.go:74.2,77.16 3 0
github.com/w-k-s/McMicroservices/kitchen-service/pkg/services/stock_service.go:81.2,81.37 1 0
github.com/w-k-s/McMicroservices/kitchen-service/pkg/services/stock_service.go:85.2,87.29 3 0
github.com/w-k-s/McMicroservices/kitchen-service/pkg/services/stock_service.go:91.2,91.34 1 0
github.com/w-k-s/McMicroservices/kitchen-service/pkg/services/stock_service.go:70.16,72.3 1 0
github.com/w-k-s/McMicroservices/kitchen-service/pkg/services/stock_service.go:77.16,79.3 1 0
github.com/w-k-s/McMicroservices/kitchen-service/pkg/services/stock_service.go:81.37,83.3 1 0
github.com/w-k-s/McMicroservices/kitchen-service/pkg/services/stock_service.go:87.29,89.3 1 0
github.com/w-k-s/McMicroservices/kitchen-service/pkg/services/stock_service.go:94.89,101.16 3 0
github.com/w-k-s/McMicroservices/kitchen-service/pkg/services/stock_service.go:105.2,108.40 3 0
github.com/w-k-s/McMicroservices/kitchen-service/pkg/services/stock_service.go:116.2,117.16 2 0
github.com/w-k-s/McMicroservices/kitchen-service/pkg/services/stock_service.go:121.2,121.37 1 0
github.com/w-k-s/McMicroservices/kitchen-service/pkg/services/stock_service.go:125.2,125.12 1 0
github.com/w-k-s/McMicroservices/kitchen-service/pkg/services/stock_service.go:101.16,103.3 1 0
github.com/w-k-s/McMicroservices/kitchen-service/pkg/services/stock_service.go:108.40,110.87 2 0
github.com/w-k-s/McMicroservices/kitchen-service/pkg/services/stock_service.go:113.3,113.41 1 0
github.com/w-k-s/McMicroservices/kitchen-service/pkg/services/stock_service.go:110.87,112.4 1 0
github.com/w-k-s/McMicroservices/kitchen-service/pkg/services/stock_service.go:117.16,119.3 1 0
github.com/w-k-s/McMicroservices/kitchen-service/pkg/services/stock_service.go:121.37,123.3 1 0
github.com/w-k-s/McMicroservices/kitchen-service/internal/server/stock_handler.go:27.88,39.2 4 0
github.com/w-k-s/McMicroservices/kitchen-service/internal/server/stock_handler.go:41.37,43.42 2 0
github.com/w-k-s/McMicroservices/kitchen-service/internal/server/stock_handler.go:46.2,47.12 2 0
github.com/w-k-s/McMicroservices/kitchen-service/internal/server/stock_handler.go:43.42,45.3 1 0
github.com/w-k-s/McMicroservices/kitchen-service/internal/server/stock_handler.go:50.74,57.64 2 0
github.com/w-k-s/McMicroservices/kitchen-service/internal/server/stock_handler.go:62.2,62.42 1 0
github.com/w-k-s/McMicroservices/kitchen-service/internal/server/stock_handler.go:57.64,60.3 2 0
github.com/w-k-s/McMicroservices/kitchen-service/internal/server/stock_handler.go:65.73,70.84 2 0
github.com/w-k-s/McMicroservices/kitchen-service/internal/server/stock_handler.go:78.2,80.42 3 0
github.com/w-k-s/McMicroservices/kitchen-service/internal/server/stock_handler.go:90.2,90.12 1 0
github.com/w-k-s/McMicroservices/kitchen-service/internal/server/stock_handler.go:70.84,73.3 2 0
github.com/w-k-s/McMicroservices/kitchen-service/internal/server/stock_handler.go:80.42,82.40 2 0
github.com/w-k-s/McMicroservices/kitchen-service/internal/server/stock_handler.go:82.40,83.39 1 0
github.com/w-k-s/McMicroservices/kitchen-service/internal/server/stock_handler.go:83.39,85.5 1 0
github.com/w-k-s/McMicroservices/kitchen-service/internal/server/stock_handler.go:90.12,91.7 1 0
github.com/w-k-s/McMicroservices/kitchen-service/internal/server/stock_handler.go:91.7,92.11 1 0
github.com/w-k-s/McMicroservices/kitchen-service/internal/server/stock_handler.go:93.22,94.11 1 0
[...]
github.com/w-k-s/McMicroservices/kitchen-service/pkg/services/stock_service.go:94.89,101.16 3 1
github.com/w-k-s/McMicroservices/kitchen-service/pkg/services/stock_service.go:105.2,108.40 3 1
github.com/w-k-s/McMicroservices/kitchen-service/pkg/services/stock_service.go:116.2,117.16 2 1
github.com/w-k-s/McMicroservices/kitchen-service/pkg/services/stock_service.go:121.2,121.37 1 1
github.com/w-k-s/McMicroservices/kitchen-service/pkg/services/stock_service.go:125.2,125.12 1 1
github.com/w-k-s/McMicroservices/kitchen-service/pkg/services/stock_service.go:101.16,103.3 1 0
github.com/w-k-s/McMicroservices/kitchen-service/pkg/services/stock_service.go:108.40,110.87 2 1
github.com/w-k-s/McMicroservices/kitchen-service/pkg/services/stock_service.go:113.3,113.41 1 1
github.com/w-k-s/McMicroservices/kitchen-service/pkg/services/stock_service.go:110.87,112.4 1 0
github.com/w-k-s/McMicroservices/kitchen-service/pkg/services/stock_service.go:117.16,119.3 1 0
github.com/w-k-s/McMicroservices/kitchen-service/pkg/services/stock_service.go:121.37,123.3 1 0
github.com/w-k-s/McMicroservices/kitchen-service/internal/server/application.go:25.52,29.2 1 1
github.com/w-k-s/McMicroservices/kitchen-service/internal/server/application.go:31.77,34.2 2 1
github.com/w-k-s/McMicroservices/kitchen-service/internal/server/application.go:36.62,37.30 1 1
github.com/w-k-s/McMicroservices/kitchen-service/internal/server/application.go:40.2,40.26 1 1
github.com/w-k-s/McMicroservices/kitchen-service/internal/server/application.go:37.30,39.3 1 0
github.com/w-k-s/McMicroservices/kitchen-service/internal/server/application.go:43.77,46.2 2 1
github.com/w-k-s/McMicroservices/kitchen-service/internal/server/application.go:48.62,49.30 1 1
github.com/w-k-s/McMicroservices/kitchen-service/internal/server/application.go:52.2,52.26 1 1
github.com/w-k-s/McMicroservices/kitchen-service/internal/server/application.go:49.30,51.3 1 0
github.com/w-k-s/McMicroservices/kitchen-service/internal/server/application.go:55.44,57.2 1 1
github.com/w-k-s/McMicroservices/kitchen-service/internal/server/application.go:72.38,74.2 1 0
github.com/w-k-s/McMicroservices/kitchen-service/internal/server/application.go:76.42,77.21 1 1
github.com/w-k-s/McMicroservices/kitchen-service/internal/server/application.go:81.2,97.17 8 1
github.com/w-k-s/McMicroservices/kitchen-service/internal/server/application.go:77.21,79.3 1 0
github.com/w-k-s/McMicroservices/kitchen-service/internal/server/application.go:100.37,101.16 1 0
github.com/w-k-s/McMicroservices/kitchen-service/internal/server/application.go:104.2,104.12 1 0
github.com/w-k-s/McMicroservices/kitchen-service/internal/server/application.go:101.16,103.3 1 0
github.com/w-k-s/McMicroservices/kitchen-service/internal/server/application.go:107.34,116.12 2 0
github.com/w-k-s/McMicroservices/kitchen-service/internal/server/application.go:123.2,131.45 6 0
github.com/w-k-s/McMicroservices/kitchen-service/internal/server/application.go:116.12,117.49 1 0
github.com/w-k-s/McMicroservices/kitchen-service/internal/server/application.go:117.49,119.4 1 0
github.com/w-k-s/McMicroservices/kitchen-service/internal/server/application.go:131.45,133.3 1 0
github.com/w-k-s/McMicroservices/kitchen-service/internal/server/application.go:136.38,138.2 1 1
github.com/w-k-s/McMicroservices/kitchen-service/internal/server/application.go:140.25,141.15 1 1
github.com/w-k-s/McMicroservices/kitchen-service/internal/server/application.go:146.2,146.52 1 1
github.com/w-k-s/McMicroservices/kitchen-service/internal/server/application.go:149.2,149.52 1 1
github.com/w-k-s/McMicroservices/kitchen-service/internal/server/application.go:152.2,152.41 1 1
github.com/w-k-s/McMicroservices/kitchen-service/internal/server/application.go:141.15,142.31 1 1
github.com/w-k-s/McMicroservices/kitchen-service/internal/server/application.go:142.31,144.4 1 0
github.com/w-k-s/McMicroservices/kitchen-service/internal/server/application.go:146.52,148.3 1 0
github.com/w-k-s/McMicroservices/kitchen-service/internal/server/application.go:149.52,151.3 1 0
github.com/w-k-s/McMicroservices/kitchen-service/internal/server/application.go:152.41,154.3 1 0
github.com/w-k-s/McMicroservices/kitchen-service/internal/server/application.go:157.42,162.2 2 1
github.com/w-k-s/McMicroservices/kitchen-service/internal/server/application.go:164.41,175.2 5 1
github.com/w-k-s/McMicroservices/kitchen-service/internal/server/application.go:177.41,185.2 3 1
github.com/w-k-s/McMicroservices/kitchen-service/internal/server/health_handler.go:18.58,19.15 1 1
github.com/w-k-s/McMicroservices/kitchen-service/internal/server/health_handler.go:22.2,22.42 1 1
github.com/w-k-s/McMicroservices/kitchen-service/internal/server/health_handler.go:19.15,21.3 1 0
github.com/w-k-s/McMicroservices/kitchen-service/internal/server/health_handler.go:25.50,27.16 2 1
github.com/w-k-s/McMicroservices/kitchen-service/internal/server/health_handler.go:30.2,30.16 1 1
github.com/w-k-s/McMicroservices/kitchen-service/internal/server/health_handler.go:27.16,29.3 1 0
github.com/w-k-s/McMicroservices/kitchen-service/internal/server/health_handler.go:33.78,39.2 3 0
github.com/w-k-s/McMicroservices/kitchen-service/internal/server/health_handler.go:41.54,47.47 2 0
github.com/w-k-s/McMicroservices/kitchen-service/internal/server/health_handler.go:52.2,52.11 1 0
github.com/w-k-s/McMicroservices/kitchen-service/internal/server/health_handler.go:47.47,50.3 2 0
github.com/w-k-s/McMicroservices/kitchen-service/internal/server/health_handler.go:62.33,63.13 1 0
github.com/w-k-s/McMicroservices/kitchen-service/internal/server/health_handler.go:66.2,66.15 1 0
github.com/w-k-s/McMicroservices/kitchen-service/internal/server/health_handler.go:63.13,65.3 1 0
github.com/w-k-s/McMicroservices/kitchen-service/internal/server/health_handler.go:69.47,70.11 1 0
github.com/w-k-s/McMicroservices/kitchen-service/internal/server/health_handler.go:71.10,72.14 1 0
github.com/w-k-s/McMicroservices/kitchen-service/internal/server/health_handler.go:73.12,74.34 1 0
github.com/w-k-s/McMicroservices/kitchen-service/internal/server/health_handler.go:75.10,76.50 1 0
github.com/w-k-s/McMicroservices/kitchen-service/internal/server/health_handler.go:80.48,82.48 2 0
github.com/w-k-s/McMicroservices/kitchen-service/internal/server/health_handler.go:85.2,85.13 1 0
github.com/w-k-s/McMicroservices/kitchen-service/internal/server/health_handler.go:93.2,93.12 1 0
github.com/w-k-s/McMicroservices/kitchen-service/internal/server/health_handler.go:82.48,84.3 1 0
github.com/w-k-s/McMicroservices/kitchen-service/internal/server/health_handler.go:86.12,87.10 1 0
github.com/w-k-s/McMicroservices/kitchen-service/internal/server/health_handler.go:88.14,89.12 1 0
github.com/w-k-s/McMicroservices/kitchen-service/internal/server/health_handler.go:90.10,91.47 1 0
github.com/w-k-s/McMicroservices/kitchen-service/internal/server/health_handler.go:96.32,97.11 1 0
github.com/w-k-s/McMicroservices/kitchen-service/internal/server/health_handler.go:98.10,99.23 1 0
github.com/w-k-s/McMicroservices/kitchen-service/internal/server/health_handler.go:100.10,101.40 1 0
github.com/w-k-s/McMicroservices/kitchen-service/internal/server/health_handler.go:107.51,109.32 2 0
github.com/w-k-s/McMicroservices/kitchen-service/internal/server/health_handler.go:112.2,112.16 1 0
github.com/w-k-s/McMicroservices/kitchen-service/internal/server/health_handler.go:109.32,111.3 1 0
github.com/w-k-s/McMicroservices/kitchen-service/internal/persistence/stock_dao.go:17.50,18.17 1 1
github.com/w-k-s/McMicroservices/kitchen-service/internal/persistence/stock_dao.go:21.2,21.41 1 1
github.com/w-k-s/McMicroservices/kitchen-service/internal/persistence/stock_dao.go:18.17,20.3 1 0
github.com/w-k-s/McMicroservices/kitchen-service/internal/persistence/stock_dao.go:24.91,27.29 2 1
github.com/w-k-s/McMicroservices/kitchen-service/internal/persistence/stock_dao.go:54.2,54.12 1 1
github.com/w-k-s/McMicroservices/kitchen-service/internal/persistence/stock_dao.go:27.29,49.17 2 1
github.com/w-k-s/McMicroservices/kitchen-service/internal/persistence/stock_dao.go:49.17,51.4 1 0
github.com/w-k-s/McMicroservices/kitchen-service/internal/persistence/stock_dao.go:57.91,64.29 2 1
github.com/w-k-s/McMicroservices/kitchen-service/internal/persistence/stock_dao.go:89.2,89.12 1 1
github.com/w-k-s/McMicroservices/kitchen-service/internal/persistence/stock_dao.go:64.29,79.17 2 1
github.com/w-k-s/McMicroservices/kitchen-service/internal/persistence/stock_dao.go:82.3,82.57 1 1
github.com/w-k-s/McMicroservices/kitchen-service/internal/persistence/stock_dao.go:85.3,85.24 1 1
github.com/w-k-s/McMicroservices/kitchen-service/internal/persistence/stock_dao.go:79.17,81.4 1 0
github.com/w-k-s/McMicroservices/kitchen-service/internal/persistence/stock_dao.go:82.57,84.4 1 0
github.com/w-k-s/McMicroservices/kitchen-service/internal/persistence/stock_dao.go:85.24,87.4 1 1
github.com/w-k-s/McMicroservices/kitchen-service/internal/persistence/stock_dao.go:92.82,106.16 3 1
github.com/w-k-s/McMicroservices/kitchen-service/internal/persistence/stock_dao.go:110.2,113.18 3 1
github.com/w-k-s/McMicroservices/kitchen-service/internal/persistence/stock_dao.go:133.2,133.19 1 1
github.com/w-k-s/McMicroservices/kitchen-service/internal/persistence/stock_dao.go:106.16,109.3 2 0
github.com/w-k-s/McMicroservices/kitchen-service/internal/persistence/stock_dao.go:113.18,119.49 2 1
github.com/w-k-s/McMicroservices/kitchen-service/internal/persistence/stock_dao.go:124.3,125.58 2 1
github.com/w-k-s/McMicroservices/kitchen-service/internal/persistence/stock_dao.go:130.3,130.30 1 1
github.com/w-k-s/McMicroservices/kitchen-service/internal/persistence/stock_dao.go:119.49,121.12 2 0
github.com/w-k-s/McMicroservices/kitchen-service/internal/persistence/stock_dao.go:125.58,127.12 2 0
github.com/w-k-s/McMicroservices/kitchen-service/pkg/services/order_service.go:19.57,21.39 2 1
github.com/w-k-s/McMicroservices/kitchen-service/pkg/services/order_service.go:24.2,24.41 1 1
github.com/w-k-s/McMicroservices/kitchen-service/pkg/services/order_service.go:21.39,23.3 1 1
github.com/w-k-s/McMicroservices/kitchen-service/pkg/services/order_service.go:42.66,43.21 1 1
github.com/w-k-s/McMicroservices/kitchen-service/pkg/services/order_service.go:47.2,49.8 1 1
github.com/w-k-s/McMicroservices/kitchen-service/pkg/services/order_service.go:43.21,45.3 1 0
github.com/w-k-s/McMicroservices/kitchen-service/pkg/services/order_service.go:52.58,57.54 2 1
github.com/w-k-s/McMicroservices/kitchen-service/pkg/services/order_service.go:60.2,60.12 1 1
github.com/w-k-s/McMicroservices/kitchen-service/pkg/services/order_service.go:57.54,59.3 1 0
github.com/w-k-s/McMicroservices/kitchen-service/pkg/services/order_service.go:66.100,75.16 4 1
github.com/w-k-s/McMicroservices/kitchen-service/pkg/services/order_service.go:79.2,87.39 3 1
github.com/w-k-s/McMicroservices/kitchen-service/pkg/services/order_service.go:94.2,95.16 2 1
github.com/w-k-s/McMicroservices/kitchen-service/pkg/services/order_service.go:100.2,100.37 1 1
github.com/w-k-s/McMicroservices/kitchen-service/pkg/services/order_service.go:106.2,109.64 3 1
github.com/w-k-s/McMicroservices/kitchen-service/pkg/services/order_service.go:75.16,77.3 1 0
github.com/w-k-s/McMicroservices/kitchen-service/pkg/services/order_service.go:87.39,88.57 1 1
github.com/w-k-s/McMicroservices/kitchen-service/pkg/services/order_service.go:91.3,91.30 1 1
github.com/w-k-s/McMicroservices/kitchen-service/pkg/services/order_service.go:88.57,90.4 1 0
github.com/w-k-s/McMicroservices/kitchen-service/pkg/services/order_service.go:95.16,98.3 2 1
github.com/w-k-s/McMicroservices/kitchen-service/pkg/services/order_service.go:100.37,103.3 2 0
github.com/w-k-s/McMicroservices/kitchen-service/cmd/server/main.go:19.13,30.2 5 1
github.com/w-k-s/McMicroservices/kitchen-service/cmd/server/main.go:32.13,43.2 5 0
github.com/w-k-s/McMicroservices/kitchen-service/internal/config/config_broker.go:18.52,20.2 1 0
github.com/w-k-s/McMicroservices/kitchen-service/internal/config/config_broker.go:22.50,23.31 1 0
github.com/w-k-s/McMicroservices/kitchen-service/internal/config/config_broker.go:26.2,26.28 1 0
github.com/w-k-s/McMicroservices/kitchen-service/internal/config/config_broker.go:23.31,25.3 1 0
github.com/w-k-s/McMicroservices/kitchen-service/internal/config/config_broker.go:29.56,31.2 1 0
github.com/w-k-s/McMicroservices/kitchen-service/internal/config/config_broker.go:33.56,35.2 1 0
github.com/w-k-s/McMicroservices/kitchen-service/internal/config/config_broker.go:41.16,48.2 1 1
github.com/w-k-s/McMicroservices/kitchen-service/internal/config/config_broker.go:62.66,63.42 1 1
github.com/w-k-s/McMicroservices/kitchen-service/internal/config/config_broker.go:64.24,65.18 1 1
github.com/w-k-s/McMicroservices/kitchen-service/internal/config/config_broker.go:66.22,67.16 1 0
github.com/w-k-s/McMicroservices/kitchen-service/internal/config/config_broker.go:68.10,69.90 1 0
github.com/w-k-s/McMicroservices/kitchen-service/internal/config/config_broker.go:73.87,79.21 2 1
github.com/w-k-s/McMicroservices/kitchen-service/internal/config/config_broker.go:83.2,86.7 1 1
github.com/w-k-s/McMicroservices/kitchen-service/internal/config/config_broker.go:79.21,81.3 1 0
github.com/w-k-s/McMicroservices/kitchen-service/internal/config/config_broker.go:89.43,91.2 1 0
github.com/w-k-s/McMicroservices/kitchen-service/internal/config/config_broker.go:93.60,95.2 1 0
github.com/w-k-s/McMicroservices/kitchen-service/internal/config/config_broker.go:100.41,102.2 1 1
github.com/w-k-s/McMicroservices/kitchen-service/internal/config/config_db.go:15.48,25.2 1 1
github.com/w-k-s/McMicroservices/kitchen-service/internal/config/config_db.go:27.37,29.2 1 1
github.com/w-k-s/McMicroservices/kitchen-service/internal/config/config_db.go:31.37,33.2 1 1
github.com/w-k-s/McMicroservices/kitchen-service/internal/config/config_db.go:35.33,37.2 1 1
github.com/w-k-s/McMicroservices/kitchen-service/internal/config/config_db.go:39.30,41.2 1 1
github.com/w-k-s/McMicroservices/kitchen-service/internal/config/config_db.go:43.33,45.2 1 1
github.com/w-k-s/McMicroservices/kitchen-service/internal/config/config_db.go:47.35,49.2 1 1
github.com/w-k-s/McMicroservices/kitchen-service/internal/config/config_db.go:51.36,53.2 1 1
github.com/w-k-s/McMicroservices/kitchen-service/internal/config/config_db.go:55.39,57.2 1 1
github.com/w-k-s/McMicroservices/kitchen-service/internal/config/config_db.go:59.47,60.30 1 1
github.com/w-k-s/McMicroservices/kitchen-service/internal/config/config_db.go:63.2,63.23 1 1
github.com/w-k-s/McMicroservices/kitchen-service/internal/config/config_db.go:60.30,62.3 1 0
github.com/w-k-s/McMicroservices/kitchen-service/internal/config/config_db.go:66.45,75.2 1 1
github.com/w-k-s/McMicroservices/kitchen-service/internal/config/config_db.go:87.44,92.2 1 1
github.com/w-k-s/McMicroservices/kitchen-service/internal/config/config_db.go:94.73,97.2 2 1
github.com/w-k-s/McMicroservices/kitchen-service/internal/config/config_db.go:99.73,102.2 2 1
github.com/w-k-s/McMicroservices/kitchen-service/internal/config/config_db.go:104.65,107.2 2 1
github.com/w-k-s/McMicroservices/kitchen-service/internal/config/config_db.go:109.62,112.2 2 1
github.com/w-k-s/McMicroservices/kitchen-service/internal/config/config_db.go:114.65,117.2 2 1
github.com/w-k-s/McMicroservices/kitchen-service/internal/config/config_db.go:119.71,122.2 2 0
github.com/w-k-s/McMicroservices/kitchen-service/internal/config/config_db.go:124.87,127.2 2 0
github.com/w-k-s/McMicroservices/kitchen-service/internal/config/config_db.go:129.44,131.2 1 1
github.com/w-k-s/McMicroservices/kitchen-service/internal/config/config_server.go:16.60,24.2 1 1
github.com/w-k-s/McMicroservices/kitchen-service/internal/config/config_server.go:26.34,28.2 1 0
github.com/w-k-s/McMicroservices/kitchen-service/internal/config/config_server.go:30.44,31.27 1 0
github.com/w-k-s/McMicroservices/kitchen-service/internal/config/config_server.go:34.2,34.25 1 0
github.com/w-k-s/McMicroservices/kitchen-service/internal/config/config_server.go:31.27,33.3 1 0
github.com/w-k-s/McMicroservices/kitchen-service/internal/config/config_server.go:37.51,38.24 1 0
github.com/w-k-s/McMicroservices/kitchen-service/internal/config/config_server.go:41.2,41.22 1 0
github.com/w-k-s/McMicroservices/kitchen-service/internal/config/config_server.go:38.24,40.3 1 0
github.com/w-k-s/McMicroservices/kitchen-service/internal/config/config_server.go:44.52,45.25 1 0
github.com/w-k-s/McMicroservices/kitchen-service/internal/config/config_server.go:48.2,48.23 1 0
github.com/w-k-s/McMicroservices/kitchen-service/internal/config/config_server.go:45.25,47.3 1 0
github.com/w-k-s/McMicroservices/kitchen-service/internal/config/config_server.go:51.59,52.32 1 0
github.com/w-k-s/McMicroservices/kitchen-service/internal/config/config_server.go:55.2,55.30 1 0
github.com/w-k-s/McMicroservices/kitchen-service/internal/config/config_server.go:52.32,54.3 1 0
github.com/w-k-s/McMicroservices/kitchen-service/internal/config/config_server.go:58.46,60.2 1 0
github.com/w-k-s/McMicroservices/kitchen-service/internal/config/config_server.go:70.52,77.2 1 1
github.com/w-k-s/McMicroservices/kitchen-service/internal/config/config_server.go:79.70,82.2 2 1
github.com/w-k-s/McMicroservices/kitchen-service/internal/config/config_server.go:84.90,87.2 2 0
github.com/w-k-s/McMicroservices/kitchen-service/internal/config/config_server.go:89.91,92.2 2 0
github.com/w-k-s/McMicroservices/kitchen-service/internal/config/config_server.go:94.90,97.2 2 0
github.com/w-k-s/McMicroservices/kitchen-service/internal/config/config_server.go:99.110,102.2 2 0
github.com/w-k-s/McMicroservices/kitchen-service/internal/config/config_server.go:104.52,106.2 1 1
github.com/w-k-s/McMicroservices/kitchen-service/pkg/kitchen/errors.go:37.34,40.39 3 0
github.com/w-k-s/McMicroservices/kitchen-service/pkg/kitchen/errors.go:43.2,43.13 1 0
github.com/w-k-s/McMicroservices/kitchen-service/pkg/kitchen/errors.go:40.39,42.3 1 0
github.com/w-k-s/McMicroservices/kitchen-service/pkg/kitchen/errors.go:46.33,47.11 1 0
github.com/w-k-s/McMicroservices/kitchen-service/pkg/kitchen/errors.go:48.27,49.14 1 0
github.com/w-k-s/McMicroservices/kitchen-service/pkg/kitchen/errors.go:50.24,51.14 1 0
github.com/w-k-s/McMicroservices/kitchen-service/pkg/kitchen/errors.go:52.28,53.31 1 0
github.com/w-k-s/McMicroservices/kitchen-service/pkg/kitchen/errors.go:55.31,56.14 1 0
github.com/w-k-s/McMicroservices/kitchen-service/pkg/kitchen/errors.go:57.24,58.14 1 0
github.com/w-k-s/McMicroservices/kitchen-service/pkg/kitchen/errors.go:59.22,60.14 1 0
github.com/w-k-s/McMicroservices/kitchen-service/pkg/kitchen/errors.go:61.18,62.14 1 0
github.com/w-k-s/McMicroservices/kitchen-service/pkg/kitchen/errors.go:63.10,64.40 1 0
github.com/w-k-s/McMicroservices/kitchen-service/pkg/kitchen/errors.go:82.41,84.2 1 1
github.com/w-k-s/McMicroservices/kitchen-service/pkg/kitchen/errors.go:86.38,88.2 1 0
github.com/w-k-s/McMicroservices/kitchen-service/pkg/kitchen/errors.go:90.39,92.2 1 1
github.com/w-k-s/McMicroservices/kitchen-service/pkg/kitchen/errors.go:94.51,96.2 1 0
github.com/w-k-s/McMicroservices/kitchen-service/pkg/kitchen/errors.go:98.40,100.2 1 0
github.com/w-k-s/McMicroservices/kitchen-service/pkg/kitchen/errors.go:102.66,109.2 1 1
github.com/w-k-s/McMicroservices/kitchen-service/pkg/kitchen/errors.go:111.102,118.2 1 0
github.com/w-k-s/McMicroservices/kitchen-service/pkg/kitchen/errors.go:120.77,121.22 1 1
github.com/w-k-s/McMicroservices/kitchen-service/pkg/kitchen/errors.go:125.2,126.47 2 0
github.com/w-k-s/McMicroservices/kitchen-service/pkg/kitchen/errors.go:130.2,131.40 2 0
github.com/w-k-s/McMicroservices/kitchen-service/pkg/kitchen/errors.go:134.2,137.14 2 0
github.com/w-k-s/McMicroservices/kitchen-service/pkg/kitchen/errors.go:121.22,123.3 1 1
github.com/w-k-s/McMicroservices/kitchen-service/pkg/kitchen/errors.go:126.47,128.3 1 0
github.com/w-k-s/McMicroservices/kitchen-service/pkg/kitchen/errors.go:131.40,133.3 1 0
