mode: set
github.com/w-k-s/McMicroservices/kitchen-service/pkg/kitchen/errors.go:37.34,40.39 3 0
github.com/w-k-s/McMicroservices/kitchen-service/pkg/kitchen/errors.go:43.2,43.13 1 0
github.com/w-k-s/McMicroservices/kitchen-service/pkg/kitchen/errors.go:40.39,42.3 1 0
github.com/w-k-s/McMicroservices/kitchen-service/pkg/kitchen/errors.go:46.33,47.11 1 1
github.com/w-k-s/McMicroservices/kitchen-service/pkg/kitchen/errors.go:48.27,49.14 1 1
github.com/w-k-s/McMicroservices/kitchen-service/pkg/kitchen/errors.go:50.24,51.14 1 1
github.com/w-k-s/McMicroservices/kitchen-service/pkg/kitchen/errors.go:52.28,53.31 1 1
github.com/w-k-s/McMicroservices/kitchen-service/pkg/kitchen/errors.go:55.31,56.14 1 1
github.com/w-k-s/McMicroservices/kitchen-service/pkg/kitchen/errors.go:57.24,58.14 1 1
github.com/w-k-s/McMicroservices/kitchen-service/pkg/kitchen/errors.go:59.22,60.14 1 1
github.com/w-k-s/McMicroservices/kitchen-service/pkg/kitchen/errors.go:61.18,62.14 1 1
github.com/w-k-s/McMicroservices/kitchen-service/pkg/kitchen/errors.go:63.10,64.40 1 1
github.com/w-k-s/McMicroservices/kitchen-service/pkg/kitchen/errors.go:82.41,84.2 1 1
github.com/w-k-s/McMicroservices/kitchen-service/pkg/kitchen/errors.go:86.38,88.2 1 0
github.com/w-k-s/McMicroservices/kitchen-service/pkg/kitchen/errors.go:90.39,92.2 1 1
github.com/w-k-s/McMicroservices/kitchen-service/pkg/kitchen/errors.go:94.51,96.2 1 0
github.com/w-k-s/McMicroservices/kitchen-service/pkg/kitchen/errors.go:98.40,100.2 1 0
github.com/w-k-s/McMicroservices/kitchen-service/pkg/kitchen/errors.go:102.66,109.2 1 0
github.com/w-k-s/McMicroservices/kitchen-service/pkg/kitchen/errors.go:111.102,118.2 1 1
github.com/w-k-s/McMicroservices/kitchen-service/pkg/kitchen/errors.go:120.77,121.22 1 1
github.com/w-k-s/McMicroservices/kitchen-service/pkg/kitchen/errors.go:125.2,126.47 2 1
github.com/w-k-s/McMicroservices/kitchen-service/pkg/kitchen/errors.go:130.2,131.40 2 1
github.com/w-k-s/McMicroservices/kitchen-service/pkg/kitchen/errors.go:134.2,137.14 2 1
github.com/w-k-s/McMicroservices/kitchen-service/pkg/kitchen/errors.go:121.22,123.3 1 1
github.com/w-k-s/McMicroservices/kitchen-service/pkg/kitchen/errors.go:126.47,128.3 1 1
github.com/w-k-s/McMicroservices/kitchen-service/pkg/kitchen/errors.go:131.40,133.3 1 1
github.com/w-k-s/McMicroservices/kitchen-service/internal/config/config.go:25.106,44.21 3 0
github.com/w-k-s/McMicroservices/kitchen-service/internal/config/config.go:48.2,48.20 1 0
github.com/w-k-s/McMicroservices/kitchen-service/internal/config/config.go:44.21,46.3 1 0
github.com/w-k-s/McMicroservices/kitchen-service/internal/config/config.go:51.39,53.2 1 0
github.com/w-k-s/McMicroservices/kitchen-service/internal/config/config.go:55.37,57.2 1 0
github.com/w-k-s/McMicroservices/kitchen-service/internal/config/config.go:59.39,61.2 1 0
github.com/w-k-s/McMicroservices/kitchen-service/internal/config/config.go:63.46,87.16 3 0
github.com/w-k-s/McMicroservices/kitchen-service/internal/config/config.go:91.2,111.3 1 0
github.com/w-k-s/McMicroservices/kitchen-service/internal/config/config.go:87.16,89.3 1 0
github.com/w-k-s/McMicroservices/kitchen-service/internal/config/config.go:114.47,116.2 1 0
github.com/w-k-s/McMicroservices/kitchen-service/internal/config/config.go:118.37,120.2 1 0
github.com/w-k-s/McMicroservices/kitchen-service/internal/config/config.go:122.46,124.2 1 0
github.com/w-k-s/McMicroservices/kitchen-service/internal/config/config.go:126.40,128.2 1 0
github.com/w-k-s/McMicroservices/kitchen-service/internal/config/config.go:130.40,132.2 1 0
github.com/w-k-s/McMicroservices/kitchen-service/internal/config/config.go:134.31,136.16 2 0
github.com/w-k-s/McMicroservices/kitchen-service/internal/config/config.go:139.2,139.16 1 0
github.com/w-k-s/McMicroservices/kitchen-service/internal/config/config.go:136.16,138.3 1 0
github.com/w-k-s/McMicroservices/kitchen-service/internal/config/config.go:144.73,147.16 3 0
github.com/w-k-s/McMicroservices/kitchen-service/internal/config/config.go:150.2,150.24 1 0
github.com/w-k-s/McMicroservices/kitchen-service/internal/config/config.go:147.16,149.3 1 0
github.com/w-k-s/McMicroservices/kitchen-service/internal/config/config.go:153.96,154.30 1 0
github.com/w-k-s/McMicroservices/kitchen-service/internal/config/config.go:158.2,158.50 1 0
github.com/w-k-s/McMicroservices/kitchen-service/internal/config/config.go:162.2,162.48 1 0
github.com/w-k-s/McMicroservices/kitchen-service/internal/config/config.go:173.2,173.72 1 0
github.com/w-k-s/McMicroservices/kitchen-service/internal/config/config.go:154.30,156.3 1 0
github.com/w-k-s/McMicroservices/kitchen-service/internal/config/config.go:158.50,160.3 1 0
github.com/w-k-s/McMicroservices/kitchen-service/internal/config/config.go:162.48,167.91 2 0
github.com/w-k-s/McMicroservices/kitchen-service/internal/config/config.go:170.3,170.39 1 0
github.com/w-k-s/McMicroservices/kitchen-service/internal/config/config.go:167.91,169.4 1 0
github.com/w-k-s/McMicroservices/kitchen-service/internal/config/config.go:176.46,177.16 1 0
github.com/w-k-s/McMicroservices/kitchen-service/internal/config/config.go:180.2,180.15 1 0
github.com/w-k-s/McMicroservices/kitchen-service/internal/config/config.go:177.16,179.3 1 0
github.com/w-k-s/McMicroservices/kitchen-service/internal/config/config.go:183.31,186.61 3 0
github.com/w-k-s/McMicroservices/kitchen-service/internal/config/config.go:190.2,190.88 1 0
github.com/w-k-s/McMicroservices/kitchen-service/internal/config/config.go:193.2,204.12 4 0
github.com/w-k-s/McMicroservices/kitchen-service/internal/config/config.go:186.61,188.3 1 0
github.com/w-k-s/McMicroservices/kitchen-service/internal/config/config.go:190.88,192.3 1 0
github.com/w-k-s/McMicroservices/kitchen-service/pkg/persistence/dao.go:25.50,26.15 1 0
github.com/w-k-s/McMicroservices/kitchen-service/pkg/persistence/dao.go:29.2,29.62 1 0
github.com/w-k-s/McMicroservices/kitchen-service/pkg/persistence/dao.go:26.15,28.3 1 0
github.com/w-k-s/McMicroservices/kitchen-service/pkg/persistence/dao.go:29.62,31.3 1 0
github.com/w-k-s/McMicroservices/kitchen-service/pkg/persistence/dao.go:34.33,35.15 1 0
github.com/w-k-s/McMicroservices/kitchen-service/pkg/persistence/dao.go:38.2,38.60 1 0
github.com/w-k-s/McMicroservices/kitchen-service/pkg/persistence/dao.go:41.2,41.12 1 0
github.com/w-k-s/McMicroservices/kitchen-service/pkg/persistence/dao.go:35.15,37.3 1 0
github.com/w-k-s/McMicroservices/kitchen-service/pkg/persistence/dao.go:38.60,40.3 1 0
github.com/w-k-s/McMicroservices/kitchen-service/internal/persistence/migrations.go:16.61,20.35 3 0
github.com/w-k-s/McMicroservices/kitchen-service/internal/persistence/migrations.go:24.2,33.17 2 0
github.com/w-k-s/McMicroservices/kitchen-service/internal/persistence/migrations.go:37.2,37.108 1 0
github.com/w-k-s/McMicroservices/kitchen-service/internal/persistence/migrations.go:41.2,41.69 1 0
github.com/w-k-s/McMicroservices/kitchen-service/internal/persistence/migrations.go:45.2,45.12 1 0
github.com/w-k-s/McMicroservices/kitchen-service/internal/persistence/migrations.go:20.35,22.3 1 0
github.com/w-k-s/McMicroservices/kitchen-service/internal/persistence/migrations.go:33.17,35.3 1 0
github.com/w-k-s/McMicroservices/kitchen-service/internal/persistence/migrations.go:37.108,39.3 1 0
github.com/w-k-s/McMicroservices/kitchen-service/internal/persistence/migrations.go:41.69,43.3 1 0
github.com/w-k-s/McMicroservices/kitchen-service/internal/persistence/migrations.go:48.61,49.54 1 0
github.com/w-k-s/McMicroservices/kitchen-service/internal/persistence/migrations.go:52.2,52.34 1 0
github.com/w-k-s/McMicroservices/kitchen-service/internal/persistence/migrations.go:49.54,51.3 1 0
github.com/w-k-s/McMicroservices/kitchen-service/pkg/services/order_service.go:19.57,21.39 2 0
github.com/w-k-s/McMicroservices/kitchen-service/pkg/services/order_service.go:24.2,24.41 1 0
github.com/w-k-s/McMicroservices/kitchen-service/pkg/services/order_service.go:21.39,23.3 1 0
github.com/w-k-s/McMicroservices/kitchen-service/pkg/services/order_service.go:42.66,43.21 1 0
github.com/w-k-s/McMicroservices/kitchen-service/pkg/services/order_service.go:47.2,49.8 1 0
github.com/w-k-s/McMicroservices/kitchen-service/pkg/services/order_service.go:43.21,45.3 1 0
github.com/w-k-s/McMicroservices/kitchen-service/pkg/services/order_service.go:52.58,57.54 2 0
github.com/w-k-s/McMicroservices/kitchen-service/pkg/services/order_service.go:60.2,60.12 1 0
github.com/w-k-s/McMicroservices/kitchen-service/pkg/services/order_service.go:57.54,59.3 1 0
github.com/w-k-s/McMicroservices/kitchen-service/pkg/services/order_service.go:66.100,75.16 4 0
github.com/w-k-s/McMicroservices/kitchen-service/pkg/services/order_service.go:79.2,87.39 3 0
github.com/w-k-s/McMicroservices/kitchen-service/pkg/services/order_service.go:94.2,95.16 2 0
github.com/w-k-s/McMicroservices/kitchen-service/pkg/services/order_service.go:100.2,100.37 1 0
github.com/w-k-s/McMicroservices/kitchen-service/pkg/services/order_service.go:106.2,109.64 3 0
github.com/w-k-s/McMicroservices/kitchen-service/pkg/services/order_service.go:75.16,77.3 1 0
github.com/w-k-s/McMicroservices/kitchen-service/pkg/services/order_service.go:87.39,88.57 1 0
github.com/w-k-s/McMicroservices/kitchen-service/pkg/services/order_service.go:91.3,91.30 1 0
github.com/w-k-s/McMicroservices/kitchen-service/pkg/services/order_service.go:88.57,90.4 1 0
github.com/w-k-s/McMicroservices/kitchen-service/pkg/services/order_service.go:95.16,98.3 2 0
github.com/w-k-s/McMicroservices/kitchen-service/pkg/services/order_service.go:100.37,103.3 2 0
github.com/w-k-s/McMicroservices/kitchen-service/internal/server/order_handler.go:30.16,43.2 4 0
github.com/w-k-s/McMicroservices/kitchen-service/internal/server/order_handler.go:45.65,51.125 2 0
github.com/w-k-s/McMicroservices/kitchen-service/internal/server/order_handler.go:55.2,61.16 1 0
github.com/w-k-s/McMicroservices/kitchen-service/internal/server/order_handler.go:65.2,73.16 1 0
github.com/w-k-s/McMicroservices/kitchen-service/internal/server/order_handler.go:77.2,77.12 1 0
github.com/w-k-s/McMicroservices/kitchen-service/internal/server/order_handler.go:51.125,53.3 1 0
github.com/w-k-s/McMicroservices/kitchen-service/internal/server/order_handler.go:61.16,63.3 1 0
github.com/w-k-s/McMicroservices/kitchen-service/internal/server/order_handler.go:73.16,75.3 1 0
github.com/w-k-s/McMicroservices/kitchen-service/internal/server/order_handler.go:77.12,78.7 1 0
github.com/w-k-s/McMicroservices/kitchen-service/internal/server/order_handler.go:78.7,79.11 1 0
github.com/w-k-s/McMicroservices/kitchen-service/internal/server/order_handler.go:80.22,81.11 1 0
github.com/w-k-s/McMicroservices/kitchen-service/internal/server/order_handler.go:82.37,84.26 2 0
github.com/w-k-s/McMicroservices/kitchen-service/internal/server/order_handler.go:87.5,88.22 2 0
github.com/w-k-s/McMicroservices/kitchen-service/internal/server/order_handler.go:91.5,99.21 1 0
github.com/w-k-s/McMicroservices/kitchen-service/internal/server/order_handler.go:84.26,85.14 1 0
github.com/w-k-s/McMicroservices/kitchen-service/internal/server/order_handler.go:88.22,89.11 1 0
github.com/w-k-s/McMicroservices/kitchen-service/internal/server/order_handler.go:99.21,101.6 1 0
github.com/w-k-s/McMicroservices/kitchen-service/internal/server/order_handler.go:108.32,110.2 1 0
github.com/w-k-s/McMicroservices/kitchen-service/internal/server/order_handler.go:112.97,122.53 4 0
github.com/w-k-s/McMicroservices/kitchen-service/internal/server/order_handler.go:128.2,128.86 1 0
github.com/w-k-s/McMicroservices/kitchen-service/internal/server/order_handler.go:131.2,131.67 1 0
github.com/w-k-s/McMicroservices/kitchen-service/internal/server/order_handler.go:122.53,126.3 2 0
github.com/w-k-s/McMicroservices/kitchen-service/internal/server/order_handler.go:128.86,130.3 1 0
github.com/w-k-s/McMicroservices/kitchen-service/test/test_sender_receiver.go:20.69,24.2 1 0
github.com/w-k-s/McMicroservices/kitchen-service/test/test_sender_receiver.go:26.87,32.52 2 0
github.com/w-k-s/McMicroservices/kitchen-service/test/test_sender_receiver.go:36.2,39.17 1 0
github.com/w-k-s/McMicroservices/kitchen-service/test/test_sender_receiver.go:43.2,43.74 1 0
github.com/w-k-s/McMicroservices/kitchen-service/test/test_sender_receiver.go:32.52,34.3 1 0
github.com/w-k-s/McMicroservices/kitchen-service/test/test_sender_receiver.go:39.17,41.3 1 0
github.com/w-k-s/McMicroservices/kitchen-service/test/test_sender_receiver.go:56.73,66.2 3 0
github.com/w-k-s/McMicroservices/kitchen-service/test/test_sender_receiver.go:68.39,72.2 3 0
github.com/w-k-s/McMicroservices/kitchen-service/test/test_sender_receiver.go:74.60,81.87 2 0
github.com/w-k-s/McMicroservices/kitchen-service/test/test_sender_receiver.go:85.2,85.80 1 0
github.com/w-k-s/McMicroservices/kitchen-service/test/test_sender_receiver.go:89.2,89.103 1 0
github.com/w-k-s/McMicroservices/kitchen-service/test/test_sender_receiver.go:93.2,93.12 1 0
github.com/w-k-s/McMicroservices/kitchen-service/test/test_sender_receiver.go:81.87,83.3 1 0
github.com/w-k-s/McMicroservices/kitchen-service/test/test_sender_receiver.go:85.80,87.3 1 0
github.com/w-k-s/McMicroservices/kitchen-service/test/test_sender_receiver.go:89.103,91.3 1 0
github.com/w-k-s/McMicroservices/kitchen-service/test/test_sender_receiver.go:93.12,95.11 2 0
github.com/w-k-s/McMicroservices/kitchen-service/test/test_sender_receiver.go:95.11,96.11 1 0
github.com/w-k-s/McMicroservices/kitchen-service/test/test_sender_receiver.go:97.25,98.16 1 0
github.com/w-k-s/McMicroservices/kitchen-service/test/test_sender_receiver.go:99.37,100.50 1 0
github.com/w-k-s/McMicroservices/kitchen-service/test/test_sender_receiver.go:106.80,108.39 2 0
github.com/w-k-s/McMicroservices/kitchen-service/test/test_sender_receiver.go:113.2,113.30 1 0
github.com/w-k-s/McMicroservices/kitchen-service/test/test_sender_receiver.go:108.39,110.3 1 0
github.com/w-k-s/McMicroservices/kitchen-service/test/test_sender_receiver.go:110.8,112.3 1 0
github.com/w-k-s/McMicroservices/kitchen-service/test/test_sender_receiver.go:116.116,119.12 3 0
github.com/w-k-s/McMicroservices/kitchen-service/test/test_sender_receiver.go:125.2,125.6 1 0
github.com/w-k-s/McMicroservices/kitchen-service/test/test_sender_receiver.go:119.12,123.3 3 0
github.com/w-k-s/McMicroservices/kitchen-service/test/test_sender_receiver.go:125.6,126.10 1 0
github.com/w-k-s/McMicroservices/kitchen-service/test/test_sender_receiver.go:127.15,129.24 2 0
github.com/w-k-s/McMicroservices/kitchen-service/test/test_sender_receiver.go:130.49,131.30 1 0
github.com/w-k-s/McMicroservices/kitchen-service/test/test_sender_receiver.go:131.30,134.5 2 0
github.com/w-k-s/McMicroservices/kitchen-service/test/test_sender_receiver.go:139.73,141.2 1 0
github.com/w-k-s/McMicroservices/kitchen-service/test/test_sender_receiver.go:143.47,145.2 1 0
github.com/w-k-s/McMicroservices/kitchen-service/test/test_sender_receiver.go:149.52,151.2 1 0
github.com/w-k-s/McMicroservices/kitchen-service/test/test_sender_receiver.go:157.37,159.22 2 0
github.com/w-k-s/McMicroservices/kitchen-service/test/test_sender_receiver.go:162.2,162.12 1 0
github.com/w-k-s/McMicroservices/kitchen-service/test/test_sender_receiver.go:159.22,161.3 1 0
github.com/w-k-s/McMicroservices/kitchen-service/test/test_sender_receiver.go:165.61,166.24 1 0
github.com/w-k-s/McMicroservices/kitchen-service/test/test_sender_receiver.go:169.2,169.20 1 0
github.com/w-k-s/McMicroservices/kitchen-service/test/test_sender_receiver.go:166.24,168.3 1 0
github.com/w-k-s/McMicroservices/kitchen-service/test/test_sender_receiver.go:172.67,174.2 1 0
github.com/w-k-s/McMicroservices/kitchen-service/test/test_sender_receiver.go:176.43,178.22 2 0
github.com/w-k-s/McMicroservices/kitchen-service/test/test_sender_receiver.go:181.2,181.20 1 0
github.com/w-k-s/McMicroservices/kitchen-service/test/test_sender_receiver.go:178.22,180.3 1 0
github.com/w-k-s/McMicroservices/kitchen-service/test/test_sender_receiver.go:184.35,185.19 1 0
github.com/w-k-s/McMicroservices/kitchen-service/test/test_sender_receiver.go:185.19,187.3 1 0
github.com/w-k-s/McMicroservices/kitchen-service/cmd/server/main.go:19.13,30.2 5 1
github.com/w-k-s/McMicroservices/kitchen-service/cmd/server/main.go:32.13,43.2 5 0
github.com/w-k-s/McMicroservices/kitchen-service/internal/config/config_broker.go:7.47,9.2 1 0
github.com/w-k-s/McMicroservices/kitchen-service/internal/config/config_broker.go:13.16,17.2 1 0
github.com/w-k-s/McMicroservices/kitchen-service/internal/config/config_server.go:16.60,24.2 1 0
github.com/w-k-s/McMicroservices/kitchen-service/internal/config/config_server.go:26.34,28.2 1 0
github.com/w-k-s/McMicroservices/kitchen-service/internal/config/config_server.go:30.44,31.27 1 0
github.com/w-k-s/McMicroservices/kitchen-service/internal/config/config_server.go:34.2,34.25 1 0
github.com/w-k-s/McMicroservices/kitchen-service/internal/config/config_server.go:31.27,33.3 1 0
github.com/w-k-s/McMicroservices/kitchen-service/internal/config/config_server.go:37.51,38.24 1 0
github.com/w-k-s/McMicroservices/kitchen-service/internal/config/config_server.go:41.2,41.22 1 0
github.com/w-k-s/McMicroservices/kitchen-service/internal/config/config_server.go:38.24,40.3 1 0
github.com/w-k-s/McMicroservices/kitchen-service/internal/config/config_server.go:44.52,45.25 1 0
github.com/w-k-s/McMicroservices/kitchen-service/internal/config/config_server.go:48.2,48.23 1 0
github.com/w-k-s/McMicroservices/kitchen-service/internal/config/config_server.go:45.25,47.3 1 0
github.com/w-k-s/McMicroservices/kitchen-service/internal/config/config_server.go:51.59,52.32 1 0
github.com/w-k-s/McMicroservices/kitchen-service/internal/config/config_server.go:55.2,55.30 1 0
github.com/w-k-s/McMicroservices/kitchen-service/internal/config/config_server.go:52.32,54.3 1 0
github.com/w-k-s/McMicroservices/kitchen-service/internal/config/config_server.go:58.46,60.2 1 0
github.com/w-k-s/McMicroservices/kitchen-service/internal/config/config_server.go:70.52,77.2 1 0
github.com/w-k-s/McMicroservices/kitchen-service/internal/config/config_server.go:79.70,82.2 2 0
github.com/w-k-s/McMicroservices/kitchen-service/internal/config/config_server.go:84.90,87.2 2 0
github.com/w-k-s/McMicroservices/kitchen-service/internal/config/config_server.go:89.91,92.2 2 0
github.com/w-k-s/McMicroservices/kitchen-service/internal/config/config_server.go:94.90,97.2 2 0
github.com/w-k-s/McMicroservices/kitchen-service/internal/config/config_server.go:99.110,102.2 2 0
github.com/w-k-s/McMicroservices/kitchen-service/internal/config/config_server.go:104.52,106.2 1 0
github.com/w-k-s/McMicroservices/kitchen-service/internal/messages/broker.go:26.111,33.69 2 0
github.com/w-k-s/McMicroservices/kitchen-service/internal/messages/broker.go:37.2,37.48 1 0
github.com/w-k-s/McMicroservices/kitchen-service/internal/messages/broker.go:41.2,41.48 1 0
github.com/w-k-s/McMicroservices/kitchen-service/internal/messages/broker.go:45.2,45.38 1 0
github.com/w-k-s/McMicroservices/kitchen-service/internal/messages/broker.go:33.69,35.3 1 0
github.com/w-k-s/McMicroservices/kitchen-service/internal/messages/broker.go:37.48,39.3 1 0
github.com/w-k-s/McMicroservices/kitchen-service/internal/messages/broker.go:41.48,43.3 1 0
github.com/w-k-s/McMicroservices/kitchen-service/internal/messages/broker.go:48.128,49.16 1 0
github.com/w-k-s/McMicroservices/kitchen-service/internal/messages/broker.go:52.2,52.19 1 0
github.com/w-k-s/McMicroservices/kitchen-service/internal/messages/broker.go:49.16,51.3 1 0
github.com/w-k-s/McMicroservices/kitchen-service/internal/messages/broker.go:55.75,64.37 2 0
github.com/w-k-s/McMicroservices/kitchen-service/internal/messages/broker.go:64.37,73.17 1 0
github.com/w-k-s/McMicroservices/kitchen-service/internal/messages/broker.go:73.17,75.4 1 0
github.com/w-k-s/McMicroservices/kitchen-service/internal/persistence/dao.go:18.55,24.88 2 0
github.com/w-k-s/McMicroservices/kitchen-service/internal/persistence/dao.go:28.2,32.43 4 0
github.com/w-k-s/McMicroservices/kitchen-service/internal/persistence/dao.go:35.2,35.16 1 0
github.com/w-k-s/McMicroservices/kitchen-service/internal/persistence/dao.go:24.88,26.3 1 0
github.com/w-k-s/McMicroservices/kitchen-service/internal/persistence/dao.go:32.43,34.3 1 0
github.com/w-k-s/McMicroservices/kitchen-service/internal/persistence/dao.go:38.50,43.46 2 0
github.com/w-k-s/McMicroservices/kitchen-service/internal/persistence/dao.go:46.2,46.11 1 0
github.com/w-k-s/McMicroservices/kitchen-service/internal/persistence/dao.go:43.46,45.3 1 0
github.com/w-k-s/McMicroservices/kitchen-service/internal/persistence/dao.go:49.48,55.42 2 0
github.com/w-k-s/McMicroservices/kitchen-service/internal/persistence/dao.go:58.2,58.16 1 0
github.com/w-k-s/McMicroservices/kitchen-service/internal/persistence/dao.go:55.42,57.3 1 0
github.com/w-k-s/McMicroservices/kitchen-service/internal/persistence/dao.go:61.41,67.42 2 0
github.com/w-k-s/McMicroservices/kitchen-service/internal/persistence/dao.go:70.2,70.11 1 0
github.com/w-k-s/McMicroservices/kitchen-service/internal/persistence/dao.go:67.42,69.3 1 0
github.com/w-k-s/McMicroservices/kitchen-service/internal/persistence/dao.go:73.40,74.44 1 0
github.com/w-k-s/McMicroservices/kitchen-service/internal/persistence/dao.go:83.2,94.63 4 0
github.com/w-k-s/McMicroservices/kitchen-service/internal/persistence/dao.go:97.2,97.12 1 0
github.com/w-k-s/McMicroservices/kitchen-service/internal/persistence/dao.go:74.44,76.17 2 0
github.com/w-k-s/McMicroservices/kitchen-service/internal/persistence/dao.go:80.3,80.13 1 0
github.com/w-k-s/McMicroservices/kitchen-service/internal/persistence/dao.go:76.17,79.4 2 0
github.com/w-k-s/McMicroservices/kitchen-service/internal/persistence/dao.go:94.63,96.3 1 0
github.com/w-k-s/McMicroservices/kitchen-service/pkg/services/stock_service.go:41.66,42.21 1 0
github.com/w-k-s/McMicroservices/kitchen-service/pkg/services/stock_service.go:46.2,48.8 1 0
github.com/w-k-s/McMicroservices/kitchen-service/pkg/services/stock_service.go:42.21,44.3 1 0
github.com/w-k-s/McMicroservices/kitchen-service/pkg/services/stock_service.go:51.58,56.54 2 0
github.com/w-k-s/McMicroservices/kitchen-service/pkg/services/stock_service.go:59.2,59.12 1 0
github.com/w-k-s/McMicroservices/kitchen-service/pkg/services/stock_service.go:56.54,58.3 1 0
github.com/w-k-s/McMicroservices/kitchen-service/pkg/services/stock_service.go:62.80,70.16 3 0
github.com/w-k-s/McMicroservices/kitchen-service/pkg/services/stock_service.go:74.2,77.16 3 0
github.com/w-k-s/McMicroservices/kitchen-service/pkg/services/stock_service.go:81.2,81.37 1 0
github.com/w-k-s/McMicroservices/kitchen-service/pkg/services/stock_service.go:85.2,87.29 3 0
github.com/w-k-s/McMicroservices/kitchen-service/pkg/services/stock_service.go:91.2,91.34 1 0
github.com/w-k-s/McMicroservices/kitchen-service/pkg/services/stock_service.go:70.16,72.3 1 0
github.com/w-k-s/McMicroservices/kitchen-service/pkg/services/stock_service.go:77.16,79.3 1 0
github.com/w-k-s/McMicroservices/kitchen-service/pkg/services/stock_service.go:81.37,83.3 1 0
github.com/w-k-s/McMicroservices/kitchen-service/pkg/services/stock_service.go:87.29,89.3 1 0
github.com/w-k-s/McMicroservices/kitchen-service/pkg/services/stock_service.go:94.89,101.16 3 0
github.com/w-k-s/McMicroservices/kitchen-service/pkg/services/stock_service.go:105.2,108.40 3 0
github.com/w-k-s/McMicroservices/kitchen-service/pkg/services/stock_service.go:116.2,117.16 2 0
github.com/w-k-s/McMicroservices/kitchen-service/pkg/services/stock_service.go:121.2,121.37 1 0
github.com/w-k-s/McMicroservices/kitchen-service/pkg/services/stock_service.go:125.2,125.12 1 0
github.com/w-k-s/McMicroservices/kitchen-service/pkg/services/stock_service.go:101.16,103.3 1 0
github.com/w-k-s/McMicroservices/kitchen-service/pkg/services/stock_service.go:108.40,110.87 2 0
github.com/w-k-s/McMicroservices/kitchen-service/pkg/services/stock_service.go:113.3,113.41 1 0
github.com/w-k-s/McMicroservices/kitchen-service/pkg/services/stock_service.go:110.87,112.4 1 0
github.com/w-k-s/McMicroservices/kitchen-service/pkg/services/stock_service.go:117.16,119.3 1 0
github.com/w-k-s/McMicroservices/kitchen-service/pkg/services/stock_service.go:121.37,123.3 1 0
github.com/w-k-s/McMicroservices/kitchen-service/internal/server/handler.go:16.83,20.42 4 0
github.com/w-k-s/McMicroservices/kitchen-service/internal/server/handler.go:20.42,22.3 1 0
github.com/w-k-s/McMicroservices/kitchen-service/internal/server/handler.go:25.107,28.42 3 0
github.com/w-k-s/McMicroservices/kitchen-service/internal/server/handler.go:32.2,32.13 1 0
github.com/w-k-s/McMicroservices/kitchen-service/internal/server/handler.go:28.42,31.3 2 0
github.com/w-k-s/McMicroservices/kitchen-service/internal/server/handler.go:35.89,45.40 7 0
github.com/w-k-s/McMicroservices/kitchen-service/internal/server/handler.go:56.2,64.35 1 0
github.com/w-k-s/McMicroservices/kitchen-service/internal/server/handler.go:45.40,51.46 5 0
github.com/w-k-s/McMicroservices/kitchen-service/internal/server/handler.go:51.46,53.4 1 0
github.com/w-k-s/McMicroservices/kitchen-service/internal/server/handler.go:64.35,66.3 1 0
github.com/w-k-s/McMicroservices/kitchen-service/internal/server/handler.go:69.63,70.16 1 0
github.com/w-k-s/McMicroservices/kitchen-service/internal/server/handler.go:73.2,73.15 1 0
github.com/w-k-s/McMicroservices/kitchen-service/internal/server/handler.go:70.16,72.3 1 0
github.com/w-k-s/McMicroservices/kitchen-service/internal/config/config_db.go:15.48,25.2 1 0
github.com/w-k-s/McMicroservices/kitchen-service/internal/config/config_db.go:27.37,29.2 1 0
github.com/w-k-s/McMicroservices/kitchen-service/internal/config/config_db.go:31.37,33.2 1 0
github.com/w-k-s/McMicroservices/kitchen-service/internal/config/config_db.go:35.33,37.2 1 0
github.com/w-k-s/McMicroservices/kitchen-service/internal/config/config_db.go:39.30,41.2 1 0
github.com/w-k-s/McMicroservices/kitchen-service/internal/config/config_db.go:43.33,45.2 1 0
github.com/w-k-s/McMicroservices/kitchen-service/internal/config/config_db.go:47.35,49.2 1 0
github.com/w-k-s/McMicroservices/kitchen-service/internal/config/config_db.go:51.36,53.2 1 0
github.com/w-k-s/McMicroservices/kitchen-service/internal/config/config_db.go:55.39,57.2 1 0
github.com/w-k-s/McMicroservices/kitchen-service/internal/config/config_db.go:59.47,60.30 1 0
github.com/w-k-s/McMicroservices/kitchen-service/internal/config/config_db.go:63.2,63.23 1 0
github.com/w-k-s/McMicroservices/kitchen-service/internal/config/config_db.go:60.30,62.3 1 0
github.com/w-k-s/McMicroservices/kitchen-service/internal/config/config_db.go:66.45,75.2 1 0
github.com/w-k-s/McMicroservices/kitchen-service/internal/config/config_db.go:87.44,92.2 1 0
github.com/w-k-s/McMicroservices/kitchen-service/internal/config/config_db.go:94.73,97.2 2 0
github.com/w-k-s/McMicroservices/kitchen-service/internal/config/config_db.go:99.73,102.2 2 0
github.com/w-k-s/McMicroservices/kitchen-service/internal/config/config_db.go:104.65,107.2 2 0
github.com/w-k-s/McMicroservices/kitchen-service/internal/config/config_db.go:109.62,112.2 2 0
github.com/w-k-s/McMicroservices/kitchen-service/internal/config/config_db.go:114.65,117.2 2 0
github.com/w-k-s/McMicroservices/kitchen-service/internal/config/config_db.go:119.71,122.2 2 0
github.com/w-k-s/McMicroservices/kitchen-service/internal/config/config_db.go:124.87,127.2 2 0
github.com/w-k-s/McMicroservices/kitchen-service/internal/config/config_db.go:129.44,131.2 1 0
github.com/w-k-s/McMicroservices/kitchen-service/internal/config/configsource_s3.go:24.86,30.2 1 0
github.com/w-k-s/McMicroservices/kitchen-service/internal/config/configsource_s3.go:37.47,40.42 3 0
github.com/w-k-s/McMicroservices/kitchen-service/internal/config/configsource_s3.go:43.2,46.8 1 0
github.com/w-k-s/McMicroservices/kitchen-service/internal/config/configsource_s3.go:40.42,42.3 1 0
github.com/w-k-s/McMicroservices/kitchen-service/internal/config/configsource_s3.go:49.32,51.2 1 0
github.com/w-k-s/McMicroservices/kitchen-service/internal/config/configsource_s3.go:53.74,58.72 2 0
github.com/w-k-s/McMicroservices/kitchen-service/internal/config/configsource_s3.go:69.2,69.16 1 0
github.com/w-k-s/McMicroservices/kitchen-service/internal/config/configsource_s3.go:73.2,78.62 4 0
github.com/w-k-s/McMicroservices/kitchen-service/internal/config/configsource_s3.go:82.2,83.16 2 0
github.com/w-k-s/McMicroservices/kitchen-service/internal/config/configsource_s3.go:88.2,89.54 2 0
github.com/w-k-s/McMicroservices/kitchen-service/internal/config/configsource_s3.go:93.2,96.17 1 0
github.com/w-k-s/McMicroservices/kitchen-service/internal/config/configsource_s3.go:104.2,105.16 2 0
github.com/w-k-s/McMicroservices/kitchen-service/internal/config/configsource_s3.go:108.2,108.24 1 0
github.com/w-k-s/McMicroservices/kitchen-service/internal/config/configsource_s3.go:58.72,60.3 1 0
github.com/w-k-s/McMicroservices/kitchen-service/internal/config/configsource_s3.go:60.8,67.3 1 0
github.com/w-k-s/McMicroservices/kitchen-service/internal/config/configsource_s3.go:69.16,71.3 1 0
github.com/w-k-s/McMicroservices/kitchen-service/internal/config/configsource_s3.go:78.62,80.3 1 0
github.com/w-k-s/McMicroservices/kitchen-service/internal/config/configsource_s3.go:83.16,85.3 1 0
github.com/w-k-s/McMicroservices/kitchen-service/internal/config/configsource_s3.go:89.54,91.3 1 0
github.com/w-k-s/McMicroservices/kitchen-service/internal/config/configsource_s3.go:96.17,98.43 2 0
github.com/w-k-s/McMicroservices/kitchen-service/internal/config/configsource_s3.go:101.3,101.95 1 0
github.com/w-k-s/McMicroservices/kitchen-service/internal/config/configsource_s3.go:98.43,100.4 1 0
github.com/w-k-s/McMicroservices/kitchen-service/internal/config/configsource_s3.go:105.16,107.3 1 0
github.com/w-k-s/McMicroservices/kitchen-service/internal/server/application.go:34.38,36.2 1 0
github.com/w-k-s/McMicroservices/kitchen-service/internal/server/application.go:38.45,39.19 1 0
github.com/w-k-s/McMicroservices/kitchen-service/internal/server/application.go:43.2,63.17 10 0
github.com/w-k-s/McMicroservices/kitchen-service/internal/server/application.go:39.19,41.3 1 0
github.com/w-k-s/McMicroservices/kitchen-service/internal/server/application.go:66.37,67.16 1 0
github.com/w-k-s/McMicroservices/kitchen-service/internal/server/application.go:70.2,70.12 1 0
github.com/w-k-s/McMicroservices/kitchen-service/internal/server/application.go:67.16,69.3 1 0
github.com/w-k-s/McMicroservices/kitchen-service/internal/server/application.go:73.34,82.12 2 0
github.com/w-k-s/McMicroservices/kitchen-service/internal/server/application.go:89.2,97.45 6 0
github.com/w-k-s/McMicroservices/kitchen-service/internal/server/application.go:82.12,83.49 1 0
github.com/w-k-s/McMicroservices/kitchen-service/internal/server/application.go:83.49,85.4 1 0
github.com/w-k-s/McMicroservices/kitchen-service/internal/server/application.go:97.45,99.3 1 0
github.com/w-k-s/McMicroservices/kitchen-service/internal/server/application.go:102.38,104.2 1 0
github.com/w-k-s/McMicroservices/kitchen-service/internal/server/application.go:106.25,107.15 1 0
github.com/w-k-s/McMicroservices/kitchen-service/internal/server/application.go:112.2,116.50 3 0
github.com/w-k-s/McMicroservices/kitchen-service/internal/server/application.go:120.2,120.48 1 0
github.com/w-k-s/McMicroservices/kitchen-service/internal/server/application.go:124.2,124.48 1 0
github.com/w-k-s/McMicroservices/kitchen-service/internal/server/application.go:128.2,128.40 1 0
github.com/w-k-s/McMicroservices/kitchen-service/internal/server/application.go:107.15,108.31 1 0
github.com/w-k-s/McMicroservices/kitchen-service/internal/server/application.go:108.31,110.4 1 0
github.com/w-k-s/McMicroservices/kitchen-service/internal/server/application.go:116.50,118.3 1 0
github.com/w-k-s/McMicroservices/kitchen-service/internal/server/application.go:120.48,122.3 1 0
github.com/w-k-s/McMicroservices/kitchen-service/internal/server/application.go:124.48,126.3 1 0
github.com/w-k-s/McMicroservices/kitchen-service/internal/server/application.go:128.40,130.3 1 0
github.com/w-k-s/McMicroservices/kitchen-service/internal/server/application.go:133.42,138.2 2 0
github.com/w-k-s/McMicroservices/kitchen-service/internal/server/application.go:140.41,149.2 5 0
github.com/w-k-s/McMicroservices/kitchen-service/internal/server/application.go:151.41,155.2 3 0
github.com/w-k-s/McMicroservices/kitchen-service/internal/server/stock_handler.go:23.93,35.2 4 0
github.com/w-k-s/McMicroservices/kitchen-service/internal/server/stock_handler.go:37.74,44.64 2 0
github.com/w-k-s/McMicroservices/kitchen-service/internal/server/stock_handler.go:49.2,49.42 1 0
github.com/w-k-s/McMicroservices/kitchen-service/internal/server/stock_handler.go:44.64,47.3 2 0
github.com/w-k-s/McMicroservices/kitchen-service/internal/server/stock_handler.go:52.31,54.2 1 0
github.com/w-k-s/McMicroservices/kitchen-service/internal/server/stock_handler.go:56.69,62.132 2 0
github.com/w-k-s/McMicroservices/kitchen-service/internal/server/stock_handler.go:66.2,71.20 1 0
github.com/w-k-s/McMicroservices/kitchen-service/internal/server/stock_handler.go:75.2,83.16 1 0
github.com/w-k-s/McMicroservices/kitchen-service/internal/server/stock_handler.go:87.2,87.12 1 0
github.com/w-k-s/McMicroservices/kitchen-service/internal/server/stock_handler.go:62.132,64.3 1 0
github.com/w-k-s/McMicroservices/kitchen-service/internal/server/stock_handler.go:71.20,73.3 1 0
github.com/w-k-s/McMicroservices/kitchen-service/internal/server/stock_handler.go:83.16,85.3 1 0
github.com/w-k-s/McMicroservices/kitchen-service/internal/server/stock_handler.go:87.12,88.7 1 0
github.com/w-k-s/McMicroservices/kitchen-service/internal/server/stock_handler.go:88.7,89.11 1 0
github.com/w-k-s/McMicroservices/kitchen-service/internal/server/stock_handler.go:90.22,91.11 1 0
github.com/w-k-s/McMicroservices/kitchen-service/internal/server/stock_handler.go:92.37,94.13 2 0
github.com/w-k-s/McMicroservices/kitchen-service/internal/server/stock_handler.go:100.77,110.64 5 0
github.com/w-k-s/McMicroservices/kitchen-service/internal/server/stock_handler.go:115.2,115.99 1 0
github.com/w-k-s/McMicroservices/kitchen-service/internal/server/stock_handler.go:120.2,120.78 1 0
github.com/w-k-s/McMicroservices/kitchen-service/internal/server/stock_handler.go:110.64,113.3 2 0
github.com/w-k-s/McMicroservices/kitchen-service/internal/server/stock_handler.go:115.99,118.3 2 0
github.com/w-k-s/McMicroservices/kitchen-service/test/await.go:27.49,31.2 1 0
github.com/w-k-s/McMicroservices/kitchen-service/test/await.go:33.60,36.2 2 0
github.com/w-k-s/McMicroservices/kitchen-service/test/await.go:38.60,41.2 2 0
github.com/w-k-s/McMicroservices/kitchen-service/test/await.go:43.24,48.12 4 0
github.com/w-k-s/McMicroservices/kitchen-service/test/await.go:53.2,53.12 1 0
github.com/w-k-s/McMicroservices/kitchen-service/test/await.go:68.2,68.11 1 0
github.com/w-k-s/McMicroservices/kitchen-service/test/await.go:48.12,51.3 2 0
github.com/w-k-s/McMicroservices/kitchen-service/test/await.go:53.12,54.7 1 0
github.com/w-k-s/McMicroservices/kitchen-service/test/await.go:54.7,55.11 1 0
github.com/w-k-s/McMicroservices/kitchen-service/test/await.go:56.19,58.11 2 0
github.com/w-k-s/McMicroservices/kitchen-service/test/await.go:59.20,60.22 1 0
github.com/w-k-s/McMicroservices/kitchen-service/test/await.go:60.22,63.6 2 0
github.com/w-k-s/McMicroservices/kitchen-service/pkg/kitchen/stock.go:21.63,28.77 2 1
github.com/w-k-s/McMicroservices/kitchen-service/pkg/kitchen/stock.go:32.2,35.8 1 1
github.com/w-k-s/McMicroservices/kitchen-service/pkg/kitchen/stock.go:28.77,30.3 1 1
github.com/w-k-s/McMicroservices/kitchen-service/pkg/kitchen/stock.go:38.48,39.16 1 0
github.com/w-k-s/McMicroservices/kitchen-service/pkg/kitchen/stock.go:42.2,42.13 1 0
github.com/w-k-s/McMicroservices/kitchen-service/pkg/kitchen/stock.go:39.16,41.3 1 0
github.com/w-k-s/McMicroservices/kitchen-service/pkg/kitchen/stock.go:45.70,47.2 1 0
github.com/w-k-s/McMicroservices/kitchen-service/pkg/kitchen/stock.go:49.34,51.2 1 1
github.com/w-k-s/McMicroservices/kitchen-service/pkg/kitchen/stock.go:53.33,55.2 1 1
github.com/w-k-s/McMicroservices/kitchen-service/pkg/kitchen/stock.go:57.36,59.2 1 0
github.com/w-k-s/McMicroservices/kitchen-service/pkg/kitchen/stock.go:63.37,63.55 1 0
github.com/w-k-s/McMicroservices/kitchen-service/pkg/kitchen/stock.go:64.37,64.68 1 0
github.com/w-k-s/McMicroservices/kitchen-service/pkg/kitchen/stock.go:65.37,65.75 1 0
github.com/w-k-s/McMicroservices/kitchen-service/internal/persistence/stock_dao.go:17.50,18.17 1 0
github.com/w-k-s/McMicroservices/kitchen-service/internal/persistence/stock_dao.go:21.2,21.41 1 0
github.com/w-k-s/McMicroservices/kitchen-service/internal/persistence/stock_dao.go:18.17,20.3 1 0
github.com/w-k-s/McMicroservices/kitchen-service/internal/persistence/stock_dao.go:24.91,27.29 2 0
github.com/w-k-s/McMicroservices/kitchen-service/internal/persistence/stock_dao.go:54.2,54.12 1 0
github.com/w-k-s/McMicroservices/kitchen-service/internal/persistence/stock_dao.go:27.29,49.17 2 0
github.com/w-k-s/McMicroservices/kitchen-service/internal/persistence/stock_dao.go:49.17,51.4 1 0
github.com/w-k-s/McMicroservices/kitchen-service/internal/persistence/stock_dao.go:57.91,64.29 2 0
github.com/w-k-s/McMicroservices/kitchen-service/internal/persistence/stock_dao.go:89.2,89.12 1 0
github.com/w-k-s/McMicroservices/kitchen-service/internal/persistence/stock_dao.go:64.29,79.17 2 0
github.com/w-k-s/McMicroservices/kitchen-service/internal/persistence/stock_dao.go:82.3,82.57 1 0
github.com/w-k-s/McMicroservices/kitchen-service/internal/persistence/stock_dao.go:85.3,85.24 1 0
github.com/w-k-s/McMicroservices/kitchen-service/internal/persistence/stock_dao.go:79.17,81.4 1 0
github.com/w-k-s/McMicroservices/kitchen-service/internal/persistence/stock_dao.go:82.57,84.4 1 0
github.com/w-k-s/McMicroservices/kitchen-service/internal/persistence/stock_dao.go:85.24,87.4 1 0
github.com/w-k-s/McMicroservices/kitchen-service/internal/persistence/stock_dao.go:92.82,106.16 3 0
github.com/w-k-s/McMicroservices/kitchen-service/internal/persistence/stock_dao.go:109.2,112.18 3 0
github.com/w-k-s/McMicroservices/kitchen-service/internal/persistence/stock_dao.go:132.2,132.19 1 0
github.com/w-k-s/McMicroservices/kitchen-service/internal/persistence/stock_dao.go:106.16,108.3 1 0
github.com/w-k-s/McMicroservices/kitchen-service/internal/persistence/stock_dao.go:112.18,118.49 2 0
github.com/w-k-s/McMicroservices/kitchen-service/internal/persistence/stock_dao.go:123.3,124.58 2 0
github.com/w-k-s/McMicroservices/kitchen-service/internal/persistence/stock_dao.go:129.3,129.30 1 0
github.com/w-k-s/McMicroservices/kitchen-service/internal/persistence/stock_dao.go:118.49,120.12 2 0
github.com/w-k-s/McMicroservices/kitchen-service/internal/persistence/stock_dao.go:124.58,126.12 2 0
github.com/w-k-s/McMicroservices/kitchen-service/internal/server/health_handler.go:18.58,19.15 1 0
github.com/w-k-s/McMicroservices/kitchen-service/internal/server/health_handler.go:22.2,22.42 1 0
github.com/w-k-s/McMicroservices/kitchen-service/internal/server/health_handler.go:19.15,21.3 1 0
github.com/w-k-s/McMicroservices/kitchen-service/internal/server/health_handler.go:25.50,27.16 2 0
github.com/w-k-s/McMicroservices/kitchen-service/internal/server/health_handler.go:30.2,30.16 1 0
github.com/w-k-s/McMicroservices/kitchen-service/internal/server/health_handler.go:27.16,29.3 1 0
github.com/w-k-s/McMicroservices/kitchen-service/internal/server/health_handler.go:33.78,39.2 3 0
github.com/w-k-s/McMicroservices/kitchen-service/internal/server/health_handler.go:41.54,47.47 2 0
github.com/w-k-s/McMicroservices/kitchen-service/internal/server/health_handler.go:52.2,52.11 1 0
github.com/w-k-s/McMicroservices/kitchen-service/internal/server/health_handler.go:47.47,50.3 2 0
github.com/w-k-s/McMicroservices/kitchen-service/internal/server/health_handler.go:62.33,63.13 1 0
github.com/w-k-s/McMicroservices/kitchen-service/internal/server/health_handler.go:66.2,66.15 1 0
github.com/w-k-s/McMicroservices/kitchen-service/internal/server/health_handler.go:63.13,65.3 1 0
github.com/w-k-s/McMicroservices/kitchen-service/internal/server/health_handler.go:69.47,70.11 1 0
github.com/w-k-s/McMicroservices/kitchen-service/internal/server/health_handler.go:71.10,72.14 1 0
github.com/w-k-s/McMicroservices/kitchen-service/internal/server/health_handler.go:73.12,74.34 1 0
github.com/w-k-s/McMicroservices/kitchen-service/internal/server/health_handler.go:75.10,76.50 1 0
github.com/w-k-s/McMicroservices/kitchen-service/internal/server/health_handler.go:80.48,82.48 2 0
github.com/w-k-s/McMicroservices/kitchen-service/internal/server/health_handler.go:85.2,85.13 1 0
github.com/w-k-s/McMicroservices/kitchen-service/internal/server/health_handler.go:93.2,93.12 1 0
github.com/w-k-s/McMicroservices/kitchen-service/internal/server/health_handler.go:82.48,84.3 1 0
github.com/w-k-s/McMicroservices/kitchen-service/internal/server/health_handler.go:86.12,87.10 1 0
github.com/w-k-s/McMicroservices/kitchen-service/internal/server/health_handler.go:88.14,89.12 1 0
github.com/w-k-s/McMicroservices/kitchen-service/internal/server/health_handler.go:90.10,91.47 1 0
github.com/w-k-s/McMicroservices/kitchen-service/internal/server/health_handler.go:96.32,97.11 1 0
github.com/w-k-s/McMicroservices/kitchen-service/internal/server/health_handler.go:98.10,99.23 1 0
github.com/w-k-s/McMicroservices/kitchen-service/internal/server/health_handler.go:100.10,101.40 1 0
github.com/w-k-s/McMicroservices/kitchen-service/internal/server/health_handler.go:107.51,109.32 2 0
github.com/w-k-s/McMicroservices/kitchen-service/internal/server/health_handler.go:112.2,112.16 1 0
github.com/w-k-s/McMicroservices/kitchen-service/internal/server/health_handler.go:109.32,111.3 1 0
github.com/w-k-s/McMicroservices/kitchen-service/internal/config/config_db.go:15.48,25.2 1 0
github.com/w-k-s/McMicroservices/kitchen-service/internal/config/config_db.go:27.37,29.2 1 0
github.com/w-k-s/McMicroservices/kitchen-service/internal/config/config_db.go:31.37,33.2 1 0
github.com/w-k-s/McMicroservices/kitchen-service/internal/config/config_db.go:35.33,37.2 1 0
github.com/w-k-s/McMicroservices/kitchen-service/internal/config/config_db.go:39.30,41.2 1 0
github.com/w-k-s/McMicroservices/kitchen-service/internal/config/config_db.go:43.33,45.2 1 0
github.com/w-k-s/McMicroservices/kitchen-service/internal/config/config_db.go:47.35,49.2 1 0
github.com/w-k-s/McMicroservices/kitchen-service/internal/config/config_db.go:51.36,53.2 1 0
github.com/w-k-s/McMicroservices/kitchen-service/internal/config/config_db.go:55.39,57.2 1 0
github.com/w-k-s/McMicroservices/kitchen-service/internal/config/config_db.go:59.47,60.30 1 0
github.com/w-k-s/McMicroservices/kitchen-service/internal/config/config_db.go:63.2,63.23 1 0
github.com/w-k-s/McMicroservices/kitchen-service/internal/config/config_db.go:60.30,62.3 1 0
github.com/w-k-s/McMicroservices/kitchen-service/internal/config/config_db.go:66.45,75.2 1 0
github.com/w-k-s/McMicroservices/kitchen-service/internal/config/config_db.go:87.44,92.2 1 0
github.com/w-k-s/McMicroservices/kitchen-service/internal/config/config_db.go:94.73,97.2 2 0
github.com/w-k-s/McMicroservices/kitchen-service/internal/config/config_db.go:99.73,102.2 2 0
github.com/w-k-s/McMicroservices/kitchen-service/internal/config/config_db.go:104.65,107.2 2 0
github.com/w-k-s/McMicroservices/kitchen-service/internal/config/config_db.go:109.62,112.2 2 0
github.com/w-k-s/McMicroservices/kitchen-service/internal/config/config_db.go:114.65,117.2 2 0
github.com/w-k-s/McMicroservices/kitchen-service/internal/config/config_db.go:119.71,122.2 2 0
github.com/w-k-s/McMicroservices/kitchen-service/internal/config/config_db.go:124.87,127.2 2 0
github.com/w-k-s/McMicroservices/kitchen-service/internal/config/config_db.go:129.44,131.2 1 0
github.com/w-k-s/McMicroservices/kitchen-service/internal/config/config_server.go:16.60,24.2 1 0
github.com/w-k-s/McMicroservices/kitchen-service/internal/config/config_server.go:26.34,28.2 1 0
github.com/w-k-s/McMicroservices/kitchen-service/internal/config/config_server.go:30.44,31.27 1 0
github.com/w-k-s/McMicroservices/kitchen-service/internal/config/config_server.go:34.2,34.25 1 0
github.com/w-k-s/McMicroservices/kitchen-service/internal/config/config_server.go:31.27,33.3 1 0
github.com/w-k-s/McMicroservices/kitchen-service/internal/config/config_server.go:37.51,38.24 1 0
github.com/w-k-s/McMicroservices/kitchen-service/internal/config/config_server.go:41.2,41.22 1 0
github.com/w-k-s/McMicroservices/kitchen-service/internal/config/config_server.go:38.24,40.3 1 0
github.com/w-k-s/McMicroservices/kitchen-service/internal/config/config_server.go:44.52,45.25 1 0
github.com/w-k-s/McMicroservices/kitchen-service/internal/config/config_server.go:48.2,48.23 1 0
github.com/w-k-s/McMicroservices/kitchen-service/internal/config/config_server.go:45.25,47.3 1 0
github.com/w-k-s/McMicroservices/kitchen-service/internal/config/config_server.go:51.59,52.32 1 0
github.com/w-k-s/McMicroservices/kitchen-service/internal/config/config_server.go:55.2,55.30 1 0
github.com/w-k-s/McMicroservices/kitchen-service/internal/config/config_server.go:52.32,54.3 1 0
github.com/w-k-s/McMicroservices/kitchen-service/internal/config/config_server.go:58.46,60.2 1 0
github.com/w-k-s/McMicroservices/kitchen-service/internal/config/config_server.go:70.52,77.2 1 0
github.com/w-k-s/McMicroservices/kitchen-service/internal/config/config_server.go:79.70,82.2 2 0
github.com/w-k-s/McMicroservices/kitchen-service/internal/config/config_server.go:84.90,87.2 2 0
github.com/w-k-s/McMicroservices/kitchen-service/internal/config/config_server.go:89.91,92.2 2 0
github.com/w-k-s/McMicroservices/kitchen-service/internal/config/config_server.go:94.90,97.2 2 0
github.com/w-k-s/McMicroservices/kitchen-service/internal/config/config_server.go:99.110,102.2 2 0
github.com/w-k-s/McMicroservices/kitchen-service/internal/config/config_server.go:104.52,106.2 1 0
github.com/w-k-s/McMicroservices/kitchen-service/pkg/kitchen/errors.go:37.34,40.39 3 0
github.com/w-k-s/McMicroservices/kitchen-service/pkg/kitchen/errors.go:43.2,43.13 1 0
github.com/w-k-s/McMicroservices/kitchen-service/pkg/kitchen/errors.go:40.39,42.3 1 0
github.com/w-k-s/McMicroservices/kitchen-service/pkg/kitchen/errors.go:46.33,47.11 1 0
github.com/w-k-s/McMicroservices/kitchen-service/pkg/kitchen/errors.go:48.27,49.14 1 0
github.com/w-k-s/McMicroservices/kitchen-service/pkg/kitchen/errors.go:50.24,51.14 1 0
github.com/w-k-s/McMicroservices/kitchen-service/pkg/kitchen/errors.go:52.28,53.31 1 0
github.com/w-k-s/McMicroservices/kitchen-service/pkg/kitchen/errors.go:55.31,56.14 1 0
github.com/w-k-s/McMicroservices/kitchen-service/pkg/kitchen/errors.go:57.24,58.14 1 0
github.com/w-k-s/McMicroservices/kitchen-service/pkg/kitchen/errors.go:59.22,60.14 1 0
github.com/w-k-s/McMicroservices/kitchen-service/pkg/kitchen/errors.go:61.18,62.14 1 0
github.com/w-k-s/McMicroservices/kitchen-service/pkg/kitchen/errors.go:63.10,64.40 1 0
github.com/w-k-s/McMicroservices/kitchen-service/pkg/kitchen/errors.go:82.41,84.2 1 0
github.com/w-k-s/McMicroservices/kitchen-service/pkg/kitchen/errors.go:86.38,88.2 1 0
github.com/w-k-s/McMicroservices/kitchen-service/pkg/kitchen/errors.go:90.39,92.2 1 0
github.com/w-k-s/McMicroservices/kitchen-service/pkg/kitchen/errors.go:94.51,96.2 1 0
github.com/w-k-s/McMicroservices/kitchen-service/pkg/kitchen/errors.go:98.40,100.2 1 0
github.com/w-k-s/McMicroservices/kitchen-service/pkg/kitchen/errors.go:102.66,109.2 1 0
github.com/w-k-s/McMicroservices/kitchen-service/pkg/kitchen/errors.go:111.102,118.2 1 0
github.com/w-k-s/McMicroservices/kitchen-service/pkg/kitchen/errors.go:120.77,121.22 1 0
github.com/w-k-s/McMicroservices/kitchen-service/pkg/kitchen/errors.go:125.2,126.47 2 0
github.com/w-k-s/McMicroservices/kitchen-service/pkg/kitchen/errors.go:130.2,131.40 2 0
github.com/w-k-s/McMicroservices/kitchen-service/pkg/kitchen/errors.go:134.2,137.14 2 0
github.com/w-k-s/McMicroservices/kitchen-service/pkg/kitchen/errors.go:121.22,123.3 1 0
github.com/w-k-s/McMicroservices/kitchen-service/pkg/kitchen/errors.go:126.47,128.3 1 0
github.com/w-k-s/McMicroservices/kitchen-service/pkg/kitchen/errors.go:131.40,133.3 1 0
github.com/w-k-s/McMicroservices/kitchen-service/pkg/services/order_service.go:19.57,21.39 2 0
github.com/w-k-s/McMicroservices/kitchen-service/pkg/services/order_service.go:24.2,24.41 1 0
github.com/w-k-s/McMicroservices/kitchen-service/pkg/services/order_service.go:21.39,23.3 1 0
github.com/w-k-s/McMicroservices/kitchen-service/pkg/services/order_service.go:42.66,43.21 1 0
github.com/w-k-s/McMicroservices/kitchen-service/pkg/services/order_service.go:47.2,49.8 1 0
github.com/w-k-s/McMicroservices/kitchen-service/pkg/services/order_service.go:43.21,45.3 1 0
github.com/w-k-s/McMicroservices/kitchen-service/pkg/services/order_service.go:52.58,57.54 2 0
github.com/w-k-s/McMicroservices/kitchen-service/pkg/services/order_service.go:60.2,60.12 1 0
github.com/w-k-s/McMicroservices/kitchen-service/pkg/services/order_service.go:57.54,59.3 1 0
github.com/w-k-s/McMicroservices/kitchen-service/pkg/services/order_service.go:66.100,75.16 4 0
github.com/w-k-s/McMicroservices/kitchen-service/pkg/services/order_service.go:79.2,87.39 3 0
github.com/w-k-s/McMicroservices/kitchen-service/pkg/services/order_service.go:94.2,95.16 2 0
github.com/w-k-s/McMicroservices/kitchen-service/pkg/services/order_service.go:100.2,100.37 1 0
github.com/w-k-s/McMicroservices/kitchen-service/pkg/services/order_service.go:106.2,109.64 3 0
github.com/w-k-s/McMicroservices/kitchen-service/pkg/services/order_service.go:75.16,77.3 1 0
github.com/w-k-s/McMicroservices/kitchen-service/pkg/services/order_service.go:87.39,88.57 1 0
github.com/w-k-s/McMicroservices/kitchen-service/pkg/services/order_service.go:91.3,91.30 1 0
github.com/w-k-s/McMicroservices/kitchen-service/pkg/services/order_service.go:88.57,90.4 1 0
github.com/w-k-s/McMicroservices/kitchen-service/pkg/services/order_service.go:95.16,98.3 2 0
github.com/w-k-s/McMicroservices/kitchen-service/pkg/services/order_service.go:100.37,103.3 2 0
github.com/w-k-s/McMicroservices/kitchen-service/test/await.go:27.49,31.2 1 0
github.com/w-k-s/McMicroservices/kitchen-service/test/await.go:33.60,36.2 2 0
github.com/w-k-s/McMicroservices/kitchen-service/test/await.go:38.60,41.2 2 0
github.com/w-k-s/McMicroservices/kitchen-service/test/await.go:43.24,48.12 4 0
github.com/w-k-s/McMicroservices/kitchen-service/test/await.go:53.2,53.12 1 0
github.com/w-k-s/McMicroservices/kitchen-service/test/await.go:68.2,68.11 1 0
github.com/w-k-s/McMicroservices/kitchen-service/test/await.go:48.12,51.3 2 0
github.com/w-k-s/McMicroservices/kitchen-service/test/await.go:53.12,54.7 1 0
github.com/w-k-s/McMicroservices/kitchen-service/test/await.go:54.7,55.11 1 0
github.com/w-k-s/McMicroservices/kitchen-service/test/await.go:56.19,58.11 2 0
github.com/w-k-s/McMicroservices/kitchen-service/test/await.go:59.20,60.22 1 0
github.com/w-k-s/McMicroservices/kitchen-service/test/await.go:60.22,63.6 2 0
github.com/w-k-s/McMicroservices/kitchen-service/internal/server/application.go:34.38,36.2 1 0
github.com/w-k-s/McMicroservices/kitchen-service/internal/server/application.go:38.45,39.19 1 0
github.com/w-k-s/McMicroservices/kitchen-service/internal/server/application.go:43.2,63.17 10 0
github.com/w-k-s/McMicroservices/kitchen-service/internal/server/application.go:39.19,41.3 1 0
github.com/w-k-s/McMicroservices/kitchen-service/internal/server/application.go:66.37,67.16 1 0
github.com/w-k-s/McMicroservices/kitchen-service/internal/server/application.go:70.2,70.12 1 0
github.com/w-k-s/McMicroservices/kitchen-service/internal/server/application.go:67.16,69.3 1 0
github.com/w-k-s/McMicroservices/kitchen-service/internal/server/application.go:73.34,82.12 2 0
github.com/w-k-s/McMicroservices/kitchen-service/internal/server/application.go:89.2,97.45 6 0
github.com/w-k-s/McMicroservices/kitchen-service/internal/server/application.go:82.12,83.49 1 0
github.com/w-k-s/McMicroservices/kitchen-service/internal/server/application.go:83.49,85.4 1 0
github.com/w-k-s/McMicroservices/kitchen-service/internal/server/application.go:97.45,99.3 1 0
github.com/w-k-s/McMicroservices/kitchen-service/internal/server/application.go:102.38,104.2 1 0
github.com/w-k-s/McMicroservices/kitchen-service/internal/server/application.go:106.25,107.15 1 0
github.com/w-k-s/McMicroservices/kitchen-service/internal/server/application.go:112.2,116.50 3 0
github.com/w-k-s/McMicroservices/kitchen-service/internal/server/application.go:120.2,120.48 1 0
github.com/w-k-s/McMicroservices/kitchen-service/internal/server/application.go:124.2,124.48 1 0
github.com/w-k-s/McMicroservices/kitchen-service/internal/server/application.go:128.2,128.40 1 0
github.com/w-k-s/McMicroservices/kitchen-service/internal/server/application.go:107.15,108.31 1 0
github.com/w-k-s/McMicroservices/kitchen-service/internal/server/application.go:108.31,110.4 1 0
github.com/w-k-s/McMicroservices/kitchen-service/internal/server/application.go:116.50,118.3 1 0
github.com/w-k-s/McMicroservices/kitchen-service/internal/server/application.go:120.48,122.3 1 0
github.com/w-k-s/McMicroservices/kitchen-service/internal/server/application.go:124.48,126.3 1 0
github.com/w-k-s/McMicroservices/kitchen-service/internal/server/application.go:128.40,130.3 1 0
github.com/w-k-s/McMicroservices/kitchen-service/internal/server/application.go:133.42,138.2 2 0
github.com/w-k-s/McMicroservices/kitchen-service/internal/server/application.go:140.41,149.2 5 0
github.com/w-k-s/McMicroservices/kitchen-service/internal/server/application.go:151.41,155.2 3 0
github.com/w-k-s/McMicroservices/kitchen-service/internal/server/health_handler.go:18.58,19.15 1 0
github.com/w-k-s/McMicroservices/kitchen-service/internal/server/health_handler.go:22.2,22.42 1 0
github.com/w-k-s/McMicroservices/kitchen-service/internal/server/health_handler.go:19.15,21.3 1 0
github.com/w-k-s/McMicroservices/kitchen-service/internal/server/health_handler.go:25.50,27.16 2 0
github.com/w-k-s/McMicroservices/kitchen-service/internal/server/health_handler.go:30.2,30.16 1 0
github.com/w-k-s/McMicroservices/kitchen-service/internal/server/health_handler.go:27.16,29.3 1 0
github.com/w-k-s/McMicroservices/kitchen-service/internal/server/health_handler.go:33.78,39.2 3 0
github.com/w-k-s/McMicroservices/kitchen-service/internal/server/health_handler.go:41.54,47.47 2 0
github.com/w-k-s/McMicroservices/kitchen-service/internal/server/health_handler.go:52.2,52.11 1 0
github.com/w-k-s/McMicroservices/kitchen-service/internal/server/health_handler.go:47.47,50.3 2 0
github.com/w-k-s/McMicroservices/kitchen-service/internal/server/health_handler.go:62.33,63.13 1 1
github.com/w-k-s/McMicroservices/kitchen-service/internal/server/health_handler.go:66.2,66.15 1 1
github.com/w-k-s/McMicroservices/kitchen-service/internal/server/health_handler.go:63.13,65.3 1 1
github.com/w-k-s/McMicroservices/kitchen-service/internal/server/health_handler.go:69.47,70.11 1 1
github.com/w-k-s/McMicroservices/kitchen-service/internal/server/health_handler.go:71.10,72.14 1 1
github.com/w-k-s/McMicroservices/kitchen-service/internal/server/health_handler.go:73.12,74.34 1 1
github.com/w-k-s/McMicroservices/kitchen-service/internal/server/health_handler.go:75.10,76.50 1 0
github.com/w-k-s/McMicroservices/kitchen-service/internal/server/health_handler.go:80.48,82.48 2 0
github.com/w-k-s/McMicroservices/kitchen-service/internal/server/health_handler.go:85.2,85.13 1 0
github.com/w-k-s/McMicroservices/kitchen-service/internal/server/health_handler.go:93.2,93.12 1 0
github.com/w-k-s/McMicroservices/kitchen-service/internal/server/health_handler.go:82.48,84.3 1 0
github.com/w-k-s/McMicroservices/kitchen-service/internal/server/health_handler.go:86.12,87.10 1 0
github.com/w-k-s/McMicroservices/kitchen-service/internal/server/health_handler.go:88.14,89.12 1 0
github.com/w-k-s/McMicroservices/kitchen-service/internal/server/health_handler.go:90.10,91.47 1 0
github.com/w-k-s/McMicroservices/kitchen-service/internal/server/health_handler.go:96.32,97.11 1 1
github.com/w-k-s/McMicroservices/kitchen-service/internal/server/health_handler.go:98.10,99.23 1 1
github.com/w-k-s/McMicroservices/kitchen-service/internal/server/health_handler.go:100.10,101.40 1 1
github.com/w-k-s/McMicroservices/kitchen-service/internal/server/health_handler.go:107.51,109.32 2 1
github.com/w-k-s/McMicroservices/kitchen-service/internal/server/health_handler.go:112.2,112.16 1 1
github.com/w-k-s/McMicroservices/kitchen-service/internal/server/health_handler.go:109.32,111.3 1 1
github.com/w-k-s/McMicroservices/kitchen-service/internal/config/config.go:25.106,44.21 3 0
github.com/w-k-s/McMicroservices/kitchen-service/internal/config/config.go:48.2,48.20 1 0
github.com/w-k-s/McMicroservices/kitchen-service/internal/config/config.go:44.21,46.3 1 0
github.com/w-k-s/McMicroservices/kitchen-service/internal/config/config.go:51.39,53.2 1 0
github.com/w-k-s/McMicroservices/kitchen-service/internal/config/config.go:55.37,57.2 1 0
github.com/w-k-s/McMicroservices/kitchen-service/internal/config/config.go:59.39,61.2 1 0
github.com/w-k-s/McMicroservices/kitchen-service/internal/config/config.go:63.46,87.16 3 0
github.com/w-k-s/McMicroservices/kitchen-service/internal/config/config.go:91.2,111.3 1 0
github.com/w-k-s/McMicroservices/kitchen-service/internal/config/config.go:87.16,89.3 1 0
github.com/w-k-s/McMicroservices/kitchen-service/internal/config/config.go:114.47,116.2 1 0
github.com/w-k-s/McMicroservices/kitchen-service/internal/config/config.go:118.37,120.2 1 0
github.com/w-k-s/McMicroservices/kitchen-service/internal/config/config.go:122.46,124.2 1 0
github.com/w-k-s/McMicroservices/kitchen-service/internal/config/config.go:126.40,128.2 1 0
github.com/w-k-s/McMicroservices/kitchen-service/internal/config/config.go:130.40,132.2 1 0
github.com/w-k-s/McMicroservices/kitchen-service/internal/config/config.go:134.31,136.16 2 0
github.com/w-k-s/McMicroservices/kitchen-service/internal/config/config.go:139.2,139.16 1 0
github.com/w-k-s/McMicroservices/kitchen-service/internal/config/config.go:136.16,138.3 1 0
github.com/w-k-s/McMicroservices/kitchen-service/internal/config/config.go:144.73,147.16 3 0
github.com/w-k-s/McMicroservices/kitchen-service/internal/config/config.go:150.2,150.24 1 0
github.com/w-k-s/McMicroservices/kitchen-service/internal/config/config.go:147.16,149.3 1 0
github.com/w-k-s/McMicroservices/kitchen-service/internal/config/config.go:153.96,154.30 1 0
github.com/w-k-s/McMicroservices/kitchen-service/internal/config/config.go:158.2,158.50 1 0
github.com/w-k-s/McMicroservices/kitchen-service/internal/config/config.go:162.2,162.48 1 0
github.com/w-k-s/McMicroservices/kitchen-service/internal/config/config.go:173.2,173.72 1 0
github.com/w-k-s/McMicroservices/kitchen-service/internal/config/config.go:154.30,156.3 1 0
github.com/w-k-s/McMicroservices/kitchen-service/internal/config/config.go:158.50,160.3 1 0
github.com/w-k-s/McMicroservices/kitchen-service/internal/config/config.go:162.48,167.91 2 0
github.com/w-k-s/McMicroservices/kitchen-service/internal/config/config.go:170.3,170.39 1 0
github.com/w-k-s/McMicroservices/kitchen-service/internal/config/config.go:167.91,169.4 1 0
github.com/w-k-s/McMicroservices/kitchen-service/internal/config/config.go:176.46,177.16 1 0
github.com/w-k-s/McMicroservices/kitchen-service/internal/config/config.go:180.2,180.15 1 0
github.com/w-k-s/McMicroservices/kitchen-service/internal/config/config.go:177.16,179.3 1 0
github.com/w-k-s/McMicroservices/kitchen-service/internal/config/config.go:183.31,186.61 3 0
github.com/w-k-s/McMicroservices/kitchen-service/internal/config/config.go:190.2,190.88 1 0
github.com/w-k-s/McMicroservices/kitchen-service/internal/config/config.go:193.2,204.12 4 0
github.com/w-k-s/McMicroservices/kitchen-service/internal/config/config.go:186.61,188.3 1 0
github.com/w-k-s/McMicroservices/kitchen-service/internal/config/config.go:190.88,192.3 1 0
github.com/w-k-s/McMicroservices/kitchen-service/internal/server/order_handler.go:30.16,43.2 4 0
github.com/w-k-s/McMicroservices/kitchen-service/internal/server/order_handler.go:45.65,51.125 2 0
github.com/w-k-s/McMicroservices/kitchen-service/internal/server/order_handler.go:55.2,61.16 1 0
github.com/w-k-s/McMicroservices/kitchen-service/internal/server/order_handler.go:65.2,73.16 1 0
github.com/w-k-s/McMicroservices/kitchen-service/internal/server/order_handler.go:77.2,77.12 1 0
github.com/w-k-s/McMicroservices/kitchen-service/internal/server/order_handler.go:51.125,53.3 1 0
github.com/w-k-s/McMicroservices/kitchen-service/internal/server/order_handler.go:61.16,63.3 1 0
github.com/w-k-s/McMicroservices/kitchen-service/internal/server/order_handler.go:73.16,75.3 1 0
github.com/w-k-s/McMicroservices/kitchen-service/internal/server/order_handler.go:77.12,78.7 1 0
github.com/w-k-s/McMicroservices/kitchen-service/internal/server/order_handler.go:78.7,79.11 1 0
github.com/w-k-s/McMicroservices/kitchen-service/internal/server/order_handler.go:80.22,81.11 1 0
github.com/w-k-s/McMicroservices/kitchen-service/internal/server/order_handler.go:82.37,84.26 2 0
github.com/w-k-s/McMicroservices/kitchen-service/internal/server/order_handler.go:87.5,88.22 2 0
github.com/w-k-s/McMicroservices/kitchen-service/internal/server/order_handler.go:91.5,99.21 1 0
github.com/w-k-s/McMicroservices/kitchen-service/internal/server/order_handler.go:84.26,85.14 1 0
github.com/w-k-s/McMicroservices/kitchen-service/internal/server/order_handler.go:88.22,89.11 1 0
github.com/w-k-s/McMicroservices/kitchen-service/internal/server/order_handler.go:99.21,101.6 1 0
github.com/w-k-s/McMicroservices/kitchen-service/internal/server/order_handler.go:108.32,110.2 1 0
github.com/w-k-s/McMicroservices/kitchen-service/internal/server/order_handler.go:112.97,122.53 4 0
github.com/w-k-s/McMicroservices/kitchen-service/internal/server/order_handler.go:128.2,128.86 1 0
github.com/w-k-s/McMicroservices/kitchen-service/internal/server/order_handler.go:131.2,131.67 1 0
github.com/w-k-s/McMicroservices/kitchen-service/internal/server/order_handler.go:122.53,126.3 2 0
github.com/w-k-s/McMicroservices/kitchen-service/internal/server/order_handler.go:128.86,130.3 1 0
github.com/w-k-s/McMicroservices/kitchen-service/test/test_sender_receiver.go:20.69,24.2 1 0
github.com/w-k-s/McMicroservices/kitchen-service/test/test_sender_receiver.go:26.87,32.52 2 0
github.com/w-k-s/McMicroservices/kitchen-service/test/test_sender_receiver.go:36.2,39.17 1 0
github.com/w-k-s/McMicroservices/kitchen-service/test/test_sender_receiver.go:43.2,43.74 1 0
github.com/w-k-s/McMicroservices/kitchen-service/test/test_sender_receiver.go:32.52,34.3 1 0
github.com/w-k-s/McMicroservices/kitchen-service/test/test_sender_receiver.go:39.17,41.3 1 0
github.com/w-k-s/McMicroservices/kitchen-service/test/test_sender_receiver.go:56.73,66.2 3 0
github.com/w-k-s/McMicroservices/kitchen-service/test/test_sender_receiver.go:68.39,72.2 3 0
github.com/w-k-s/McMicroservices/kitchen-service/test/test_sender_receiver.go:74.60,81.87 2 0
github.com/w-k-s/McMicroservices/kitchen-service/test/test_sender_receiver.go:85.2,85.80 1 0
github.com/w-k-s/McMicroservices/kitchen-service/test/test_sender_receiver.go:89.2,89.103 1 0
github.com/w-k-s/McMicroservices/kitchen-service/test/test_sender_receiver.go:93.2,93.12 1 0
github.com/w-k-s/McMicroservices/kitchen-service/test/test_sender_receiver.go:81.87,83.3 1 0
github.com/w-k-s/McMicroservices/kitchen-service/test/test_sender_receiver.go:85.80,87.3 1 0
github.com/w-k-s/McMicroservices/kitchen-service/test/test_sender_receiver.go:89.103,91.3 1 0
github.com/w-k-s/McMicroservices/kitchen-service/test/test_sender_receiver.go:93.12,95.11 2 0
github.com/w-k-s/McMicroservices/kitchen-service/test/test_sender_receiver.go:95.11,96.11 1 0
github.com/w-k-s/McMicroservices/kitchen-service/test/test_sender_receiver.go:97.25,98.16 1 0
github.com/w-k-s/McMicroservices/kitchen-service/test/test_sender_receiver.go:99.37,100.50 1 0
github.com/w-k-s/McMicroservices/kitchen-service/test/test_sender_receiver.go:106.80,108.39 2 0
github.com/w-k-s/McMicroservices/kitchen-service/test/test_sender_receiver.go:113.2,113.30 1 0
github.com/w-k-s/McMicroservices/kitchen-service/test/test_sender_receiver.go:108.39,110.3 1 0
github.com/w-k-s/McMicroservices/kitchen-service/test/test_sender_receiver.go:110.8,112.3 1 0
github.com/w-k-s/McMicroservices/kitchen-service/test/test_sender_receiver.go:116.116,119.12 3 0
github.com/w-k-s/McMicroservices/kitchen-service/test/test_sender_receiver.go:125.2,125.6 1 0
github.com/w-k-s/McMicroservices/kitchen-service/test/test_sender_receiver.go:119.12,123.3 3 0
github.com/w-k-s/McMicroservices/kitchen-service/test/test_sender_receiver.go:125.6,126.10 1 0
github.com/w-k-s/McMicroservices/kitchen-service/test/test_sender_receiver.go:127.15,129.24 2 0
github.com/w-k-s/McMicroservices/kitchen-service/test/test_sender_receiver.go:130.49,131.30 1 0
github.com/w-k-s/McMicroservices/kitchen-service/test/test_sender_receiver.go:131.30,134.5 2 0
github.com/w-k-s/McMicroservices/kitchen-service/test/test_sender_receiver.go:139.73,141.2 1 0
github.com/w-k-s/McMicroservices/kitchen-service/test/test_sender_receiver.go:143.47,145.2 1 0
github.com/w-k-s/McMicroservices/kitchen-service/test/test_sender_receiver.go:149.52,151.2 1 0
github.com/w-k-s/McMicroservices/kitchen-service/test/test_sender_receiver.go:157.37,159.22 2 0
github.com/w-k-s/McMicroservices/kitchen-service/test/test_sender_receiver.go:162.2,162.12 1 0
github.com/w-k-s/McMicroservices/kitchen-service/test/test_sender_receiver.go:159.22,161.3 1 0
github.com/w-k-s/McMicroservices/kitchen-service/test/test_sender_receiver.go:165.61,166.24 1 0
github.com/w-k-s/McMicroservices/kitchen-service/test/test_sender_receiver.go:169.2,169.20 1 0
github.com/w-k-s/McMicroservices/kitchen-service/test/test_sender_receiver.go:166.24,168.3 1 0
github.com/w-k-s/McMicroservices/kitchen-service/test/test_sender_receiver.go:172.67,174.2 1 0
github.com/w-k-s/McMicroservices/kitchen-service/test/test_sender_receiver.go:176.43,178.22 2 0
github.com/w-k-s/McMicroservices/kitchen-service/test/test_sender_receiver.go:181.2,181.20 1 0
github.com/w-k-s/McMicroservices/kitchen-service/test/test_sender_receiver.go:178.22,180.3 1 0
github.com/w-k-s/McMicroservices/kitchen-service/test/test_sender_receiver.go:184.35,185.19 1 0
github.com/w-k-s/McMicroservices/kitchen-service/test/test_sender_receiver.go:185.19,187.3 1 0
github.com/w-k-s/McMicroservices/kitchen-service/internal/server/stock_handler.go:23.93,35.2 4 0
github.com/w-k-s/McMicroservices/kitchen-service/internal/server/stock_handler.go:37.74,44.64 2 0
github.com/w-k-s/McMicroservices/kitchen-service/internal/server/stock_handler.go:49.2,49.42 1 0
github.com/w-k-s/McMicroservices/kitchen-service/internal/server/stock_handler.go:44.64,47.3 2 0
github.com/w-k-s/McMicroservices/kitchen-service/internal/server/stock_handler.go:52.31,54.2 1 0
github.com/w-k-s/McMicroservices/kitchen-service/internal/server/stock_handler.go:56.69,62.132 2 0
github.com/w-k-s/McMicroservices/kitchen-service/internal/server/stock_handler.go:66.2,71.20 1 0
github.com/w-k-s/McMicroservices/kitchen-service/internal/server/stock_handler.go:75.2,83.16 1 0
github.com/w-k-s/McMicroservices/kitchen-service/internal/server/stock_handler.go:87.2,87.12 1 0
github.com/w-k-s/McMicroservices/kitchen-service/internal/server/stock_handler.go:62.132,64.3 1 0
github.com/w-k-s/McMicroservices/kitchen-service/internal/server/stock_handler.go:71.20,73.3 1 0
github.com/w-k-s/McMicroservices/kitchen-service/internal/server/stock_handler.go:83.16,85.3 1 0
github.com/w-k-s/McMicroservices/kitchen-service/internal/server/stock_handler.go:87.12,88.7 1 0
github.com/w-k-s/McMicroservices/kitchen-service/internal/server/stock_handler.go:88.7,89.11 1 0
github.com/w-k-s/McMicroservices/kitchen-service/internal/server/stock_handler.go:90.22,91.11 1 0
github.com/w-k-s/McMicroservices/kitchen-service/internal/server/stock_handler.go:92.37,94.13 2 0
github.com/w-k-s/McMicroservices/kitchen-service/internal/server/stock_handler.go:100.77,110.64 5 0
github.com/w-k-s/McMicroservices/kitchen-service/internal/server/stock_handler.go:115.2,115.99 1 0
github.com/w-k-s/McMicroservices/kitchen-service/internal/server/stock_handler.go:120.2,120.78 1 0
github.com/w-k-s/McMicroservices/kitchen-service/internal/server/stock_handler.go:110.64,113.3 2 0
github.com/w-k-s/McMicroservices/kitchen-service/internal/server/stock_handler.go:115.99,118.3 2 0
github.com/w-k-s/McMicroservices/kitchen-service/internal/persistence/dao.go:18.55,24.88 2 0
github.com/w-k-s/McMicroservices/kitchen-service/internal/persistence/dao.go:28.2,32.43 4 0
github.com/w-k-s/McMicroservices/kitchen-service/internal/persistence/dao.go:35.2,35.16 1 0
github.com/w-k-s/McMicroservices/kitchen-service/internal/persistence/dao.go:24.88,26.3 1 0
github.com/w-k-s/McMicroservices/kitchen-service/internal/persistence/dao.go:32.43,34.3 1 0
github.com/w-k-s/McMicroservices/kitchen-service/internal/persistence/dao.go:38.50,43.46 2 0
github.com/w-k-s/McMicroservices/kitchen-service/internal/persistence/dao.go:46.2,46.11 1 0
github.com/w-k-s/McMicroservices/kitchen-service/internal/persistence/dao.go:43.46,45.3 1 0
github.com/w-k-s/McMicroservices/kitchen-service/internal/persistence/dao.go:49.48,55.42 2 0
github.com/w-k-s/McMicroservices/kitchen-service/internal/persistence/dao.go:58.2,58.16 1 0
github.com/w-k-s/McMicroservices/kitchen-service/internal/persistence/dao.go:55.42,57.3 1 0
github.com/w-k-s/McMicroservices/kitchen-service/internal/persistence/dao.go:61.41,67.42 2 0
github.com/w-k-s/McMicroservices/kitchen-service/internal/persistence/dao.go:70.2,70.11 1 0
github.com/w-k-s/McMicroservices/kitchen-service/internal/persistence/dao.go:67.42,69.3 1 0
github.com/w-k-s/McMicroservices/kitchen-service/internal/persistence/dao.go:73.40,74.44 1 0
github.com/w-k-s/McMicroservices/kitchen-service/internal/persistence/dao.go:83.2,94.63 4 0
github.com/w-k-s/McMicroservices/kitchen-service/internal/persistence/dao.go:97.2,97.12 1 0
github.com/w-k-s/McMicroservices/kitchen-service/internal/persistence/dao.go:74.44,76.17 2 0
github.com/w-k-s/McMicroservices/kitchen-service/internal/persistence/dao.go:80.3,80.13 1 0
github.com/w-k-s/McMicroservices/kitchen-service/internal/persistence/dao.go:76.17,79.4 2 0
github.com/w-k-s/McMicroservices/kitchen-service/internal/persistence/dao.go:94.63,96.3 1 0
github.com/w-k-s/McMicroservices/kitchen-service/internal/config/configsource_s3.go:24.86,30.2 1 0
github.com/w-k-s/McMicroservices/kitchen-service/internal/config/configsource_s3.go:37.47,40.42 3 0
github.com/w-k-s/McMicroservices/kitchen-service/internal/config/configsource_s3.go:43.2,46.8 1 0
github.com/w-k-s/McMicroservices/kitchen-service/internal/config/configsource_s3.go:40.42,42.3 1 0
github.com/w-k-s/McMicroservices/kitchen-service/internal/config/configsource_s3.go:49.32,51.2 1 0
github.com/w-k-s/McMicroservices/kitchen-service/internal/config/configsource_s3.go:53.74,58.72 2 0
github.com/w-k-s/McMicroservices/kitchen-service/internal/config/configsource_s3.go:69.2,69.16 1 0
github.com/w-k-s/McMicroservices/kitchen-service/internal/config/configsource_s3.go:73.2,78.62 4 0
github.com/w-k-s/McMicroservices/kitchen-service/internal/config/configsource_s3.go:82.2,83.16 2 0
github.com/w-k-s/McMicroservices/kitchen-service/internal/config/configsource_s3.go:88.2,89.54 2 0
github.com/w-k-s/McMicroservices/kitchen-service/internal/config/configsource_s3.go:93.2,96.17 1 0
github.com/w-k-s/McMicroservices/kitchen-service/internal/config/configsource_s3.go:104.2,105.16 2 0
github.com/w-k-s/McMicroservices/kitchen-service/internal/config/configsource_s3.go:108.2,108.24 1 0
github.com/w-k-s/McMicroservices/kitchen-service/internal/config/configsource_s3.go:58.72,60.3 1 0
github.com/w-k-s/McMicroservices/kitchen-service/internal/config/configsource_s3.go:60.8,67.3 1 0
github.com/w-k-s/McMicroservices/kitchen-service/internal/config/configsource_s3.go:69.16,71.3 1 0
github.com/w-k-s/McMicroservices/kitchen-service/internal/config/configsource_s3.go:78.62,80.3 1 0
github.com/w-k-s/McMicroservices/kitchen-service/internal/config/configsource_s3.go:83.16,85.3 1 0
github.com/w-k-s/McMicroservices/kitchen-service/internal/config/configsource_s3.go:89.54,91.3 1 0
github.com/w-k-s/McMicroservices/kitchen-service/internal/config/configsource_s3.go:96.17,98.43 2 0
github.com/w-k-s/McMicroservices/kitchen-service/internal/config/configsource_s3.go:101.3,101.95 1 0
github.com/w-k-s/McMicroservices/kitchen-service/internal/config/configsource_s3.go:98.43,100.4 1 0
github.com/w-k-s/McMicroservices/kitchen-service/internal/config/configsource_s3.go:105.16,107.3 1 0
github.com/w-k-s/McMicroservices/kitchen-service/internal/persistence/migrations.go:16.61,20.35 3 0
github.com/w-k-s/McMicroservices/kitchen-service/internal/persistence/migrations.go:24.2,33.17 2 0
github.com/w-k-s/McMicroservices/kitchen-service/internal/persistence/migrations.go:37.2,37.108 1 0
github.com/w-k-s/McMicroservices/kitchen-service/internal/persistence/migrations.go:41.2,41.69 1 0
github.com/w-k-s/McMicroservices/kitchen-service/internal/persistence/migrations.go:45.2,45.12 1 0
github.com/w-k-s/McMicroservices/kitchen-service/internal/persistence/migrations.go:20.35,22.3 1 0
github.com/w-k-s/McMicroservices/kitchen-service/internal/persistence/migrations.go:33.17,35.3 1 0
github.com/w-k-s/McMicroservices/kitchen-service/internal/persistence/migrations.go:37.108,39.3 1 0
github.com/w-k-s/McMicroservices/kitchen-service/internal/persistence/migrations.go:41.69,43.3 1 0
github.com/w-k-s/McMicroservices/kitchen-service/internal/persistence/migrations.go:48.61,49.54 1 0
github.com/w-k-s/McMicroservices/kitchen-service/internal/persistence/migrations.go:52.2,52.34 1 0
github.com/w-k-s/McMicroservices/kitchen-service/internal/persistence/migrations.go:49.54,51.3 1 0
github.com/w-k-s/McMicroservices/kitchen-service/internal/persistence/stock_dao.go:17.50,18.17 1 0
github.com/w-k-s/McMicroservices/kitchen-service/internal/persistence/stock_dao.go:21.2,21.41 1 0
github.com/w-k-s/McMicroservices/kitchen-service/internal/persistence/stock_dao.go:18.17,20.3 1 0
github.com/w-k-s/McMicroservices/kitchen-service/internal/persistence/stock_dao.go:24.91,27.29 2 0
github.com/w-k-s/McMicroservices/kitchen-service/internal/persistence/stock_dao.go:54.2,54.12 1 0
github.com/w-k-s/McMicroservices/kitchen-service/internal/persistence/stock_dao.go:27.29,49.17 2 0
github.com/w-k-s/McMicroservices/kitchen-service/internal/persistence/stock_dao.go:49.17,51.4 1 0
github.com/w-k-s/McMicroservices/kitchen-service/internal/persistence/stock_dao.go:57.91,64.29 2 0
github.com/w-k-s/McMicroservices/kitchen-service/internal/persistence/stock_dao.go:89.2,89.12 1 0
github.com/w-k-s/McMicroservices/kitchen-service/internal/persistence/stock_dao.go:64.29,79.17 2 0
github.com/w-k-s/McMicroservices/kitchen-service/internal/persistence/stock_dao.go:82.3,82.57 1 0
github.com/w-k-s/McMicroservices/kitchen-service/internal/persistence/stock_dao.go:85.3,85.24 1 0
github.com/w-k-s/McMicroservices/kitchen-service/internal/persistence/stock_dao.go:79.17,81.4 1 0
github.com/w-k-s/McMicroservices/kitchen-service/internal/persistence/stock_dao.go:82.57,84.4 1 0
github.com/w-k-s/McMicroservices/kitchen-service/internal/persistence/stock_dao.go:85.24,87.4 1 0
github.com/w-k-s/McMicroservices/kitchen-service/internal/persistence/stock_dao.go:92.82,106.16 3 0
github.com/w-k-s/McMicroservices/kitchen-service/internal/persistence/stock_dao.go:109.2,112.18 3 0
github.com/w-k-s/McMicroservices/kitchen-service/internal/persistence/stock_dao.go:132.2,132.19 1 0
github.com/w-k-s/McMicroservices/kitchen-service/internal/persistence/stock_dao.go:106.16,108.3 1 0
github.com/w-k-s/McMicroservices/kitchen-service/internal/persistence/stock_dao.go:112.18,118.49 2 0
github.com/w-k-s/McMicroservices/kitchen-service/internal/persistence/stock_dao.go:123.3,124.58 2 0
github.com/w-k-s/McMicroservices/kitchen-service/internal/persistence/stock_dao.go:129.3,129.30 1 0
github.com/w-k-s/McMicroservices/kitchen-service/internal/persistence/stock_dao.go:118.49,120.12 2 0
github.com/w-k-s/McMicroservices/kitchen-service/internal/persistence/stock_dao.go:124.58,126.12 2 0
github.com/w-k-s/McMicroservices/kitchen-service/cmd/server/main.go:19.13,30.2 5 1
github.com/w-k-s/McMicroservices/kitchen-service/cmd/server/main.go:32.13,43.2 5 0
github.com/w-k-s/McMicroservices/kitchen-service/internal/server/handler.go:16.83,20.42 4 0
github.com/w-k-s/McMicroservices/kitchen-service/internal/server/handler.go:20.42,22.3 1 0
github.com/w-k-s/McMicroservices/kitchen-service/internal/server/handler.go:25.107,28.42 3 0
github.com/w-k-s/McMicroservices/kitchen-service/internal/server/handler.go:32.2,32.13 1 0
github.com/w-k-s/McMicroservices/kitchen-service/internal/server/handler.go:28.42,31.3 2 0
github.com/w-k-s/McMicroservices/kitchen-service/internal/server/handler.go:35.89,45.40 7 0
github.com/w-k-s/McMicroservices/kitchen-service/internal/server/handler.go:56.2,64.35 1 0
github.com/w-k-s/McMicroservices/kitchen-service/internal/server/handler.go:45.40,51.46 5 0
github.com/w-k-s/McMicroservices/kitchen-service/internal/server/handler.go:51.46,53.4 1 0
github.com/w-k-s/McMicroservices/kitchen-service/internal/server/handler.go:64.35,66.3 1 0
github.com/w-k-s/McMicroservices/kitchen-service/internal/server/handler.go:69.63,70.16 1 0
github.com/w-k-s/McMicroservices/kitchen-service/internal/server/handler.go:73.2,73.15 1 0
github.com/w-k-s/McMicroservices/kitchen-service/internal/server/handler.go:70.16,72.3 1 0
github.com/w-k-s/McMicroservices/kitchen-service/internal/config/config_broker.go:7.47,9.2 1 0
github.com/w-k-s/McMicroservices/kitchen-service/internal/config/config_broker.go:13.16,17.2 1 0
github.com/w-k-s/McMicroservices/kitchen-service/pkg/kitchen/stock.go:21.63,28.77 2 0
github.com/w-k-s/McMicroservices/kitchen-service/pkg/kitchen/stock.go:32.2,35.8 1 0
github.com/w-k-s/McMicroservices/kitchen-service/pkg/kitchen/stock.go:28.77,30.3 1 0
github.com/w-k-s/McMicroservices/kitchen-service/pkg/kitchen/stock.go:38.48,39.16 1 0
github.com/w-k-s/McMicroservices/kitchen-service/pkg/kitchen/stock.go:42.2,42.13 1 0
github.com/w-k-s/McMicroservices/kitchen-service/pkg/kitchen/stock.go:39.16,41.3 1 0
github.com/w-k-s/McMicroservices/kitchen-service/pkg/kitchen/stock.go:45.70,47.2 1 0
github.com/w-k-s/McMicroservices/kitchen-service/pkg/kitchen/stock.go:49.34,51.2 1 0
github.com/w-k-s/McMicroservices/kitchen-service/pkg/kitchen/stock.go:53.33,55.2 1 0
github.com/w-k-s/McMicroservices/kitchen-service/pkg/kitchen/stock.go:57.36,59.2 1 0
github.com/w-k-s/McMicroservices/kitchen-service/pkg/kitchen/stock.go:63.37,63.55 1 0
github.com/w-k-s/McMicroservices/kitchen-service/pkg/kitchen/stock.go:64.37,64.68 1 0
github.com/w-k-s/McMicroservices/kitchen-service/pkg/kitchen/stock.go:65.37,65.75 1 0
github.com/w-k-s/McMicroservices/kitchen-service/pkg/persistence/dao.go:25.50,26.15 1 0
github.com/w-k-s/McMicroservices/kitchen-service/pkg/persistence/dao.go:29.2,29.62 1 0
github.com/w-k-s/McMicroservices/kitchen-service/pkg/persistence/dao.go:26.15,28.3 1 0
github.com/w-k-s/McMicroservices/kitchen-service/pkg/persistence/dao.go:29.62,31.3 1 0
github.com/w-k-s/McMicroservices/kitchen-service/pkg/persistence/dao.go:34.33,35.15 1 0
github.com/w-k-s/McMicroservices/kitchen-service/pkg/persistence/dao.go:38.2,38.60 1 0
github.com/w-k-s/McMicroservices/kitchen-service/pkg/persistence/dao.go:41.2,41.12 1 0
github.com/w-k-s/McMicroservices/kitchen-service/pkg/persistence/dao.go:35.15,37.3 1 0
github.com/w-k-s/McMicroservices/kitchen-service/pkg/persistence/dao.go:38.60,40.3 1 0
github.com/w-k-s/McMicroservices/kitchen-service/pkg/services/stock_service.go:41.66,42.21 1 0
github.com/w-k-s/McMicroservices/kitchen-service/pkg/services/stock_service.go:46.2,48.8 1 0
[...]
github.com/w-k-s/McMicroservices/kitchen-service/test/test_sender_receiver.go:119.12,123.3 3 1
github.com/w-k-s/McMicroservices/kitchen-service/test/test_sender_receiver.go:125.6,126.10 1 1
github.com/w-k-s/McMicroservices/kitchen-service/test/test_sender_receiver.go:127.15,129.24 2 0
github.com/w-k-s/McMicroservices/kitchen-service/test/test_sender_receiver.go:130.49,131.30 1 1
github.com/w-k-s/McMicroservices/kitchen-service/test/test_sender_receiver.go:131.30,134.5 2 1
github.com/w-k-s/McMicroservices/kitchen-service/test/test_sender_receiver.go:139.73,141.2 1 1
github.com/w-k-s/McMicroservices/kitchen-service/test/test_sender_receiver.go:143.47,145.2 1 1
github.com/w-k-s/McMicroservices/kitchen-service/test/test_sender_receiver.go:149.52,151.2 1 1
github.com/w-k-s/McMicroservices/kitchen-service/test/test_sender_receiver.go:157.37,159.22 2 0
github.com/w-k-s/McMicroservices/kitchen-service/test/test_sender_receiver.go:162.2,162.12 1 0
github.com/w-k-s/McMicroservices/kitchen-service/test/test_sender_receiver.go:159.22,161.3 1 0
github.com/w-k-s/McMicroservices/kitchen-service/test/test_sender_receiver.go:165.61,166.24 1 1
github.com/w-k-s/McMicroservices/kitchen-service/test/test_sender_receiver.go:169.2,169.20 1 1
github.com/w-k-s/McMicroservices/kitchen-service/test/test_sender_receiver.go:166.24,168.3 1 0
github.com/w-k-s/McMicroservices/kitchen-service/test/test_sender_receiver.go:172.67,174.2 1 0
github.com/w-k-s/McMicroservices/kitchen-service/test/test_sender_receiver.go:176.43,178.22 2 1
github.com/w-k-s/McMicroservices/kitchen-service/test/test_sender_receiver.go:181.2,181.20 1 1
github.com/w-k-s/McMicroservices/kitchen-service/test/test_sender_receiver.go:178.22,180.3 1 1
github.com/w-k-s/McMicroservices/kitchen-service/test/test_sender_receiver.go:184.35,185.19 1 1
github.com/w-k-s/McMicroservices/kitchen-service/test/test_sender_receiver.go:185.19,187.3 1 1
github.com/w-k-s/McMicroservices/kitchen-service/internal/persistence/stock_dao.go:17.50,18.17 1 1
github.com/w-k-s/McMicroservices/kitchen-service/internal/persistence/stock_dao.go:21.2,21.41 1 1
github.com/w-k-s/McMicroservices/kitchen-service/internal/persistence/stock_dao.go:18.17,20.3 1 0
github.com/w-k-s/McMicroservices/kitchen-service/internal/persistence/stock_dao.go:24.91,27.29 2 1
github.com/w-k-s/McMicroservices/kitchen-service/internal/persistence/stock_dao.go:54.2,54.12 1 1
github.com/w-k-s/McMicroservices/kitchen-service/internal/persistence/stock_dao.go:27.29,49.17 2 1
github.com/w-k-s/McMicroservices/kitchen-service/internal/persistence/stock_dao.go:49.17,51.4 1 0
github.com/w-k-s/McMicroservices/kitchen-service/internal/persistence/stock_dao.go:57.91,64.29 2 1
github.com/w-k-s/McMicroservices/kitchen-service/internal/persistence/stock_dao.go:89.2,89.12 1 1
github.com/w-k-s/McMicroservices/kitchen-service/internal/persistence/stock_dao.go:64.29,79.17 2 1
github.com/w-k-s/McMicroservices/kitchen-service/internal/persistence/stock_dao.go:82.3,82.57 1 1
github.com/w-k-s/McMicroservices/kitchen-service/internal/persistence/stock_dao.go:85.3,85.24 1 1
github.com/w-k-s/McMicroservices/kitchen-service/internal/persistence/stock_dao.go:79.17,81.4 1 0
github.com/w-k-s/McMicroservices/kitchen-service/internal/persistence/stock_dao.go:82.57,84.4 1 0
github.com/w-k-s/McMicroservices/kitchen-service/internal/persistence/stock_dao.go:85.24,87.4 1 1
github.com/w-k-s/McMicroservices/kitchen-service/internal/persistence/stock_dao.go:92.82,106.16 3 1
github.com/w-k-s/McMicroservices/kitchen-service/internal/persistence/stock_dao.go:109.2,112.18 3 1
github.com/w-k-s/McMicroservices/kitchen-service/internal/persistence/stock_dao.go:132.2,132.19 1 1
github.com/w-k-s/McMicroservices/kitchen-service/internal/persistence/stock_dao.go:106.16,108.3 1 0
github.com/w-k-s/McMicroservices/kitchen-service/internal/persistence/stock_dao.go:112.18,118.49 2 1
github.com/w-k-s/McMicroservices/kitchen-service/internal/persistence/stock_dao.go:123.3,124.58 2 1
github.com/w-k-s/McMicroservices/kitchen-service/internal/persistence/stock_dao.go:129.3,129.30 1 1
github.com/w-k-s/McMicroservices/kitchen-service/internal/persistence/stock_dao.go:118.49,120.12 2 0
github.com/w-k-s/McMicroservices/kitchen-service/internal/persistence/stock_dao.go:124.58,126.12 2 0
github.com/w-k-s/McMicroservices/kitchen-service/internal/server/application.go:34.38,36.2 1 0
github.com/w-k-s/McMicroservices/kitchen-service/internal/server/application.go:38.45,39.19 1 1
github.com/w-k-s/McMicroservices/kitchen-service/internal/server/application.go:43.2,63.17 10 1
github.com/w-k-s/McMicroservices/kitchen-service/internal/server/application.go:39.19,41.3 1 0
github.com/w-k-s/McMicroservices/kitchen-service/internal/server/application.go:66.37,67.16 1 0
github.com/w-k-s/McMicroservices/kitchen-service/internal/server/application.go:70.2,70.12 1 0
github.com/w-k-s/McMicroservices/kitchen-service/internal/server/application.go:67.16,69.3 1 0
github.com/w-k-s/McMicroservices/kitchen-service/internal/server/application.go:73.34,82.12 2 0
github.com/w-k-s/McMicroservices/kitchen-service/internal/server/application.go:89.2,97.45 6 0
github.com/w-k-s/McMicroservices/kitchen-service/internal/server/application.go:82.12,83.49 1 0
github.com/w-k-s/McMicroservices/kitchen-service/internal/server/application.go:83.49,85.4 1 0
github.com/w-k-s/McMicroservices/kitchen-service/internal/server/application.go:97.45,99.3 1 0
github.com/w-k-s/McMicroservices/kitchen-service/internal/server/application.go:102.38,104.2 1 1
github.com/w-k-s/McMicroservices/kitchen-service/internal/server/application.go:106.25,107.15 1 0
github.com/w-k-s/McMicroservices/kitchen-service/internal/server/application.go:112.2,116.50 3 0
github.com/w-k-s/McMicroservices/kitchen-service/internal/server/application.go:120.2,120.48 1 0
github.com/w-k-s/McMicroservices/kitchen-service/internal/server/application.go:124.2,124.48 1 0
github.com/w-k-s/McMicroservices/kitchen-service/internal/server/application.go:128.2,128.40 1 0
github.com/w-k-s/McMicroservices/kitchen-service/internal/server/application.go:107.15,108.31 1 0
github.com/w-k-s/McMicroservices/kitchen-service/internal/server/application.go:108.31,110.4 1 0
github.com/w-k-s/McMicroservices/kitchen-service/internal/server/application.go:116.50,118.3 1 0
github.com/w-k-s/McMicroservices/kitchen-service/internal/server/application.go:120.48,122.3 1 0
github.com/w-k-s/McMicroservices/kitchen-service/internal/server/application.go:124.48,126.3 1 0
github.com/w-k-s/McMicroservices/kitchen-service/internal/server/application.go:128.40,130.3 1 0
github.com/w-k-s/McMicroservices/kitchen-service/internal/server/application.go:133.42,138.2 2 1
github.com/w-k-s/McMicroservices/kitchen-service/internal/server/application.go:140.41,149.2 5 1
github.com/w-k-s/McMicroservices/kitchen-service/internal/server/application.go:151.41,155.2 3 1
github.com/w-k-s/McMicroservices/kitchen-service/internal/server/order_handler.go:30.16,43.2 4 1
github.com/w-k-s/McMicroservices/kitchen-service/internal/server/order_handler.go:45.65,51.125 2 1
github.com/w-k-s/McMicroservices/kitchen-service/internal/server/order_handler.go:55.2,61.16 1 1
github.com/w-k-s/McMicroservices/kitchen-service/internal/server/order_handler.go:65.2,73.16 1 1
github.com/w-k-s/McMicroservices/kitchen-service/internal/server/order_handler.go:77.2,77.12 1 1
github.com/w-k-s/McMicroservices/kitchen-service/internal/server/order_handler.go:51.125,53.3 1 0
github.com/w-k-s/McMicroservices/kitchen-service/internal/server/order_handler.go:61.16,63.3 1 0
github.com/w-k-s/McMicroservices/kitchen-service/internal/server/order_handler.go:73.16,75.3 1 0
github.com/w-k-s/McMicroservices/kitchen-service/internal/server/order_handler.go:77.12,78.7 1 1
github.com/w-k-s/McMicroservices/kitchen-service/internal/server/order_handler.go:78.7,79.11 1 1
github.com/w-k-s/McMicroservices/kitchen-service/internal/server/order_handler.go:80.22,81.11 1 0
github.com/w-k-s/McMicroservices/kitchen-service/internal/server/order_handler.go:82.37,84.26 2 1
github.com/w-k-s/McMicroservices/kitchen-service/internal/server/order_handler.go:87.5,88.22 2 1
github.com/w-k-s/McMicroservices/kitchen-service/internal/server/order_handler.go:91.5,99.21 1 1
github.com/w-k-s/McMicroservices/kitchen-service/internal/server/order_handler.go:84.26,85.14 1 0
github.com/w-k-s/McMicroservices/kitchen-service/internal/server/order_handler.go:88.22,89.11 1 0
github.com/w-k-s/McMicroservices/kitchen-service/internal/server/order_handler.go:99.21,101.6 1 0
github.com/w-k-s/McMicroservices/kitchen-service/internal/server/order_handler.go:108.32,110.2 1 0
github.com/w-k-s/McMicroservices/kitchen-service/internal/server/order_handler.go:112.97,122.53 4 1
github.com/w-k-s/McMicroservices/kitchen-service/internal/server/order_handler.go:128.2,128.86 1 1
github.com/w-k-s/McMicroservices/kitchen-service/internal/server/order_handler.go:131.2,131.67 1 1
github.com/w-k-s/McMicroservices/kitchen-service/internal/server/order_handler.go:122.53,126.3 2 0
github.com/w-k-s/McMicroservices/kitchen-service/internal/server/order_handler.go:128.86,130.3 1 1
github.com/w-k-s/McMicroservices/kitchen-service/pkg/kitchen/errors.go:37.34,40.39 3 0
github.com/w-k-s/McMicroservices/kitchen-service/pkg/kitchen/errors.go:43.2,43.13 1 0
github.com/w-k-s/McMicroservices/kitchen-service/pkg/kitchen/errors.go:40.39,42.3 1 0
github.com/w-k-s/McMicroservices/kitchen-service/pkg/kitchen/errors.go:46.33,47.11 1 0
github.com/w-k-s/McMicroservices/kitchen-service/pkg/kitchen/errors.go:48.27,49.14 1 0
github.com/w-k-s/McMicroservices/kitchen-service/pkg/kitchen/errors.go:50.24,51.14 1 0
github.com/w-k-s/McMicroservices/kitchen-service/pkg/kitchen/errors.go:52.28,53.31 1 0
github.com/w-k-s/McMicroservices/kitchen-service/pkg/kitchen/errors.go:55.31,56.14 1 0
github.com/w-k-s/McMicroservices/kitchen-service/pkg/kitchen/errors.go:57.24,58.14 1 0
github.com/w-k-s/McMicroservices/kitchen-service/pkg/kitchen/errors.go:59.22,60.14 1 0
github.com/w-k-s/McMicroservices/kitchen-service/pkg/kitchen/errors.go:61.18,62.14 1 0
github.com/w-k-s/McMicroservices/kitchen-service/pkg/kitchen/errors.go:63.10,64.40 1 0
github.com/w-k-s/McMicroservices/kitchen-service/pkg/kitchen/errors.go:82.41,84.2 1 1
github.com/w-k-s/McMicroservices/kitchen-service/pkg/kitchen/errors.go:86.38,88.2 1 0
github.com/w-k-s/McMicroservices/kitchen-service/pkg/kitchen/errors.go:90.39,92.2 1 1
github.com/w-k-s/McMicroservices/kitchen-service/pkg/kitchen/errors.go:94.51,96.2 1 0
github.com/w-k-s/McMicroservices/kitchen-service/pkg/kitchen/errors.go:98.40,100.2 1 0
github.com/w-k-s/McMicroservices/kitchen-service/pkg/kitchen/errors.go:102.66,109.2 1 1
github.com/w-k-s/McMicroservices/kitchen-service/pkg/kitchen/errors.go:111.102,118.2 1 0
github.com/w-k-s/McMicroservices/kitchen-service/pkg/kitchen/errors.go:120.77,121.22 1 1
github.com/w-k-s/McMicroservices/kitchen-service/pkg/kitchen/errors.go:125.2,126.47 2 0
github.com/w-k-s/McMicroservices/kitchen-service/pkg/kitchen/errors.go:130.2,131.40 2 0
github.com/w-k-s/McMicroservices/kitchen-service/pkg/kitchen/errors.go:134.2,137.14 2 0
github.com/w-k-s/McMicroservices/kitchen-service/pkg/kitchen/errors.go:121.22,123.3 1 1
github.com/w-k-s/McMicroservices/kitchen-service/pkg/kitchen/errors.go:126.47,128.3 1 0
github.com/w-k-s/McMicroservices/kitchen-service/pkg/kitchen/errors.go:131.40,133.3 1 0
github.com/w-k-s/McMicroservices/kitchen-service/internal/persistence/dao.go:18.55,24.88 2 1
github.com/w-k-s/McMicroservices/kitchen-service/internal/persistence/dao.go:28.2,32.43 4 1
github.com/w-k-s/McMicroservices/kitchen-service/internal/persistence/dao.go:35.2,35.16 1 1
github.com/w-k-s/McMicroservices/kitchen-service/internal/persistence/dao.go:24.88,26.3 1 0
github.com/w-k-s/McMicroservices/kitchen-service/internal/persistence/dao.go:32.43,34.3 1 0
github.com/w-k-s/McMicroservices/kitchen-service/internal/persistence/dao.go:38.50,43.46 2 1
github.com/w-k-s/McMicroservices/kitchen-service/internal/persistence/dao.go:46.2,46.11 1 1
github.com/w-k-s/McMicroservices/kitchen-service/internal/persistence/dao.go:43.46,45.3 1 0
github.com/w-k-s/McMicroservices/kitchen-service/internal/persistence/dao.go:49.48,55.42 2 1
github.com/w-k-s/McMicroservices/kitchen-service/internal/persistence/dao.go:58.2,58.16 1 1
github.com/w-k-s/McMicroservices/kitchen-service/internal/persistence/dao.go:55.42,57.3 1 0
github.com/w-k-s/McMicroservices/kitchen-service/internal/persistence/dao.go:61.41,67.42 2 1
github.com/w-k-s/McMicroservices/kitchen-service/internal/persistence/dao.go:70.2,70.11 1 1
github.com/w-k-s/McMicroservices/kitchen-service/internal/persistence/dao.go:67.42,69.3 1 0
github.com/w-k-s/McMicroservices/kitchen-service/internal/persistence/dao.go:73.40,74.44 1 1
github.com/w-k-s/McMicroservices/kitchen-service/internal/persistence/dao.go:83.2,94.63 4 1
github.com/w-k-s/McMicroservices/kitchen-service/internal/persistence/dao.go:97.2,97.12 1 1
github.com/w-k-s/McMicroservices/kitchen-service/internal/persistence/dao.go:74.44,76.17 2 1
github.com/w-k-s/McMicroservices/kitchen-service/internal/persistence/dao.go:80.3,80.13 1 1
github.com/w-k-s/McMicroservices/kitchen-service/internal/persistence/dao.go:76.17,79.4 2 1
github.com/w-k-s/McMicroservices/kitchen-service/internal/persistence/dao.go:94.63,96.3 1 0
github.com/w-k-s/McMicroservices/kitchen-service/internal/persistence/migrations.go:16.61,20.35 3 1
github.com/w-k-s/McMicroservices/kitchen-service/internal/persistence/migrations.go:24.2,33.17 2 1
github.com/w-k-s/McMicroservices/kitchen-service/internal/persistence/migrations.go:37.2,37.108 1 1
github.com/w-k-s/McMicroservices/kitchen-service/internal/persistence/migrations.go:41.2,41.69 1 1
github.com/w-k-s/McMicroservices/kitchen-service/internal/persistence/migrations.go:45.2,45.12 1 1
github.com/w-k-s/McMicroservices/kitchen-service/internal/persistence/migrations.go:20.35,22.3 1 0
github.com/w-k-s/McMicroservices/kitchen-service/internal/persistence/migrations.go:33.17,35.3 1 0
github.com/w-k-s/McMicroservices/kitchen-service/internal/persistence/migrations.go:37.108,39.3 1 0
github.com/w-k-s/McMicroservices/kitchen-service/internal/persistence/migrations.go:41.69,43.3 1 0
github.com/w-k-s/McMicroservices/kitchen-service/internal/persistence/migrations.go:48.61,49.54 1 1
github.com/w-k-s/McMicroservices/kitchen-service/internal/persistence/migrations.go:52.2,52.34 1 1
github.com/w-k-s/McMicroservices/kitchen-service/internal/persistence/migrations.go:49.54,51.3 1 0
github.com/w-k-s/McMicroservices/kitchen-service/pkg/services/stock_service.go:41.66,42.21 1 1
github.com/w-k-s/McMicroservices/kitchen-service/pkg/services/stock_service.go:46.2,48.8 1 1
github.com/w-k-s/McMicroservices/kitchen-service/pkg/services/stock_service.go:42.21,44.3 1 0
github.com/w-k-s/McMicroservices/kitchen-service/pkg/services/stock_service.go:51.58,56.54 2 1
github.com/w-k-s/McMicroservices/kitchen-service/pkg/services/stock_service.go:59.2,59.12 1 1
github.com/w-k-s/McMicroservices/kitchen-service/pkg/services/stock_service.go:56.54,58.3 1 0
github.com/w-k-s/McMicroservices/kitchen-service/pkg/services/stock_service.go:62.80,70.16 3 1
github.com/w-k-s/McMicroservices/kitchen-service/pkg/services/stock_service.go:74.2,77.16 3 1
github.com/w-k-s/McMicroservices/kitchen-service/pkg/services/stock_service.go:81.2,81.37 1 1
github.com/w-k-s/McMicroservices/kitchen-service/pkg/services/stock_service.go:85.2,87.29 3 1
github.com/w-k-s/McMicroservices/kitchen-service/pkg/services/stock_service.go:91.2,91.34 1 1
github.com/w-k-s/McMicroservices/kitchen-service/pkg/services/stock_service.go:70.16,72.3 1 0
github.com/w-k-s/McMicroservices/kitchen-service/pkg/services/stock_service.go:77.16,79.3 1 0
github.com/w-k-s/McMicroservices/kitchen-service/pkg/services/stock_service.go:81.37,83.3 1 0
github.com/w-k-s/McMicroservices/kitchen-service/pkg/services/stock_service.go:87.29,89.3 1 1
github.com/w-k-s/McMicroservices/kitchen-service/pkg/services/stock_service.go:94.89,101.16 3 1
github.com/w-k-s/McMicroservices/kitchen-service/pkg/services/stock_service.go:105.2,108.40 3 1
github.com/w-k-s/McMicroservices/kitchen-service/pkg/services/stock_service.go:116.2,117.16 2 1
github.com/w-k-s/McMicroservices/kitchen-service/pkg/services/stock_service.go:121.2,121.37 1 1
github.com/w-k-s/McMicroservices/kitchen-service/pkg/services/stock_service.go:125.2,125.12 1 1
github.com/w-k-s/McMicroservices/kitchen-service/pkg/services/stock_service.go:101.16,103.3 1 0
github.com/w-k-s/McMicroservices/kitchen-service/pkg/services/stock_service.go:108.40,110.87 2 1
github.com/w-k-s/McMicroservices/kitchen-service/pkg/services/stock_service.go:113.3,113.41 1 1
github.com/w-k-s/McMicroservices/kitchen-service/pkg/services/stock_service.go:110.87,112.4 1 0
github.com/w-k-s/McMicroservices/kitchen-service/pkg/services/stock_service.go:117.16,119.3 1 0
github.com/w-k-s/McMicroservices/kitchen-service/pkg/services/stock_service.go:121.37,123.3 1 0
github.com/w-k-s/McMicroservices/kitchen-service/internal/server/health_handler.go:18.58,19.15 1 1
github.com/w-k-s/McMicroservices/kitchen-service/internal/server/health_handler.go:22.2,22.42 1 1
github.com/w-k-s/McMicroservices/kitchen-service/internal/server/health_handler.go:19.15,21.3 1 0
github.com/w-k-s/McMicroservices/kitchen-service/internal/server/health_handler.go:25.50,27.16 2 1
github.com/w-k-s/McMicroservices/kitchen-service/internal/server/health_handler.go:30.2,30.16 1 1
github.com/w-k-s/McMicroservices/kitchen-service/internal/server/health_handler.go:27.16,29.3 1 0
github.com/w-k-s/McMicroservices/kitchen-service/internal/server/health_handler.go:33.78,39.2 3 0
github.com/w-k-s/McMicroservices/kitchen-service/internal/server/health_handler.go:41.54,47.47 2 0
github.com/w-k-s/McMicroservices/kitchen-service/internal/server/health_handler.go:52.2,52.11 1 0
github.com/w-k-s/McMicroservices/kitchen-service/internal/server/health_handler.go:47.47,50.3 2 0
github.com/w-k-s/McMicroservices/kitchen-service/internal/server/health_handler.go:62.33,63.13 1 0
github.com/w-k-s/McMicroservices/kitchen-service/internal/server/health_handler.go:66.2,66.15 1 0
github.com/w-k-s/McMicroservices/kitchen-service/internal/server/health_handler.go:63.13,65.3 1 0
github.com/w-k-s/McMicroservices/kitchen-service/internal/server/health_handler.go:69.47,70.11 1 0
github.com/w-k-s/McMicroservices/kitchen-service/internal/server/health_handler.go:71.10,72.14 1 0
github.com/w-k-s/McMicroservices/kitchen-service/internal/server/health_handler.go:73.12,74.34 1 0
github.com/w-k-s/McMicroservices/kitchen-service/internal/server/health_handler.go:75.10,76.50 1 0
github.com/w-k-s/McMicroservices/kitchen-service/internal/server/health_handler.go:80.48,82.48 2 0
github.com/w-k-s/McMicroservices/kitchen-service/internal/server/health_handler.go:85.2,85.13 1 0
github.com/w-k-s/McMicroservices/kitchen-service/internal/server/health_handler.go:93.2,93.12 1 0
github.com/w-k-s/McMicroservices/kitchen-service/internal/server/health_handler.go:82.48,84.3 1 0
github.com/w-k-s/McMicroservices/kitchen-service/internal/server/health_handler.go:86.12,87.10 1 0
github.com/w-k-s/McMicroservices/kitchen-service/internal/server/health_handler.go:88.14,89.12 1 0
github.com/w-k-s/McMicroservices/kitchen-service/internal/server/health_handler.go:90.10,91.47 1 0
github.com/w-k-s/McMicroservices/kitchen-service/internal/server/health_handler.go:96.32,97.11 1 0
github.com/w-k-s/McMicroservices/kitchen-service/internal/server/health_handler.go:98.10,99.23 1 0
github.com/w-k-s/McMicroservices/kitchen-service/internal/server/health_handler.go:100.10,101.40 1 0
github.com/w-k-s/McMicroservices/kitchen-service/internal/server/health_handler.go:107.51,109.32 2 0
github.com/w-k-s/McMicroservices/kitchen-service/internal/server/health_handler.go:112.2,112.16 1 0
github.com/w-k-s/McMicroservices/kitchen-service/internal/server/health_handler.go:109.32,111.3 1 0
